"../../../Engine/Content/EditorBlueprintResources/StandardMacros.uasset" 0
"../../../Engine/Content/EngineSky/C_Sky_Cloud_Color.uasset" 1
"../../../Engine/Content/EngineSky/C_Sky_Horizon_Color.uasset" 2
"../../../Engine/Content/EngineSky/C_Sky_Zenith_Color.uasset" 3
"../../../Engine/Content/EngineSky/T_Sky_Blue.uasset" 4
"../../../Engine/Content/EngineSky/T_Sky_Clouds_M.uasset" 5
"../../../Engine/Content/EngineSky/T_Sky_Stars.uasset" 6
"../../../Engine/Content/EngineSky/SM_SkySphere.uasset" 7
"../../../Engine/Content/EngineSky/M_Sky_Panning_Clouds2.uasset" 8
"../../../Engine/Content/EngineSky/BP_Sky_Sphere.uasset" 9
"../../../Hero/Content/SGH/Building/Building_BP.uasset" 10
"../../../Hero/Content/HandPaintedEnvironment/Assets/Textures/Summer/Baker_house_normal.uasset" 11
"../../../Hero/Content/HandPaintedEnvironment/Assets/Textures/Summer/Baker_house_texture.uasset" 12
"../../../Hero/Content/HandPaintedEnvironment/Assets/Materials/Summer_mat/Baker_house.uasset" 13
"../../../Hero/Content/HandPaintedEnvironment/Assets/Models/Baker_house.uasset" 14
"../../../Hero/Content/SGH/Building/BakerHouse_BP.uasset" 15
"../../../Hero/Content/HandPaintedEnvironment/Assets/Textures/Summer/Forge_normal.uasset" 16
"../../../Hero/Content/HandPaintedEnvironment/Assets/Textures/Summer/Forge_texture.uasset" 17
"../../../Hero/Content/HandPaintedEnvironment/Assets/Materials/Summer_mat/Forge.uasset" 18
"../../../Hero/Content/HandPaintedEnvironment/Assets/Models/Forge.uasset" 19
"../../../Hero/Content/SGH/Building/Forge_BP.uasset" 20
"../../../Hero/Content/HandPaintedEnvironment/Assets/Textures/Summer/Large_house_normal.uasset" 21
"../../../Hero/Content/HandPaintedEnvironment/Assets/Textures/Summer/Large_house_texture.uasset" 22
"../../../Hero/Content/HandPaintedEnvironment/Assets/Materials/Summer_mat/Large_house.uasset" 23
"../../../Hero/Content/HandPaintedEnvironment/Assets/Models/Large_house.uasset" 24
"../../../Hero/Content/SGH/Building/LargeHouse_BP.uasset" 25
"../../../Hero/Content/HandPaintedEnvironment/Assets/Textures/Summer/Mill_normal.uasset" 26
"../../../Hero/Content/HandPaintedEnvironment/Assets/Textures/Summer/Mill_texture.uasset" 27
"../../../Hero/Content/HandPaintedEnvironment/Assets/Materials/Summer_mat/Mill.uasset" 28
"../../../Hero/Content/HandPaintedEnvironment/Assets/Models/Mill.uasset" 29
"../../../Hero/Content/HandPaintedEnvironment/Assets/Models/Mill_wings.uasset" 30
"../../../Hero/Content/SGH/Building/Mill_BP.uasset" 31
"../../../Hero/Content/HandPaintedEnvironment/Assets/Textures/Summer/Small_house_normal.uasset" 32
"../../../Hero/Content/HandPaintedEnvironment/Assets/Textures/Summer/Small_house_texture.uasset" 33
"../../../Hero/Content/HandPaintedEnvironment/Assets/Materials/Summer_mat/Small_house.uasset" 34
"../../../Hero/Content/HandPaintedEnvironment/Assets/Models/Small_house.uasset" 35
"../../../Hero/Content/SGH/Building/SmallHouse_BP.uasset" 36
"../../../Hero/Content/HandPaintedEnvironment/Assets/Textures/Summer/Town_Hall_normal.uasset" 37
"../../../Hero/Content/HandPaintedEnvironment/Assets/Textures/Summer/Town_Hall_texture.uasset" 38
"../../../Hero/Content/HandPaintedEnvironment/Assets/Materials/Summer_mat/TownHall.uasset" 39
"../../../Hero/Content/HandPaintedEnvironment/Assets/Models/Town_Hall.uasset" 40
"../../../Hero/Content/SGH/Building/TownHall_BP.uasset" 41
"../../../Hero/Content/HandPaintedEnvironment/Assets/Textures/Summer/Witch_house_normal.uasset" 42
"../../../Hero/Content/HandPaintedEnvironment/Assets/Textures/Summer/Witch_house_texture.uasset" 43
"../../../Hero/Content/HandPaintedEnvironment/Assets/Materials/Summer_mat/Witch_house.uasset" 44
"../../../Hero/Content/HandPaintedEnvironment/Assets/Models/Witch_house.uasset" 45
"../../../Hero/Content/SGH/Building/witchHouse_BP.uasset" 46
"../../../Engine/Content/Functions/Engine_MaterialFunctions01/Opacity/CameraDepthFade.uasset" 47
"../../../Engine/Content/EngineMaterials/T_Default_Material_Grid_M.uasset" 48
"../../../Engine/Content/EngineMaterials/T_Default_Material_Grid_N.uasset" 49
"../../../Engine/Content/EngineMaterials/WorldGridMaterial.uasset" 50
"../../../Hero/Content/GTFreeMaterials/Textures/Ground_GrassThickGreen/Ground_GrassThickGreen_2k_alb.uasset" 51
"../../../Hero/Content/GTFreeMaterials/Textures/Ground_GrassThickGreen/Ground_GrassThickGreen_2k_g.uasset" 52
"../../../Hero/Content/GTFreeMaterials/Textures/Ground_GrassThickGreen/Ground_GrassThickGreen_2k_h1.uasset" 53
"../../../Hero/Content/GTFreeMaterials/Textures/Ground_GrassThickGreen/Ground_GrassThickGreen_2k_n.uasset" 54
"../../../Hero/Content/GTFreeMaterials/Textures/T_MacroVariation2.uasset" 55
"../../../Hero/Content/GTFreeMaterials/Materials/Ground_GrassThickGreen.uasset" 56
"../../../Engine/Content/EngineMaterials/DefaultPhysicalMaterial.uasset" 57
"../../../Hero/Content/HandPaintedEnvironment/Assets/Textures/Summer/Rocks_1_2_normal.uasset" 58
"../../../Hero/Content/HandPaintedEnvironment/Assets/Textures/Summer/Rocks_1_2_texture.uasset" 59
"../../../Hero/Content/HandPaintedEnvironment/Assets/Materials/Summer_mat/Rocks_1_2.uasset" 60
"../../../Hero/Content/HandPaintedEnvironment/Assets/Models/Rock_1.uasset" 61
"../../../Hero/Content/HandPaintedEnvironment/Assets/Textures/Summer/Rocks_3_4_normal.uasset" 62
"../../../Hero/Content/HandPaintedEnvironment/Assets/Textures/Summer/Rocks_3_4_texture.uasset" 63
"../../../Hero/Content/HandPaintedEnvironment/Assets/Materials/Summer_mat/Rocks_3_4.uasset" 64
"../../../Hero/Content/HandPaintedEnvironment/Assets/Models/Rock_3.uasset" 65
"../../../Hero/Content/HandPaintedEnvironment/Assets/Models/Rock_4.uasset" 66
"../../../Hero/Content/HandPaintedEnvironment/Assets/Textures/Summer/Stone_tiles_normal.uasset" 67
"../../../Hero/Content/HandPaintedEnvironment/Assets/Textures/Summer/Stone_tiles_texture.uasset" 68
"../../../Hero/Content/HandPaintedEnvironment/Assets/Materials/Summer_mat/Tiles.uasset" 69
"../../../Hero/Content/HandPaintedEnvironment/Assets/Models/Tile_1.uasset" 70
"../../../Hero/Content/HandPaintedEnvironment/Assets/Models/Tile_2.uasset" 71
"../../../Hero/Content/HandPaintedEnvironment/Assets/Models/Tile_3.uasset" 72
"../../../Hero/Content/HandPaintedEnvironment/Assets/Models/Tile_4.uasset" 73
"../../../Hero/Content/HandPaintedEnvironment/Assets/Models/Tile_5.uasset" 74
"../../../Hero/Content/HandPaintedEnvironment/Assets/Models/Tile_6.uasset" 75
"../../../Hero/Content/HandPaintedEnvironment/Assets/Models/Tile_7.uasset" 76
"../../../Hero/Content/HandPaintedEnvironment/Assets/Textures/Summer/Tree_1_1_texture.uasset" 77
"../../../Hero/Content/HandPaintedEnvironment/Assets/Textures/Summer/Tree_1_alpha.uasset" 78
"../../../Hero/Content/HandPaintedEnvironment/Assets/Textures/Summer/Tree_1_normal.uasset" 79
"../../../Hero/Content/HandPaintedEnvironment/Assets/Materials/Summer_mat/Tree_1_1.uasset" 80
"../../../Hero/Content/HandPaintedEnvironment/Assets/Models/Tree_1.uasset" 81
"../../../Hero/Content/HandPaintedEnvironment/Assets/Textures/Summer/Tree_2_1_texture.uasset" 82
"../../../Hero/Content/HandPaintedEnvironment/Assets/Textures/Summer/Tree_2_alpha.uasset" 83
"../../../Hero/Content/HandPaintedEnvironment/Assets/Textures/Summer/Tree_2_normal.uasset" 84
"../../../Hero/Content/HandPaintedEnvironment/Assets/Materials/Summer_mat/Tree_2_1.uasset" 85
"../../../Hero/Content/HandPaintedEnvironment/Assets/Models/Tree_2.uasset" 86
"../../../Hero/Content/HandPaintedEnvironment/Assets/Textures/Summer/Tree_2_2_texture.uasset" 87
"../../../Hero/Content/HandPaintedEnvironment/Assets/Materials/Summer_mat/Tree_2_2.uasset" 88
"../../../Hero/Content/HandPaintedEnvironment/Assets/Models/Tree_2_1.uasset" 89
"../../../Hero/Content/HandPaintedEnvironment/Assets/Textures/Summer/Tree_1_2_texture.uasset" 90
"../../../Hero/Content/HandPaintedEnvironment/Assets/Materials/Summer_mat/Tree_1_2.uasset" 91
"../../../Hero/Content/HandPaintedEnvironment/Assets/Models/Tree_4.uasset" 92
"../../../Hero/Content/HandPaintedEnvironment/Assets/Textures/Summer/Well_normal.uasset" 93
"../../../Hero/Content/HandPaintedEnvironment/Assets/Textures/Summer/Well_texture.uasset" 94
"../../../Hero/Content/HandPaintedEnvironment/Assets/Materials/Summer_mat/Well.uasset" 95
"../../../Hero/Content/HandPaintedEnvironment/Assets/Models/Well.uasset" 96
"../../../Hero/Content/StarterContent/Audio/Starter_Birds01.uasset" 97
"../../../Hero/Content/StarterContent/Audio/Starter_Wind05.uasset" 98
"../../../Hero/Content/StarterContent/Audio/Starter_Wind06.uasset" 99
"../../../Hero/Content/StarterContent/Audio/Starter_Background_Cue.uasset" 100
"../../../Hero/Content/StarterContent/Maps/Minimal_Default.umap" 101
"../../../Engine/Content/EngineFonts/Roboto.uasset" 102
"../../../Engine/Content/Functions/Engine_MaterialFunctions01/Shading/PowerToRoughness.uasset" 103
"../../../Engine/Content/EngineMaterials/DefaultDiffuse.uasset" 104
"../../../Engine/Content/EngineMaterials/DefaultDeferredDecalMaterial.uasset" 105
"../../../Engine/Content/EngineMaterials/DefaultLightFunctionMaterial.uasset" 106
"../../../Engine/Content/Functions/Engine_MaterialFunctions02/Utility/BreakOutFloat2Components.uasset" 107
"../../../Engine/Content/EngineMaterials/DefaultPostProcessMaterial.uasset" 108
"../../../Engine/Content/EngineResources/DefaultTexture.uasset" 109
"../../../Engine/Content/Functions/Engine_MaterialFunctions02/Texturing/ScreenAlignedUVs.uasset" 110
"../../../Engine/Content/EngineResources/WhiteSquareTexture.uasset" 111
"../../../Engine/Content/EngineMaterials/Widget3DPassThrough.uasset" 112
"../../../Engine/Content/EngineMaterials/Widget3DPassThrough_Translucent.uasset" 113
"../../../Engine/Content/EngineMaterials/Widget3DPassThrough_Translucent_OneSided.uasset" 114
"../../../Engine/Content/EngineMaterials/Widget3DPassThrough_Opaque.uasset" 115
"../../../Engine/Content/EngineMaterials/Widget3DPassThrough_Opaque_OneSided.uasset" 116
"../../../Engine/Content/EngineMaterials/Widget3DPassThrough_Masked.uasset" 117
"../../../Engine/Content/EngineMaterials/Widget3DPassThrough_Masked_OneSided.uasset" 118
"../../../Engine/Content/EditorResources/S_Actor.uasset" 119
"../../../Engine/Content/EditorResources/S_Emitter.uasset" 120
"../../../Engine/Content/EditorResources/SceneManager.uasset" 121
"../../../Engine/Content/EditorResources/Bad.uasset" 122
"../../../Engine/Content/EditorResources/Bkgnd.uasset" 123
"../../../Engine/Content/EditorResources/BkgndHi.uasset" 124
"../../../Engine/Content/EditorMeshes/EditorCube.uasset" 125
"../../../Engine/Content/EditorMeshes/EditorSphere.uasset" 126
"../../../Engine/Content/EditorMeshes/EditorPlane.uasset" 127
"../../../Engine/Content/EditorMeshes/EditorCylinder.uasset" 128
"../../../Engine/Content/Maps/Templates/Thumbnails/Default.uasset" 129
"../../../Engine/Content/EditorMaterials/Thumbnails/SkySphereMaterial.uasset" 130
"../../../Engine/Content/EditorMeshes/EditorSkySphere.uasset" 131
"../../../Engine/Content/EngineMaterials/Grid.uasset" 132
"../../../Engine/Content/EditorMaterials/Thumbnails/FloorPlaneMaterial.uasset" 133
"../../../Engine/Content/MapTemplates/Sky/DaylightAmbientCubemap.uasset" 134
"../../../Engine/Content/EditorMaterials/ParticleSystems/PSysThumbnail_NoImage.uasset" 135
"../../../Engine/Content/EditorMaterials/ParticleSystems/PSysThumbnail_OOD.uasset" 136
"../../../Engine/Content/EditorResources/S_DecalActorIcon.uasset" 137
"../../../Engine/Content/EditorLandscapeResources/LandscapeGizmo_Mat.uasset" 138
"../../../Engine/Content/EditorLandscapeResources/LandscapeGizmo_Mat_Copied.uasset" 139
"../../../Engine/Content/EditorLandscapeResources/LandscapeGizmoHeight_Mat.uasset" 140
"../../../Engine/Content/EditorLandscapeResources/DataLayer.uasset" 141
"../../../Engine/Content/EditorResources/S_Terrain.uasset" 142
"../../../Engine/Content/EditorLandscapeResources/SplineEditorMeshMat.uasset" 143
"../../../Engine/Content/EditorLandscapeResources/SplineEditorMesh.uasset" 144
"../../../Engine/Content/EditorResources/MatineeCam_D.uasset" 145
"../../../Engine/Content/EditorMaterials/MatineeCam_mat.uasset" 146
"../../../Engine/Content/EditorMeshes/MatineeCam_SM.uasset" 147
"../../../Engine/Content/Functions/Engine_MaterialFunctions02/Utility/Sign.uasset" 148
"../../../Engine/Content/Functions/Engine_MaterialFunctions02/Utility/Round.uasset" 149
"../../../Engine/Content/Functions/Engine_MaterialFunctions02/ExampleContent/Textures/flipbook.uasset" 150
"../../../Engine/Content/Functions/Engine_MaterialFunctions02/Texturing/FlipBook.uasset" 151
"../../../Engine/Content/EditorResources/T_EditorHelp.uasset" 152
"../../../Engine/Content/EditorMaterials/HelpActorMaterial.uasset" 153
"../../../Engine/Content/EditorResources/S_ExpoHeightFog.uasset" 154
"../../../Engine/Content/EditorResources/S_NavP.uasset" 155
"../../../Engine/Content/EditorResources/S_Player.uasset" 156
"../../../Engine/Content/EditorResources/LightIcons/SkyLight.uasset" 157
"../../../Engine/Content/EditorResources/S_WindDirectional.uasset" 158
"../../../Engine/Content/EngineDamageTypes/DmgTypeBP_Environmental.uasset" 159
"../../../Engine/Content/EditorResources/LightIcons/S_LightDirectional.uasset" 160
"../../../Engine/Content/EditorResources/LightIcons/S_LightDirectionalMove.uasset" 161
"../../../Engine/Content/EditorResources/LightIcons/S_LightPoint.uasset" 162
"../../../Engine/Content/EditorResources/LightIcons/S_LightPointMove.uasset" 163
"../../../Engine/Content/EditorResources/LightIcons/S_LightSpot.uasset" 164
"../../../Engine/Content/EditorResources/LightIcons/S_LightSpotMove.uasset" 165
"../../../Engine/Content/EditorResources/MatInstActSprite.uasset" 166
"../../../Engine/Content/EditorResources/AI/S_NavLink.uasset" 167
"../../../Engine/Content/EditorResources/S_Note.uasset" 168
"../../../Engine/Content/EngineMeshes/Sphere.uasset" 169
"../../../Engine/Content/EditorResources/S_ReflActorIcon.uasset" 170
"../../../Engine/Content/EditorResources/S_Thruster.uasset" 171
"../../../Engine/Content/EditorResources/S_RadForce.uasset" 172
"../../../Engine/Content/EditorMaterials/TargetIcon.uasset" 173
"../../../Engine/Content/EngineFonts/RobotoDistanceField.uasset" 174
"../../../Engine/Content/EngineMaterials/DefaultTextMaterialOpaque.uasset" 175
"../../../Engine/Content/EditorResources/S_TextRenderActorIcon.uasset" 176
"../../../Engine/Content/EditorResources/S_Trigger.uasset" 177
"../../../Engine/Content/EditorResources/S_VectorFieldVol.uasset" 178
"../../../Engine/Content/EngineResources/GradientTexture0.uasset" 179
"../../../Engine/Content/EngineResources/Black.uasset" 180
"../../../Engine/Content/EditorMaterials/MatineeGroups/MAT_Groups_Float.uasset" 181
"../../../Engine/Content/EditorMaterials/MatineeGroups/MAT_Groups_Director.uasset" 182
"../../../Engine/Content/EditorMaterials/MatineeGroups/MAT_Groups_Event.uasset" 183
"../../../Engine/Content/EditorMaterials/MatineeGroups/MAT_Groups_Anim.uasset" 184
"../../../Engine/Content/EditorMaterials/MatineeGroups/MAT_Groups_Fade.uasset" 185
"../../../Engine/Content/EditorMaterials/MatineeGroups/MAT_Groups_Move.uasset" 186
"../../../Engine/Content/EditorMaterials/MatineeGroups/MAT_Groups_Slomo.uasset" 187
"../../../Engine/Content/EditorMaterials/MatineeGroups/MAT_ColorTrack.uasset" 188
"../../../Engine/Content/EditorMaterials/MAT_Groups_Toggle.uasset" 189
"../../../Engine/Content/EditorMaterials/MatineeGroups/MAT_Groups_AudioMaster.uasset" 190
"../../../Engine/Content/EditorMaterials/MatineeGroups/MAT_Groups_Sound.uasset" 191
"../../../Engine/Content/EditorMaterials/MatineeGroups/MAT_Groups_Vector.uasset" 192
"../../../Engine/Content/EditorMaterials/MAT_Groups_Visibility.uasset" 193
"../../../Engine/Content/EngineResources/DefaultTextureCube.uasset" 194
"../../../Engine/Content/EngineMaterials/DefaultMaterial.uasset" 195
"../../../Engine/Content/EngineMeshes/Cylinder.uasset" 196
"../../../Engine/Content/EngineTireTypes/DefaultTireType.uasset" 197
"../../../Engine/Content/EditorResources/S_FTest.uasset" 198
"../../../Engine/Content/EngineResources/AICON-Red.uasset" 199
"../../../Engine/Content/EngineResources/AICON-Green.uasset" 200
"../../../Engine/Plugins/2D/Paper2D/Content/PlaceholderTextures/DummySpriteTexture.uasset" 201
"../../../Engine/Plugins/2D/Paper2D/Content/DefaultSpriteMaterial.uasset" 202
"../../../Engine/Plugins/2D/Paper2D/Content/MaskedUnlitSpriteMaterial.uasset" 203
"../../../Engine/Plugins/2D/Paper2D/Content/OpaqueUnlitSpriteMaterial.uasset" 204
"../../../Engine/Plugins/2D/Paper2D/Content/DummySprite.uasset" 205
"../../../Engine/Plugins/2D/Paper2D/Content/DefaultPaperTerrainMaterial.uasset" 206
"../../../Engine/Content/EditorSounds/Notifications/CompileSuccess.uasset" 207
"../../../Engine/Content/EditorSounds/Notifications/CompileStart_Cue.uasset" 208
"../../../Engine/Content/EditorSounds/Notifications/CompileSuccess_Cue.uasset" 209
"../../../Engine/Content/EditorSounds/Notifications/CompileFailed.uasset" 210
"../../../Engine/Content/EditorSounds/Notifications/CompileFailed_Cue.uasset" 211
"../../../Engine/Content/BufferVisualization/BaseColor.uasset" 212
"../../../Engine/Content/BufferVisualization/CustomDepth.uasset" 213
"../../../Engine/Content/Functions/Engine_MaterialFunctions02/Utility/MakeFloat2.uasset" 214
"../../../Engine/Content/Functions/Engine_MaterialFunctions02/Utility/MakeFloat3.uasset" 215
"../../../Engine/Content/EngineMaterials/MiniFont.uasset" 216
"../../../Engine/Content/BufferVisualization/CustomStencil.uasset" 217
"../../../Engine/Content/BufferVisualization/DecalMask.uasset" 218
"../../../Engine/Content/BufferVisualization/FinalImage.uasset" 219
"../../../Engine/Content/BufferVisualization/LightingModel.uasset" 220
"../../../Engine/Content/BufferVisualization/MaterialAO.uasset" 221
"../../../Engine/Content/BufferVisualization/Metallic.uasset" 222
"../../../Engine/Content/BufferVisualization/Opacity.uasset" 223
"../../../Engine/Content/BufferVisualization/Roughness.uasset" 224
"../../../Engine/Content/BufferVisualization/SceneColor.uasset" 225
"../../../Engine/Content/BufferVisualization/SceneDepth.uasset" 226
"../../../Engine/Content/BufferVisualization/SeparateTranslucencyRGB.uasset" 227
"../../../Engine/Content/BufferVisualization/SeparateTranslucencyA.uasset" 228
"../../../Engine/Content/BufferVisualization/Specular.uasset" 229
"../../../Engine/Content/BufferVisualization/SubsurfaceColor.uasset" 230
"../../../Engine/Content/BufferVisualization/WorldNormal.uasset" 231
"../../../Engine/Content/BufferVisualization/AmbientOcclusion.uasset" 232
"../../../Engine/Content/Functions/Engine_MaterialFunctions02/Utility/VectorLength.uasset" 233
"../../../Engine/Content/BufferVisualization/CustomDepthWorldUnits.uasset" 234
"../../../Engine/Content/BufferVisualization/SceneDepthWorldUnits.uasset" 235
"../../../Engine/Plugins/Runtime/LeapMotionController/Content/LM_CapsuleMesh.uasset" 236
"../../../Engine/Plugins/Runtime/LeapMotionController/Content/LM_TorusMesh.uasset" 237
"../../../Engine/Plugins/Runtime/LeapMotionController/Content/LM_HandColor.uasset" 238
"../../../Engine/Plugins/Runtime/LeapMotionController/Content/LM_SampleDistortion.uasset" 239
"../../../Engine/Plugins/Runtime/LeapMotionController/Content/LM_TestTexture.uasset" 240
"../../../Engine/Plugins/Runtime/LeapMotionController/Content/LM_PassthroughMaterial.uasset" 241
"../../../Engine/Content/BasicShapes/Cube.uasset" 242
"../../../Engine/Content/EngineMaterials/HighResolutionScreenshotMaskFunction.uasset" 243
"../../../Engine/Content/EngineMaterials/HighResScreenshot.uasset" 244
"../../../Engine/Content/EngineMaterials/HighResScreenshotMask.uasset" 245
"../../../Engine/Content/EngineMaterials/HighResScreenshotCaptureRegion.uasset" 246
"../../../Engine/Content/EngineDebugMaterials/WireframeMaterial.uasset" 247
"../../../Engine/Content/Functions/Engine_MaterialFunctions01/Shading/ConvertFromDiffSpec.uasset" 248
"../../../Engine/Content/EngineDebugMaterials/LevelColorationLitMaterial.uasset" 249
"../../../Engine/Content/EngineDebugMaterials/LevelColorationUnlitMaterial.uasset" 250
"../../../Engine/Content/EngineMaterials/DefaultWhiteGrid.uasset" 251
"../../../Engine/Content/EngineDebugMaterials/MAT_LevelColorationLitLightmapUV.uasset" 252
"../../../Engine/Content/EngineDebugMaterials/ShadedLevelColorationLitMaterial.uasset" 253
"../../../Engine/Content/EngineDebugMaterials/ShadedLevelColorationUnlitMateri.uasset" 254
"../../../Engine/Content/EngineDebugMaterials/VertexColorMaterial.uasset" 255
"../../../Engine/Content/EngineDebugMaterials/VertexColorViewMode_ColorOnly.uasset" 256
"../../../Engine/Content/EngineDebugMaterials/VertexColorViewMode_AlphaAsColor.uasset" 257
"../../../Engine/Content/EngineDebugMaterials/VertexColorViewMode_RedOnly.uasset" 258
"../../../Engine/Content/EngineDebugMaterials/VertexColorViewMode_GreenOnly.uasset" 259
"../../../Engine/Content/EngineDebugMaterials/VertexColorViewMode_BlueOnly.uasset" 260
"../../../Engine/Content/EngineMaterials/RemoveSurfaceMaterial.uasset" 261
"../../../Engine/Content/EngineDebugMaterials/DebugMeshMaterial.uasset" 262
"../../../Engine/Content/EngineMaterials/InvalidLightmapSettings.uasset" 263
"../../../Engine/Content/EngineMaterials/M_InvalidLightmapSettings.uasset" 264
"../../../Engine/Content/EditorMaterials/GizmoMaterial.uasset" 265
"../../../Engine/Content/EngineDebugMaterials/GeomMaterial.uasset" 266
"../../../Engine/Content/EngineMaterials/EditorBrushMaterial.uasset" 267
"../../../Engine/Content/EngineDebugMaterials/HeatmapGradient.uasset" 268
"../../../Engine/Content/EngineDebugMaterials/BoneWeightMaterial.uasset" 269
"../../../Engine/Content/EditorMaterials/PreviewShadowIndicator.uasset" 270
"../../../Engine/Content/EditorMaterials/PreviewShadowIndicatorMaterial.uasset" 271
"../../../Engine/Content/EditorMaterials/PhAT_JointLimitMaterial.uasset" 272
"../../../Engine/Content/EditorResources/BSPVertex.uasset" 273
"../../../Engine/Content/EngineMaterials/Good64x64TilingNoiseHighFreq.uasset" 274
"../../../Engine/Content/EngineMaterials/DefaultBokeh.uasset" 275
"../../../Engine/Content/EngineMaterials/PreintegratedSkinBRDF.uasset" 276
"../../../Engine/Content/EngineMaterials/WeightMapPlaceholderTexture.uasset" 277
"../../../Engine/Content/EngineFonts/RobotoTiny.uasset" 278
"../../../Engine/Content/Tutorial/Basics/LevelEditorAttract.uasset" 279
"../../../Engine/Content/Tutorial/ContentIntroCurve.uasset" 280
"../../../Engine/Content/EditorMaterials/Cross.uasset" 281
"../../../Engine/Content/EditorMaterials/Cross_Mat.uasset" 282
"../../../Engine/Content/EditorMaterials/PhAT_BoneSelectedMaterial.uasset" 283
"../../../Engine/Content/EditorMaterials/PhAT_ElemSelectedMaterial.uasset" 284
"../../../Engine/Content/EditorMaterials/PhAT_NoCollisionMaterial.uasset" 285
"../../../Engine/Content/EditorMaterials/PhAT_UnselectedMaterial.uasset" 286
"../../../Engine/Content/EditorMaterials/Tick.uasset" 287
"../../../Engine/Content/EditorMaterials/Tick_Mat.uasset" 288
"../../../Engine/Content/EditorMaterials/WidgetGridVertexColorMaterial.uasset" 289
"../../../Engine/Content/EditorMaterials/WidgetGridVertexColorMaterial_Ma.uasset" 290
"../../../Engine/Content/EditorMaterials/WidgetMaterial.uasset" 291
"../../../Engine/Content/EditorMaterials/WidgetMaterial_Current.uasset" 292
"../../../Engine/Content/EditorMaterials/WidgetMaterial_X.uasset" 293
"../../../Engine/Content/EditorMaterials/WidgetMaterial_Y.uasset" 294
"../../../Engine/Content/EditorMaterials/WidgetMaterial_Z.uasset" 295
"../../../Engine/Content/EditorMaterials/WidgetVertexColorMaterial.uasset" 296
"../../../Engine/Content/EditorMaterials/CompositeARGBLayer.uasset" 297
"../../../Engine/Content/EditorMaterials/TilingAALineIntegral.uasset" 298
"../../../Engine/Content/EditorMaterials/TilingAALineBoxFiltered.uasset" 299
"../../../Engine/Content/Functions/Engine_MaterialFunctions03/Procedurals/ComputeFilterWidth.uasset" 300
"../../../Engine/Content/EditorMaterials/TilingAADots.uasset" 301
"../../../Engine/Content/EditorMaterials/Cascade/CASC_Cross.uasset" 302
"../../../Engine/Content/EditorMaterials/Cascade/CASC_None.uasset" 303
"../../../Engine/Content/Functions/Engine_MaterialFunctions03/Blends/Blend_Screen.uasset" 304
"../../../Engine/Content/EditorMaterials/TilingAAGrid.uasset" 305
"../../../Engine/Content/EditorMaterials/LevelGridMaterial.uasset" 306
"../../../Engine/Content/EditorResources/SmallFont.uasset" 307
"../../../Engine/Content/EditorResources/S_KBSJoint.uasset" 308
"../../../Engine/Content/EditorResources/S_KHinge.uasset" 309
"../../../Engine/Content/EditorResources/S_KPrismatic.uasset" 310
"../../../Engine/Content/EditorResources/LightIcons/S_LightError.uasset" 311
"../../../Engine/Content/EditorResources/Spline/T_Loft_Spline.uasset" 312
"../../../Engine/Content/EngineMaterials/BlinkingCaret.uasset" 313
"../../../Engine/Content/EngineMaterials/DefaultNormal.uasset" 314
"../../../Engine/Content/EngineMaterials/Grid_N.uasset" 315
"../../../Engine/Content/EngineMaterials/LandscapeHolePhysicalMaterial.uasset" 316
"../../../Engine/Content/EngineMaterials/PaperDiffuse.uasset" 317
"../../../Engine/Content/EngineMaterials/PaperNormal.uasset" 318
"../../../Engine/Content/EngineMaterials/PhysMat_Rubber.uasset" 319
"../../../Engine/Content/EngineFonts/SmallFont.uasset" 320
"../../../Engine/Content/EngineFonts/TinyFont.uasset" 321
"../../../Engine/Content/EngineResources/StreamingPauseIcon.uasset" 322
"../../../Engine/Content/EngineResources/M_StreamingPause.uasset" 323
"../../../Engine/Content/EditorLandscapeResources/DefaultAlphaTexture.uasset" 324
"../../../Engine/Content/MobileResources/HUD/MobileHUDButton1_off.uasset" 325
"../../../Engine/Content/MobileResources/HUD/MobileHUDDirectionPad3.uasset" 326
"../../../Engine/Content/MobileResources/T_MobileMenu2.uasset" 327
"../../../Engine/Content/MobileResources/HUD/MobileHUDButton2_off.uasset" 328
"../../../Engine/Content/MobileResources/HUD/MobileHUDDirectionPad.uasset" 329
"../../../Engine/Content/MobileResources/HUD/T_Castle_ThumbstickInner.uasset" 330
"../../../Engine/Content/MobileResources/T_MobileControls_texture.uasset" 331
"../../../Engine/Content/MobileResources/HUD/AnalogHat.uasset" 332
"../../../Engine/Content/MobileResources/HUD/VirtualJoystick_Background.uasset" 333
"../../../Engine/Content/MobileResources/HUD/VirtualJoystick_Thumb.uasset" 334
"../../../Engine/Content/MobileResources/HUD/DefaultVirtualJoysticks.uasset" 335
"../../../Engine/Content/MobileResources/HUD/LeftVirtualJoystickOnly.uasset" 336
"../../../Engine/Content/MobileResources/HUD/MobileHUDButton1_on.uasset" 337
"../../../Engine/Content/MobileResources/HUD/MobileHUDButton2_on.uasset" 338
"../../../Engine/Content/EditorResources/EmptyActor.uasset" 339
"../../../Engine/Content/EditorResources/AudioIcons/S_AudioComponent_AutoActivate.uasset" 340
"../../../Engine/Content/MobileResources/HUD/MobileHUDButtonFire.uasset" 341
"../../../Engine/Content/MobileResources/HUD/MobileHUDDirectionPad2.uasset" 342
"../../../Engine/Content/MobileResources/HUD/MobileHUDDirectionStick.uasset" 343
"../../../Engine/Content/BasicShapes/Cylinder.uasset" 344
"../../../Engine/Content/BasicShapes/Cone.uasset" 345
"../../../Engine/Content/MobileResources/HUD/T_Castle_ThumbstickOutter.uasset" 346
"../../../Engine/Content/Tutorial/Basics/TutorialAssets/icon_tab_Levels_40x.uasset" 347
"../../../Engine/Content/Tutorial/Basics/LevelEditorOverview.uasset" 348
"../../../Engine/Content/EditorMaterials/MakeCompositeARGBLayer.uasset" 349
"../../../Engine/Content/EditorResources/LevelGrid1DStripes.uasset" 350
"../../../Engine/Content/EditorMaterials/TextureGridCascaded1D.uasset" 351
"../../../Engine/Content/EditorMaterials/TextureGridCascaded2D.uasset" 352
"../../../Engine/Content/EditorMaterials/LevelGridMaterial2.uasset" 353
"../../../Engine/Content/EngineMeshes/Humanoid.uasset" 354
"../../../Hero/Content/ChibiHeroFemalePack/Textures/T_CM_skirt_OP.uasset" 355
"../../../Hero/Content/ChibiHeroFemalePack/Textures/T_cPriest2_head_BaseColor.uasset" 356
"../../../Hero/Content/ChibiHeroFemalePack/Textures/T_cPriest2_head_Roughness.uasset" 357
"../../../Hero/Content/ChibiHeroFemalePack/Textures/T_Plain_Metallic.uasset" 358
"../../../Hero/Content/ChibiHeroFemalePack/Textures/T_Plain_NM.uasset" 359
"../../../Hero/Content/ChibiHeroFemalePack/Textures/T_staff01_cristal_ball_Opacity.uasset" 360
"../../../Hero/Content/ChibiHeroFemalePack/Materials/M_ChibiF_master.uasset" 361
"../../../Hero/Content/ChibiHeroFemalePack/Textures/T_baseFBX_cuerpo_BaseColor.uasset" 362
"../../../Hero/Content/ChibiHeroFemalePack/Textures/T_baseFBX_cuerpo_Roughness.uasset" 363
"../../../Hero/Content/ChibiHeroFemalePack/Materials/Instance/Body_Face/MI_Body_01.uasset" 364
"../../../Hero/Content/ChibiHeroFemalePack/Materials/Instance/Body_Face/MI_Face_01.uasset" 365
"../../../Hero/Content/ChibiHeroFemalePack/Meshes/Character/F_Hero_PhysicsAsset.uasset" 366
"../../../Hero/Content/ChibiHeroFemalePack/Meshes/Character/F_Hero.uasset" 367
"../../../Hero/Content/ChibiHeroFemalePack/Textures/T_Sword_01_Color.uasset" 368
"../../../Hero/Content/ChibiHeroFemalePack/Textures/T_Sword_01_Metallic.uasset" 369
"../../../Hero/Content/ChibiHeroFemalePack/Textures/T_Sword_01_Normal.uasset" 370
"../../../Hero/Content/ChibiHeroFemalePack/Textures/T_Sword_01_Roughness.uasset" 371
"../../../Hero/Content/ChibiHeroFemalePack/Materials/Instance/Weapons/MI_Sword_01.uasset" 372
"../../../Hero/Content/ChibiHeroFemalePack/Meshes/Skeletons/Sword_01_Skeleton.uasset" 373
"../../../Hero/Content/ChibiHeroFemalePack/Meshes/Weapons/Swords/Sword_01_SkelMesh.uasset" 374
"../../../Hero/Content/ChibiHeroFemalePack/Meshes/Character/F_Hero_Skeleton.uasset" 375
"../../../Hero/Content/SGH/Character/PlayerCharacter/Retargeted_48_Mannequin.uasset" 376
"../../../Hero/Content/SGH/Character/PlayerCharacter/Standard_Anim.uasset" 377
"../../../Hero/Content/SGH/Character/PlayerCharacter/PlayerCharacter_BlendSpace.uasset" 378
"../../../Hero/Content/SGH/Character/PlayerCharacter/PlayerCharacter_ABP.uasset" 379
"../../../Hero/Content/SGH/Character/PlayerCharacter/SlashAttack_Anim.uasset" 380
"../../../Hero/Content/SGH/Character/PlayerCharacter/SlashAttack_Anim_Montage.uasset" 381
"../../../Hero/Content/SGH/Character/BaseCharacter_BP.uasset" 382
"../../../Engine/Content/Functions/Engine_MaterialFunctions02/Utility/BlendAngleCorrectedNormals.uasset" 383
"../../../Hero/Content/StarterContent/Textures/T_Detail_Rocky_N.uasset" 384
"../../../Hero/Content/StarterContent/Textures/T_Rock_Basalt_D.uasset" 385
"../../../Hero/Content/StarterContent/Textures/T_RockMesh_M.uasset" 386
"../../../Hero/Content/StarterContent/Textures/T_RockMesh_N.uasset" 387
"../../../Hero/Content/StarterContent/Props/Materials/M_Rock.uasset" 388
"../../../Engine/Content/BasicShapes/Sphere.uasset" 389
"../../../Hero/Content/SGH/Projectile/Projectile_BP.uasset" 390
"../../../Hero/Content/ChibiHeroFemalePack/Textures/T_BodyChainmail_Color.uasset" 391
"../../../Hero/Content/ChibiHeroFemalePack/Textures/T_BodyChainmail_Metallic.uasset" 392
"../../../Hero/Content/ChibiHeroFemalePack/Textures/T_BodyChainmail_Normal.uasset" 393
"../../../Hero/Content/ChibiHeroFemalePack/Textures/T_BodyChainmail_Roughness.uasset" 394
"../../../Hero/Content/ChibiHeroFemalePack/Materials/Instance/Body_Face/MI_BodyChainmail.uasset" 395
"../../../Hero/Content/ChibiHeroFemalePack/Textures/T_war_Shoulder_accleg_Color.uasset" 396
"../../../Hero/Content/ChibiHeroFemalePack/Textures/T_war_Shoulder_accleg_Metallic.uasset" 397
"../../../Hero/Content/ChibiHeroFemalePack/Textures/T_war_Shoulder_accleg_Normal.uasset" 398
"../../../Hero/Content/ChibiHeroFemalePack/Textures/T_war_Shoulder_accleg_Roughness.uasset" 399
"../../../Hero/Content/ChibiHeroFemalePack/Materials/Instance/Armors/MI_Acc_leg.uasset" 400
"../../../Hero/Content/ChibiHeroFemalePack/Meshes/Accesories/Acc_leg_SkelMesh.uasset" 401
"../../../Hero/Content/ChibiHeroFemalePack/Textures/T_war_chest_boots_B_Color.uasset" 402
"../../../Hero/Content/ChibiHeroFemalePack/Textures/T_war_chest_boots_B_Metallic.uasset" 403
"../../../Hero/Content/ChibiHeroFemalePack/Textures/T_war_chest_boots_B_Normal.uasset" 404
"../../../Hero/Content/ChibiHeroFemalePack/Textures/T_war_chest_boots_B_Roughness.uasset" 405
"../../../Hero/Content/ChibiHeroFemalePack/Materials/Instance/Armors/MI_Chest_Armor_B_02.uasset" 406
"../../../Hero/Content/ChibiHeroFemalePack/Meshes/Body_Armor/Chest_Armor_B_02_SkelMesh.uasset" 407
"../../../Hero/Content/ChibiHeroFemalePack/Textures/T_Ears_color.uasset" 408
"../../../Hero/Content/ChibiHeroFemalePack/Materials/Instance/Body_Face/MI_Ears.uasset" 409
"../../../Hero/Content/ChibiHeroFemalePack/Meshes/Character/ears02_SkelMesh.uasset" 410
"../../../Hero/Content/ChibiHeroFemalePack/Materials/Instance/Armors/MI_Boots_A.uasset" 411
"../../../Hero/Content/ChibiHeroFemalePack/Meshes/Feet_armor/Boots_A_SkelMesh.uasset" 412
"../../../Hero/Content/ChibiHeroFemalePack/Textures/T_war_Helm_gloves_Color.uasset" 413
"../../../Hero/Content/ChibiHeroFemalePack/Textures/T_war_Helm_gloves_Metallic.uasset" 414
"../../../Hero/Content/ChibiHeroFemalePack/Textures/T_war_Helm_gloves_Normal.uasset" 415
"../../../Hero/Content/ChibiHeroFemalePack/Textures/T_war_Helm_gloves_Roughness.uasset" 416
"../../../Hero/Content/ChibiHeroFemalePack/Materials/Instance/Armors/MI_GloveL_A.uasset" 417
"../../../Hero/Content/ChibiHeroFemalePack/Meshes/Gloves_Armor/Glove_A_Left_SkelMesh.uasset" 418
"../../../Hero/Content/ChibiHeroFemalePack/Materials/Instance/Armors/MI_GloveR_A.uasset" 419
"../../../Hero/Content/ChibiHeroFemalePack/Meshes/Gloves_Armor/Glove_A_Right_SkelMesh.uasset" 420
"../../../Hero/Content/ChibiHeroFemalePack/Materials/M_Hair_Master.uasset" 421
"../../../Hero/Content/ChibiHeroFemalePack/Textures/T_Hair_priest_Roughness.uasset" 422
"../../../Hero/Content/ChibiHeroFemalePack/Textures/T_Hair_war_color.uasset" 423
"../../../Hero/Content/ChibiHeroFemalePack/Textures/T_Hair_war_Mask.uasset" 424
"../../../Hero/Content/ChibiHeroFemalePack/Textures/T_Hair_war_NM.uasset" 425
"../../../Hero/Content/ChibiHeroFemalePack/Materials/Instance/Hairs/MI_Hair_04.uasset" 426
"../../../Hero/Content/ChibiHeroFemalePack/Meshes/Hairs/Hair_04_SkelMesh.uasset" 427
"../../../Hero/Content/ChibiHeroFemalePack/Materials/Instance/Armors/MI_Helmet_B_01.uasset" 428
"../../../Hero/Content/ChibiHeroFemalePack/Meshes/Head_Armor/Helmet_B_01_SkelMesh.uasset" 429
"../../../Hero/Content/ChibiHeroFemalePack/Textures/T_war_Calz_Color.uasset" 430
"../../../Hero/Content/ChibiHeroFemalePack/Textures/T_war_Calz_Metallic.uasset" 431
"../../../Hero/Content/ChibiHeroFemalePack/Textures/T_war_Calz_Normal.uasset" 432
"../../../Hero/Content/ChibiHeroFemalePack/Textures/T_war_Calz_Roughness.uasset" 433
"../../../Hero/Content/ChibiHeroFemalePack/Materials/Instance/Armors/MI_Shorts_D.uasset" 434
"../../../Hero/Content/ChibiHeroFemalePack/Meshes/Legs_Armor/Shorts_D_SkelMesh.uasset" 435
"../../../Hero/Content/ChibiHeroFemalePack/Materials/Instance/Armors/MI_ShoulderL_B_01.uasset" 436
"../../../Hero/Content/ChibiHeroFemalePack/Meshes/Shoulder_Armor/Shoulder_B_Left_SkelMesh.uasset" 437
"../../../Hero/Content/ChibiHeroFemalePack/Materials/Instance/Armors/MI_ShoulderR_B_01.uasset" 438
"../../../Hero/Content/ChibiHeroFemalePack/Meshes/Shoulder_Armor/Shoulder_B_Right_SkelMesh.uasset" 439
"../../../Hero/Content/SGH/Character/PlayerCharacter/BP_FHero_Warrior.uasset" 440
"../../../Hero/Content/CustomMode_BP.uasset" 441
"../../../Engine/Content/MobileResources/HUD/MobileHUDButton3.uasset" 442
