[2016.02.18-03.36.54:209][  0]Log file open, 02/18/16 12:36:54
[2016.02.18-03.36.54:209][  0]LogInit:Display: Running engine for game: Hero
[2016.02.18-03.36.54:209][  0]LogPlatformFile: Not using cached read wrapper
[2016.02.18-03.36.54:209][  0]LogInit:Display: RandInit(26481969) SRandInit(26481970).
[2016.02.18-03.36.54:209][  0]LogTaskGraph: Started task graph with 4 named threads and 7 total threads.
[2016.02.18-03.36.54:209][  0]LogStats: Stats thread started at 0.084872
[2016.02.18-03.36.54:209][  0]LogInit: Version: 4.10.2-2818068+++depot+UE4-Releases+4.10
[2016.02.18-03.36.54:209][  0]LogInit: API Version: 2758231
[2016.02.18-03.36.54:209][  0]LogInit: Compiled (64-bit): Jan  6 2016 17:36:42
[2016.02.18-03.36.54:209][  0]LogInit: Compiled with Visual C++: 19.00.23026.00
[2016.02.18-03.36.54:209][  0]LogInit: Build Configuration: Development
[2016.02.18-03.36.54:209][  0]LogInit: Branch Name: ++depot+UE4-Releases+4.10
[2016.02.18-03.36.54:209][  0]LogInit: Command line: 
[2016.02.18-03.36.54:209][  0]LogInit: Base directory: F:/Epic Games/4.10/Engine/Binaries/Win64/
[2016.02.18-03.36.54:209][  0]LogInit: Rocket: 1
[2016.02.18-03.36.54:220][  0]LogInit: Using libcurl 7.41.0
[2016.02.18-03.36.54:220][  0]LogInit:  - built for x86_64-pc-win32
[2016.02.18-03.36.54:220][  0]LogInit:  - supports SSL with WinSSL
[2016.02.18-03.36.54:220][  0]LogInit:  - other features:
[2016.02.18-03.36.54:220][  0]LogInit:      CURL_VERSION_SSL
[2016.02.18-03.36.54:220][  0]LogInit:      CURL_VERSION_IPV6
[2016.02.18-03.36.54:220][  0]LogInit:      CURL_VERSION_ASYNCHDNS
[2016.02.18-03.36.54:220][  0]LogInit:      CURL_VERSION_LARGEFILE
[2016.02.18-03.36.54:220][  0]LogInit:      CURL_VERSION_IDN
[2016.02.18-03.36.54:220][  0]LogInit:  CurlRequestOptions (configurable via config and command line):
[2016.02.18-03.36.54:220][  0]LogInit:  - bVerifyPeer = true  - Libcurl will verify peer certificate
[2016.02.18-03.36.54:220][  0]LogInit:  - bUseHttpProxy = false  - Libcurl will NOT use HTTP proxy
[2016.02.18-03.36.54:220][  0]LogInit:  - bDontReuseConnections = false  - Libcurl will reuse connections
[2016.02.18-03.36.54:220][  0]LogInit:  - CertBundlePath = nullptr  - Libcurl will use whatever was configured at build time.
[2016.02.18-03.36.54:231][  0]LogInit: Presizing for 0 objects not considered by GC, pre-allocating 0 bytes.
[2016.02.18-03.36.54:239][  0]LogInit: Object subsystem initialized
[2016.02.18-03.36.54:240][  0]LogInit: Selected Device Profile: [Windows]
[2016.02.18-03.36.54:240][  0]LogInit: Applying CVar settings loaded from the selected device profile: [Windows]
[2016.02.18-03.36.54:251][  0]LogInit: Computer: SGH-PC
[2016.02.18-03.36.54:251][  0]LogInit: User: SGH
[2016.02.18-03.36.54:251][  0]LogInit: CPU Page size=4096, Cores=4
[2016.02.18-03.36.54:251][  0]LogInit: High frequency timer resolution =3.215449 MHz
[2016.02.18-03.36.54:251][  0]LogMemory: Memory total: Physical=8.0GB (8GB approx)
[2016.02.18-03.36.54:251][  0]LogMemory: Platform Memory Stats for Windows
[2016.02.18-03.36.54:251][  0]LogMemory: Process Physical Memory: 56.59 MB used, 56.59 MB peak
[2016.02.18-03.36.54:251][  0]LogMemory: Process Virtual Memory: 59.66 MB used, 59.66 MB peak
[2016.02.18-03.36.54:251][  0]LogMemory: Physical Memory: 4321.45 MB used, 8174.71 MB total
[2016.02.18-03.36.54:251][  0]LogMemory: Virtual Memory: 350.15 MB used, 8388608.00 MB total
[2016.02.18-03.36.54:338][  0]LogTextLocalizationManager: No specific translations for ('ko-KR') exist, so ('ko') translations will be used.
[2016.02.18-03.36.54:373][  0]LogTextLocalizationManager:Warning: Loaded localization resources contain conflicting entries for (Namespace:UObjectToolTips, Key:AnimNode_AssetPlayerBase:InternalTimeAccumulator):
Localization Resource: (F:/Epic Games/4.10/Engine/Content/Localization/EditorTutorials/ko/EditorTutorials.locres) Source String Hash: (502993589) Localized String: (이 노드에서 애셋을 레퍼런싱하는 데 사용되는 누적 시간입니다.)
Localization Resource: (F:/Epic Games/4.10/Engine/Content/Localization/Engine/ko/Engine.locres) Source String Hash: (502993589) Localized String: (이 노드에서 애셋을 레퍼런싱하는 데 사용된 누적 시간입니다.)
[2016.02.18-03.36.54:373][  0]LogTextLocalizationManager:Warning: Loaded localization resources contain conflicting entries for (Namespace:UObjectToolTips, Key:AnimNode_AssetPlayerBase:bIgnoreForRelevancyTest):
Localization Resource: (F:/Epic Games/4.10/Engine/Content/Localization/EditorTutorials/ko/EditorTutorials.locres) Source String Hash: (319969718) Localized String: (True 면, 스테이트에서 최고 가중치 애니메이션을 찾는 "Relevant anim" 노드는 이 노드를 무시합니다.
 )
Localization Resource: (F:/Epic Games/4.10/Engine/Content/Localization/Engine/ko/Engine.locres) Source String Hash: (319969718) Localized String: (True 면 스테이트 내 최고 웨이팅된 애니메이션을 찾는 "Relevant anim" 노드가 무시됩니다.
 )
[2016.02.18-03.36.54:373][  0]LogTextLocalizationManager:Warning: Loaded localization resources contain conflicting entries for (Namespace:UObjectToolTips, Key:AnimNode_AssetPlayerBase:BlendWeight):
Localization Resource: (F:/Epic Games/4.10/Engine/Content/Localization/EditorTutorials/ko/EditorTutorials.locres) Source String Hash: (-1232800293) Localized String: (이 노드에 마지막 걸린 블렌드웨이트 입니다.)
Localization Resource: (F:/Epic Games/4.10/Engine/Content/Localization/Engine/ko/Engine.locres) Source String Hash: (-1232800293) Localized String: (이 노드에 대해 마지막 접한 블렌드 웨이트)
[2016.02.18-03.36.54:611][  0]LogD3D11RHI: Found D3D11 adapter 0: NVIDIA GeForce GTX 970 (Feature Level 11_0)
[2016.02.18-03.36.54:612][  0]LogD3D11RHI: Adapter has 4007MB of dedicated video memory, 0MB of dedicated system memory, and 3831MB of shared system memory, 2 output[s]
[2016.02.18-03.36.54:612][  0]LogD3D11RHI: Chosen D3D11 Adapter Id = 0
[2016.02.18-03.36.54:634][  0]LogD3D11RHI: !Direct3DDevice
[2016.02.18-03.36.54:636][  0]LogRHI: Texture pool is 1361 MB (70% of 1945 MB)
[2016.02.18-03.36.54:650][  0]LogD3D11RHI: Async texture creation enabled
[2016.02.18-03.36.54:667][  0]LogShaderCompilers: Guid format shader working directory is 3 characters bigger than the processId version (../../../../../실무/Herose-defend/Hero 4.10/Intermediate/Shaders/WorkingDirectory/1004/).
[2016.02.18-03.36.54:667][  0]LogShaderCompilers: Cleaned the shader compiler working directory 'C:/Users/SGH/AppData/Local/Temp/UnrealShaderWorkingDir/AA1EAF2241372CC8A9A84DA1DEB2E27A/'.
[2016.02.18-03.36.54:667][  0]LogShaderCompilers:Display: Using Local Shader Compiler.
[2016.02.18-03.36.56:199][  0]LogTemp:Display: Loaded TP AllDesktopTargetPlatform
[2016.02.18-03.36.56:205][  0]LogTemp:Display: Loaded TP WindowsClientTargetPlatform
[2016.02.18-03.36.56:209][  0]LogTemp:Display: Loaded TP WindowsNoEditorTargetPlatform
[2016.02.18-03.36.56:214][  0]LogTemp:Display: Loaded TP WindowsServerTargetPlatform
[2016.02.18-03.36.56:221][  0]LogTemp:Display: Loaded TP WindowsTargetPlatform
[2016.02.18-03.36.56:224][  0]LogTemp:Display: Loaded TP AndroidTargetPlatform
[2016.02.18-03.36.56:227][  0]LogTemp:Display: Loaded TP Android_ASTCTargetPlatform
[2016.02.18-03.36.56:230][  0]LogTemp:Display: Loaded TP Android_ATCTargetPlatform
[2016.02.18-03.36.56:234][  0]LogTemp:Display: Loaded TP Android_DXTTargetPlatform
[2016.02.18-03.36.56:239][  0]LogTemp:Display: Loaded TP Android_ETC1TargetPlatform
[2016.02.18-03.36.56:242][  0]LogTemp:Display: Loaded TP Android_ETC2TargetPlatform
[2016.02.18-03.36.56:249][  0]LogTemp:Display: Loaded TP Android_MultiTargetPlatform
[2016.02.18-03.36.56:249][  0]LogTemp:Display: Loaded TP Android_PVRTCTargetPlatform
[2016.02.18-03.36.56:251][  0]LogTemp:Display: Loaded TP HTML5TargetPlatform
[2016.02.18-03.36.56:274][  0]LogTemp:Display: Loaded TP IOSTargetPlatform
[2016.02.18-03.36.56:277][  0]LogTemp:Display: Loaded TP LinuxNoEditorTargetPlatform
[2016.02.18-03.36.56:279][  0]LogTemp:Display: Loaded TP LinuxServerTargetPlatform
[2016.02.18-03.36.56:284][  0]LogTemp:Display: Loaded TP LinuxTargetPlatform
[2016.02.18-03.36.56:284][  0]LogTargetPlatformManager:Display: Building Assets For Windows
[2016.02.18-03.36.56:439][  0]LogDerivedDataCache:Display: Max Cache Size: 512 MB
[2016.02.18-03.36.56:514][  0]LogDerivedDataCache: Loaded boot cache 0.08s 41MB C:/Users/SGH/AppData/Local/UnrealEngine/4.10/DerivedDataCache/Boot.ddc.
[2016.02.18-03.36.56:515][  0]LogDerivedDataCache:Display: Loaded Boot cache: C:/Users/SGH/AppData/Local/UnrealEngine/4.10/DerivedDataCache/Boot.ddc
[2016.02.18-03.36.56:515][  0]LogDerivedDataCache: FDerivedDataBackendGraph:  Pak pak cache file ../../../../../실무/Herose-defend/Hero 4.10/DerivedDataCache/DDC.ddp not found, will not use a pak cache.
[2016.02.18-03.36.56:515][  0]LogDerivedDataCache: Unable to find inner node Pak for hierarchical cache Hierarchy.
[2016.02.18-03.36.56:515][  0]LogDerivedDataCache: FDerivedDataBackendGraph:  CompressedPak pak cache file ../../../../../실무/Herose-defend/Hero 4.10/DerivedDataCache/Compressed.ddp not found, will not use a pak cache.
[2016.02.18-03.36.56:515][  0]LogDerivedDataCache: Unable to find inner node CompressedPak for hierarchical cache Hierarchy.
[2016.02.18-03.36.56:579][  0]LogDerivedDataCache:Display: Pak cache opened for reading ../../../Engine/DerivedDataCache/Compressed.ddp.
[2016.02.18-03.36.56:591][  0]LogDerivedDataCache: Using Local data cache path C:/Users/SGH/AppData/Local/UnrealEngine/Common/DerivedDataCache: Writable
[2016.02.18-03.36.57:294][  0]LogInit: Selected Device Profile: [Windows]
[2016.02.18-03.36.57:295][  0]LogContentStreaming: Texture pool size is 0.000000MB
[2016.02.18-03.36.57:341][  0]LogMeshUtilities: No automatic mesh reduction module available
[2016.02.18-03.36.57:341][  0]LogMeshUtilities: No automatic mesh merging module available
[2016.02.18-03.36.57:774][  0]LogInit: WinSock: version 1.1 (2.2), MaxSocks=32767, MaxUdp=65467
[2016.02.18-03.36.58:982][  0]UdpMessaging: Initializing bridge on interface 0.0.0.0:0 to multicast group 230.0.0.1:6666.
[2016.02.18-03.36.59:109][  0]LogAssetRegistry: FAssetRegistry took 0.0103 seconds to start up
[2016.02.18-03.36.59:339][  0]SourceControl: 정보 소스 콘트롤이 꺼졌습니다.
[2016.02.18-03.36.59:342][  0]SourceControl: 정보 소스 콘트롤이 꺼졌습니다.
[2016.02.18-03.36.59:355][  0]SourceControl: 정보 소스 콘트롤이 꺼졌습니다.
[2016.02.18-03.36.59:369][  0]SourceControl: 정보 소스 콘트롤이 꺼졌습니다.
[2016.02.18-03.36.59:691][  0]LogObj: 28633 objects as part of root set at end of initial load.
[2016.02.18-03.36.59:691][  0]LogUObjectAllocator: 6099744 out of 0 bytes used by permanent object pool.
[2016.02.18-03.36.59:760][  0]LogEngine: Initializing Engine...
[2016.02.18-03.36.59:762][  0]LogHMD: Can't find Oculus library dev build: is proper Runtime installed? Version: 0.8.0.0
[2016.02.18-03.36.59:765][  0]LogHMD: SteamVR failed to initialize.  Err: 110
[2016.02.18-03.36.59:940][  0]LogAIModule: Creating AISystem for world NewWorld
[2016.02.18-03.36.59:954][  0]LogInit: XAudio2 using '스피커(Realtek High Definition Audio)' : 2 channels at 48 kHz using 32 bits per sample (channel mask 0x3)
[2016.02.18-03.36.59:971][  0]LogInit: FAudioDevice initialized.
[2016.02.18-03.37.00:005][  0]LogDerivedDataCache: Saved boot cache 0.03s 41MB C:/Users/SGH/AppData/Local/UnrealEngine/4.10/DerivedDataCache/Boot.ddc.
[2016.02.18-03.37.00:017][  0]LogInit: Texture streaming: Enabled
[2016.02.18-03.37.00:024][  0]LogAnalytics: Creating configured Analytics provider AnalyticsET
[2016.02.18-03.37.00:024][  0]LogAnalytics: [UEEditor.Rocket.Release] APIServer = http://et2.epicgames.com/ET2/. AppVersion = 4.10.2-2818068+++depot+UE4-Releases+4.10
[2016.02.18-03.37.00:024][  0]LogAnalytics: [UEEditor.Rocket.Release] SetUserId c116ab95452d6c0e6a5d46a2885b9fb5|1ee373e9bedc4d7e9c76f780c6814fe5|3c1af846-1ffe-4ccd-87ea-0d3770034fd8
[2016.02.18-03.37.00:024][  0]LogAnalytics: [UEEditor.Rocket.Release] AnalyticsET::StartSession
[2016.02.18-03.37.00:034][  0]LogInit: Transaction tracking system initialized
[2016.02.18-03.37.00:069][  0]BlueprintLog: New page: 에디터 로드
[2016.02.18-03.37.00:177][  0]LocalizationService: 정보 현지화 서비스가 비활성화되었습니다.
[2016.02.18-03.37.00:265][  0]LogLinker:Warning: '/Game/ThirdPersonBP/ThirdPersonOverview' 파일을 찾을 수 없습니다.
[2016.02.18-03.37.00:265][  0]LogLinker:Warning: '/Game/ThirdPersonBP/ThirdPersonOverview' 파일을 찾을 수 없습니다.
[2016.02.18-03.37.00:265][  0]LogUObjectGlobals:Warning: 'Class /Game/ThirdPersonBP/ThirdPersonOverview.ThirdPersonOverview_C' 오브젝트를 찾는 데 실패했습니다.
[2016.02.18-03.37.00:278][  0]LogConsoleResponse:Display: 
[2016.02.18-03.37.00:426][  0]LogCook:Display: Done creating registry. It took  0.00s.
[2016.02.18-03.37.00:509][  0]LogFileCache: Scanning file cache for directory 'F:/실무/Herose-defend/Hero 4.10/Content/' took 0.04s
[2016.02.18-03.37.00:509][  0]SourceControl: 정보 소스 콘트롤이 꺼졌습니다.
[2016.02.18-03.37.00:509][  0]Cmd: MAP LOAD FILE="../../../../../실무/Herose-defend/Hero 4.10/Content/StarterContent/Maps/Minimal_Default.umap" TEMPLATE=0 SHOWPROGRESS=1 FEATURELEVEL=3
[2016.02.18-03.37.00:511][  0]LightingResults: New page: 라이팅 빌드
[2016.02.18-03.37.00:517][  0]MapCheck: New page: 맵 체크
[2016.02.18-03.37.00:517][  0]LightingResults: New page: 라이팅 빌드
[2016.02.18-03.37.00:531][  0]LogParticles: Destroying 0 GPU particle simulations for FXSystem 0x000000002360F740
[2016.02.18-03.37.14:275][  0]LogAIModule: Creating AISystem for world Minimal_Default
[2016.02.18-03.37.14:805][  0]LogEditorServer: Finished looking for orphan Actors (0.000 secs)
[2016.02.18-03.37.14:853][  0]Cmd: MAP CHECKDEP NOCLEARLOG
[2016.02.18-03.37.14:950][  0]MapCheck: 정보 맵 체크 완료: 오류 0 회, 경고 0 회, 소요 시간 97.437ms.
[2016.02.18-03.37.14:950][  0]LogFileHelpers: Loading map 'Minimal_Default' took 14.440
[2016.02.18-03.37.15:670][  0]LogCollectionManager: Loaded 0 collections in 0.002038 seconds
[2016.02.18-03.37.15:949][  0]LogFileCache: Scanning file cache for directory 'F:/실무/Herose-defend/Hero 4.10/Saved/Collections/' took 0.01s
[2016.02.18-03.37.15:949][  0]LogFileCache: Scanning file cache for directory 'F:/실무/Herose-defend/Hero 4.10/Content/Developers/SGH/Collections/' took 0.01s
[2016.02.18-03.37.15:949][  0]LogFileCache: Scanning file cache for directory 'F:/실무/Herose-defend/Hero 4.10/Content/Collections/' took 0.01s
[2016.02.18-03.37.15:949][  0]LogCollectionManager: Rebuilt the GUID cache for 0 collections in 0.000002 seconds
[2016.02.18-03.37.16:012][  0]LogContentBrowser: Native class hierarchy populated in 0.0396 seconds. Added 1893 classes and 338 folders.
[2016.02.18-03.37.16:146][  0]LogContentBrowser: Native class hierarchy updated for 'WidgetCarousel' in 0.0004 seconds. Added 0 classes and 0 folders.
[2016.02.18-03.37.19:914][  0]LogContentBrowser: Native class hierarchy updated for 'AddContentDialog' in 0.0004 seconds. Added 0 classes and 0 folders.
[2016.02.18-03.37.20:051][  0]LogContentBrowser: Native class hierarchy updated for 'SceneOutliner' in 0.0005 seconds. Added 1 classes and 2 folders.
[2016.02.18-03.37.20:663][  0]LogCrashTracker: Crashtracker disabled due to settings.
[2016.02.18-03.37.20:813][  0]LogUObjectGlobals:Warning: 'Class 없음.' 오브젝트를 찾는 데 실패했습니다.
[2016.02.18-03.37.20:865][  0]LogLoad: Full Startup: 27.23 seconds (BP compile: 0.13 seconds)
[2016.02.18-03.37.20:881][  0]LogOcInput: Can't find Oculus library dev build: is proper Runtime installed? Version: 0.8.0.0
[2016.02.18-03.37.21:504][  0]LogContentStreaming: Texture pool size now 1000 MB
[2016.02.18-03.37.22:199][  1]LogRenderer: Reallocating scene render targets to support 1112x680 (Frame:2).
[2016.02.18-03.37.22:202][  1]Cmd: UpdateLandscapeEditorData -warnings
[2016.02.18-03.37.22:458][  1]LogFileCache: Retrieving MD5 hashes for directory 'F:/실무/Herose-defend/Hero 4.10/Content/' took 1.55s
[2016.02.18-03.37.58:576][174]LogAssetRegistry: Asset discovery search completed in 59.4754 seconds
[2016.02.18-03.37.58:576][174]LogCollectionManager: Rebuilt the object cache for 0 collections in 0.000001 seconds (found 0 objects)
[2016.02.18-03.37.58:576][174]LogCollectionManager: Fixed up redirectors for 0 collections in 0.000019 seconds (updated 0 objects)
[2016.02.18-03.38.57:178][402]LogTexture:Display: 텍스처 빌드중: Skill5 (BGRA8)
[2016.02.18-03.38.57:190][402]LogTexture:Display: 텍스처 빌드중: Skill4 (BGRA8)
[2016.02.18-03.38.57:191][402]LogTexture:Display: 텍스처 빌드중: Skill3 (BGRA8)
[2016.02.18-03.38.57:191][402]LogTexture:Display: 텍스처 빌드중: Skill6 (BGRA8)
[2016.02.18-03.38.57:362][402]LogLinker:Warning: Asset '../../../Engine/Content/ArtTools/RenderToTexture/Macros/RenderToTextureMacros.uasset' has been saved with empty engine version. The asset will be loaded but may be incompatible.
[2016.02.18-03.38.58:184][402]LogContentBrowser: Native class hierarchy updated for 'BlueprintGraph' in 0.0009 seconds. Added 107 classes and 0 folders.
[2016.02.18-03.57.02:470][591]LogBlueprintUserMessages: Early PlayInEditor Detection: Level '/Game/StarterContent/Maps/Minimal_Default.Minimal_Default:PersistentLevel' has LevelScriptBlueprint '/Game/StarterContent/Maps/Minimal_Default.Minimal_Default:PersistentLevel.Minimal_Default' with GeneratedClass '/Game/StarterContent/Maps/Minimal_Default.Minimal_Default_C' with ClassGeneratedBy '/Game/StarterContent/Maps/Minimal_Default.Minimal_Default:PersistentLevel.Minimal_Default'
[2016.02.18-03.57.02:470][591]LogPlayLevel: PlayLevel: No blueprints needed recompiling
[2016.02.18-03.57.02:489][591]PIE: New page: PIE 세션: Minimal_Default (2016. 2. 18. 오후 9:57:02)
[2016.02.18-03.57.02:490][591]LogPlayLevel: Creating play world package: /Game/StarterContent/Maps/UEDPIE_0_Minimal_Default
[2016.02.18-03.57.02:597][591]LogPlayLevel: PIE: StaticDuplicateObject took: (0.107454s)
[2016.02.18-03.57.02:598][591]LogAIModule: Creating AISystem for world Minimal_Default
[2016.02.18-03.57.02:599][591]LogPlayLevel: PIE: World Init took: (0.001571s)
[2016.02.18-03.57.02:599][591]LogPlayLevel: PIE: Created PIE world by copying editor world from /Game/StarterContent/Maps/Minimal_Default.Minimal_Default to /Game/StarterContent/Maps/UEDPIE_0_Minimal_Default.Minimal_Default (0.109559s)
[2016.02.18-03.57.02:640][591]LogParticles: Destroying 0 GPU particle simulations for FXSystem 0x000000002B91A660
[2016.02.18-03.57.02:641][591]LogParticles: Destroying 0 GPU particle simulations for FXSystem 0x000000002B91B4C0
[2016.02.18-03.57.02:662][591]LogInit: XAudio2 using '스피커(Realtek High Definition Audio)' : 2 channels at 48 kHz using 32 bits per sample (channel mask 0x3)
[2016.02.18-03.57.02:673][591]LogInit: FAudioDevice initialized.
[2016.02.18-03.57.02:809][591]LogWorld: Game class is 'CustomMode_BP_C'
[2016.02.18-03.57.02:902][591]LogWorld: Bringing World /Game/StarterContent/Maps/UEDPIE_0_Minimal_Default.Minimal_Default up for play (max tick rate 0) at 2016.02.18-12.57.02
[2016.02.18-03.57.02:902][591]LogActor:Warning: GameSession /Game/StarterContent/Maps/UEDPIE_0_Minimal_Default.Minimal_Default:PersistentLevel.GameSession_0 has natively added scene component(s), but none of them were set as the actor's RootComponent - picking one arbitrarily
[2016.02.18-03.57.02:903][591]LogActor:Warning: GameNetworkManager /Game/StarterContent/Maps/UEDPIE_0_Minimal_Default.Minimal_Default:PersistentLevel.GameNetworkManager_0 has natively added scene component(s), but none of them were set as the actor's RootComponent - picking one arbitrarily
[2016.02.18-03.57.02:949][591]LogWorld: Bringing up level for play took: 0.138122
[2016.02.18-03.57.03:131][591]PIE: 정보 /Game/StarterContent/Maps/UEDPIE_0_Minimal_Default 에 대한 에디터에서 플레이 시작 시간: -0.251
[2016.02.18-03.57.03:131][591]LogBlueprintUserMessages: Late PlayInEditor Detection: Level '/Game/StarterContent/Maps/Minimal_Default.Minimal_Default:PersistentLevel' has LevelScriptBlueprint '/Game/StarterContent/Maps/Minimal_Default.Minimal_Default:PersistentLevel.Minimal_Default' with GeneratedClass '/Game/StarterContent/Maps/Minimal_Default.Minimal_Default_C' with ClassGeneratedBy '/Game/StarterContent/Maps/Minimal_Default.Minimal_Default:PersistentLevel.Minimal_Default'
[2016.02.18-03.57.03:254][592]LogRenderer: Reallocating scene render targets to support 1280x720 (Frame:10014).
[2016.02.18-03.57.06:161][721]LogBlueprintUserMessages: Early EndPlayMap Detection: Level '/Game/StarterContent/Maps/Minimal_Default.Minimal_Default:PersistentLevel' has LevelScriptBlueprint '/Game/StarterContent/Maps/Minimal_Default.Minimal_Default:PersistentLevel.Minimal_Default' with GeneratedClass '/Game/StarterContent/Maps/Minimal_Default.Minimal_Default_C' with ClassGeneratedBy '/Game/StarterContent/Maps/Minimal_Default.Minimal_Default:PersistentLevel.Minimal_Default'
[2016.02.18-03.57.06:206][721]LogBlueprintUserMessages: Late EndPlayMap Detection: Level '/Game/StarterContent/Maps/Minimal_Default.Minimal_Default:PersistentLevel' has LevelScriptBlueprint '/Game/StarterContent/Maps/Minimal_Default.Minimal_Default:PersistentLevel.Minimal_Default' with GeneratedClass '/Game/StarterContent/Maps/Minimal_Default.Minimal_Default_C' with ClassGeneratedBy '/Game/StarterContent/Maps/Minimal_Default.Minimal_Default:PersistentLevel.Minimal_Default'
[2016.02.18-03.57.06:238][721]LogParticles: Destroying 0 GPU particle simulations for FXSystem 0x0000000055997600
[2016.02.18-03.57.19:064][586]Cmd: OBJ SAVEPACKAGE PACKAGE="/Game/SGH/Skill/SkillStruct" FILE="../../../../../실무/Herose-defend/Hero 4.10/Content/SGH/Skill/SkillStruct.uasset" SILENT=true
[2016.02.18-03.57.19:098][586]LogSavePackage: Save=16.177523ms
[2016.02.18-03.57.19:098][586]LogSavePackage: Moving '../../../../../실무/Herose-defend/Hero 4.10/Saved/SkillStructD327657D4033FED66D9BF4BC19E07B8C.tmp' to '../../../../../실무/Herose-defend/Hero 4.10/Content/SGH/Skill/SkillStruct.uasset'
[2016.02.18-03.57.19:101][586]LogSavePackage: Total save time: 34.969609ms
[2016.02.18-03.57.19:101][586]LogSavePackage:Display: Finished SavePackage ../../../../../실무/Herose-defend/Hero 4.10/Content/SGH/Skill/SkillStruct.uasset
[2016.02.18-03.57.30:907][692]BlueprintLog: New page: GameHUD 컴파일
[2016.02.18-03.57.31:614][692]BlueprintEditorCompileResults: 정보 [1237.94] GameHUD 컴파일에 성공했습니다! [소요시간 706 ms]
[2016.02.18-03.57.32:792][718]Cmd: OBJ SAVEPACKAGE PACKAGE="/Game/SGH/UI/UMG/GameHUD" FILE="../../../../../실무/Herose-defend/Hero 4.10/Content/SGH/UI/UMG/GameHUD.uasset" SILENT=true
[2016.02.18-03.57.35:446][718]LogSavePackage: Save=2649.536865ms
[2016.02.18-03.57.35:446][718]LogSavePackage: Moving '../../../../../실무/Herose-defend/Hero 4.10/Saved/GameHUDD30E0C6E4E6457128D291AA355CA6473.tmp' to '../../../../../실무/Herose-defend/Hero 4.10/Content/SGH/UI/UMG/GameHUD.uasset'
[2016.02.18-03.57.35:449][718]LogSavePackage: Total save time: 2655.809499ms
[2016.02.18-03.57.35:449][718]LogSavePackage:Display: Finished SavePackage ../../../../../실무/Herose-defend/Hero 4.10/Content/SGH/UI/UMG/GameHUD.uasset
[2016.02.18-03.58.05:634][105]LogFileHelpers: Editor autosave (incl. sublevels) for '/Game/StarterContent/Maps/Minimal_Default' took 0.047
[2016.02.18-03.58.05:657][105]OBJ SavePackage: Generating thumbnails for [0] asset(s) in package [/Game/SGH/UI/UMG/GameHUD] ([1] browsable assets)...
[2016.02.18-03.58.05:657][105]OBJ SavePackage: Finished generating thumbnails for package [/Game/SGH/UI/UMG/GameHUD]
[2016.02.18-03.58.05:657][105]Cmd: OBJ SAVEPACKAGE PACKAGE="/Game/SGH/UI/UMG/GameHUD" FILE="../../../../../실무/Herose-defend/Hero 4.10/Saved/Autosaves/Game/SGH/UI/UMG/GameHUD_Auto1.uasset" SILENT=false AUTOSAVING=true
[2016.02.18-03.58.08:456][105]LogSavePackage: Save=2795.026367ms
[2016.02.18-03.58.08:457][105]LogSavePackage: Moving '../../../../../실무/Herose-defend/Hero 4.10/Saved/GameHUD_Auto101ECEE0F4F68F47DFB36F68566423632.tmp' to '../../../../../실무/Herose-defend/Hero 4.10/Saved/Autosaves/Game/SGH/UI/UMG/GameHUD_Auto1.uasset'
[2016.02.18-03.58.08:458][105]LogSavePackage: Total save time: 2798.046555ms
[2016.02.18-03.58.08:458][105]LogSavePackage:Display: Finished SavePackage ../../../../../실무/Herose-defend/Hero 4.10/Saved/Autosaves/Game/SGH/UI/UMG/GameHUD_Auto1.uasset
[2016.02.18-03.58.08:458][105]LogFileHelpers: Auto-saving content packages took 2.815
[2016.02.18-04.06.39:057][ 26]BlueprintLog: New page: GameHUD 컴파일
[2016.02.18-04.06.39:742][ 26]BlueprintEditorCompileResults: 정보 [1786.05] GameHUD 컴파일에 성공했습니다! [소요시간 684 ms]
[2016.02.18-04.06.40:861][ 47]Cmd: OBJ SAVEPACKAGE PACKAGE="/Game/SGH/UI/UMG/GameHUD" FILE="../../../../../실무/Herose-defend/Hero 4.10/Content/SGH/UI/UMG/GameHUD.uasset" SILENT=true
[2016.02.18-04.06.43:606][ 47]LogSavePackage: Save=2739.601563ms
[2016.02.18-04.06.43:606][ 47]LogSavePackage: Moving '../../../../../실무/Herose-defend/Hero 4.10/Saved/GameHUDE39A92E54CED372DB51064B28D7032C3.tmp' to '../../../../../실무/Herose-defend/Hero 4.10/Content/SGH/UI/UMG/GameHUD.uasset'
[2016.02.18-04.06.43:609][ 47]LogSavePackage: Total save time: 2746.699762ms
[2016.02.18-04.06.43:609][ 47]LogSavePackage:Display: Finished SavePackage ../../../../../실무/Herose-defend/Hero 4.10/Content/SGH/UI/UMG/GameHUD.uasset
[2016.02.18-04.08.50:894][815]BlueprintLog: New page: GameHUD 컴파일
[2016.02.18-04.08.51:573][815]BlueprintEditorCompileResults: 정보 [1917.88] GameHUD 컴파일에 성공했습니다! [소요시간 678 ms]
[2016.02.18-04.08.52:510][830]Cmd: OBJ SAVEPACKAGE PACKAGE="/Game/SGH/UI/UMG/GameHUD" FILE="../../../../../실무/Herose-defend/Hero 4.10/Content/SGH/UI/UMG/GameHUD.uasset" SILENT=true
[2016.02.18-04.08.55:271][830]LogSavePackage: Save=2758.781738ms
[2016.02.18-04.08.55:271][830]LogSavePackage: Moving '../../../../../실무/Herose-defend/Hero 4.10/Saved/GameHUD5649919B46CFF5E360C085BF1DDDBFCC.tmp' to '../../../../../실무/Herose-defend/Hero 4.10/Content/SGH/UI/UMG/GameHUD.uasset'
[2016.02.18-04.08.55:274][830]LogSavePackage: Total save time: 2762.579970ms
[2016.02.18-04.08.55:274][830]LogSavePackage:Display: Finished SavePackage ../../../../../실무/Herose-defend/Hero 4.10/Content/SGH/UI/UMG/GameHUD.uasset
[2016.02.18-04.09.32:807][723]LogActorComponent: UnregisterComponent: (/Engine/Transient.CharMoveComp) Not registered. Aborting.
[2016.02.18-04.09.40:247][147]LogActorComponent: UnregisterComponent: (/Engine/Transient.CharacterMovementComponent_0) Not registered. Aborting.
[2016.02.18-04.09.42:755][268]BlueprintLog: New page: BP_FHero_Warrior 컴파일
[2016.02.18-04.09.43:250][268]LogActorComponent: UnregisterComponent: (/Engine/Transient.CharacterMovementComponent_1) Not registered. Aborting.
[2016.02.18-04.09.43:305][268]LogParticles: Destroying 0 GPU particle simulations for FXSystem 0x0000000085341A80
[2016.02.18-04.09.43:305][268]BlueprintEditorCompileResults: 정보 [1969.61] BP_FHero_Warrior 컴파일에 성공했습니다! [소요시간 549 ms]
[2016.02.18-04.11.25:100][664]LogActorComponent: UnregisterComponent: (/Engine/Transient.CharMoveComp) Not registered. Aborting.
[2016.02.18-04.11.29:349][860]LogActorComponent: UnregisterComponent: (/Engine/Transient.CharacterMovementComponent_2) Not registered. Aborting.
[2016.02.18-04.11.35:182][136]BlueprintLog: New page: BP_FHero_Warrior 컴파일
[2016.02.18-04.11.35:691][136]LogActorComponent: UnregisterComponent: (/Engine/Transient.CharacterMovementComponent_3) Not registered. Aborting.
[2016.02.18-04.11.35:749][136]BlueprintEditorCompileResults: 정보 [2082.05] BP_FHero_Warrior 컴파일에 성공했습니다! [소요시간 566 ms]
[2016.02.18-04.11.44:193][530]LogActorComponent: UnregisterComponent: (/Engine/Transient.CharMoveComp) Not registered. Aborting.
[2016.02.18-04.11.49:685][760]BlueprintLog: New page: BP_FHero_Warrior 컴파일
[2016.02.18-04.11.50:177][760]LogActorComponent: UnregisterComponent: (/Engine/Transient.CharacterMovementComponent_4) Not registered. Aborting.
[2016.02.18-04.11.50:229][760]BlueprintEditorCompileResults: 정보 [2096.53] BP_FHero_Warrior 컴파일에 성공했습니다! [소요시간 543 ms]
[2016.02.18-04.11.53:621][795]LogSavePackage: Save=1677.264404ms
[2016.02.18-04.11.53:621][795]LogSavePackage: Moving '../../../../../실무/Herose-defend/Hero 4.10/Saved/BP_FHero_Warrior019163AD4BFD129BC87D3FB63C49ADF2.tmp' to '../../../../../실무/Herose-defend/Hero 4.10/Content/SGH/Character/PlayerCharacter/BP_FHero_Warrior.uasset'
[2016.02.18-04.11.53:624][795]LogSavePackage: Total save time: 1684.115343ms
[2016.02.18-04.11.53:624][795]LogSavePackage:Display: Finished SavePackage ../../../../../실무/Herose-defend/Hero 4.10/Content/SGH/Character/PlayerCharacter/BP_FHero_Warrior.uasset
[2016.02.18-04.12.19:363][ 74]LogWindows: LaunchURL http://docs.unrealengine.com/latest/KOR/index.html?utm_source=editor&utm_medium=docs&utm_campaign=help_menu_asset
[2016.02.18-04.22.12:264][451]LogActorComponent: UnregisterComponent: (/Engine/Transient.CharMoveComp) Not registered. Aborting.
[2016.02.18-04.22.12:265][451]LogActorComponent: UnregisterComponent: (/Engine/Transient.ProjectileMovement_GEN_VARIABLE) Not registered. Aborting.
[2016.02.18-04.24.16:747][728]BlueprintLog: New page: BP_FHero_Warrior 컴파일
[2016.02.18-04.24.17:360][728]BlueprintEditorCompileResults: 정보 [2843.64] BP_FHero_Warrior 컴파일에 성공했습니다! [소요시간 612 ms]
[2016.02.18-04.25.18:096][247]LogFileHelpers: Editor autosave (incl. sublevels) for '/Game/StarterContent/Maps/Minimal_Default' took 0.034
[2016.02.18-04.25.18:105][247]OBJ SavePackage: Generating thumbnails for [1] asset(s) in package [/Game/SGH/Character/PlayerCharacter/BP_FHero_Warrior] ([1] browsable assets)...
[2016.02.18-04.25.18:142][247]OBJ SavePackage:     Rendered thumbnail for [Blueprint /Game/SGH/Character/PlayerCharacter/BP_FHero_Warrior.BP_FHero_Warrior]
[2016.02.18-04.25.18:142][247]OBJ SavePackage: Finished generating thumbnails for package [/Game/SGH/Character/PlayerCharacter/BP_FHero_Warrior]
[2016.02.18-04.25.20:008][247]LogSavePackage: Save=1860.640259ms
[2016.02.18-04.25.20:008][247]LogSavePackage: Moving '../../../../../실무/Herose-defend/Hero 4.10/Saved/BP_FHero_Warrior_Auto2EC0536D74AF92F664C7A87B91183F7CF.tmp' to '../../../../../실무/Herose-defend/Hero 4.10/Saved/Autosaves/Game/SGH/Character/PlayerCharacter/BP_FHero_Warrior_Auto2.uasset'
[2016.02.18-04.25.20:010][247]LogSavePackage: Total save time: 1865.924478ms
[2016.02.18-04.25.20:010][247]LogSavePackage:Display: Finished SavePackage ../../../../../실무/Herose-defend/Hero 4.10/Saved/Autosaves/Game/SGH/Character/PlayerCharacter/BP_FHero_Warrior_Auto2.uasset
[2016.02.18-04.25.20:010][247]LogFileHelpers: Auto-saving content packages took 1.913
[2016.02.18-04.25.32:916][611]LogActorComponent: UnregisterComponent: (/Engine/Transient.CharMoveComp) Not registered. Aborting.
[2016.02.18-04.26.13:826][330]BlueprintLog: New page: BP_FHero_Warrior 컴파일
[2016.02.18-04.26.14:222][330]LogBlueprint:Warning: [GameHUD] CreatePinForVariable: 'Skill_1' variable not found. Base class was probably changed.
[2016.02.18-04.26.14:222][330]LogBlueprint:Warning: [GameHUD] CreatePinForVariable: 'Skill_1' variable not found. Base class was probably changed.
[2016.02.18-04.26.14:222][330]LogBlueprint:Warning: [GameHUD] CreatePinForVariable: 'Skill_1' variable not found. Base class was probably changed.
[2016.02.18-04.26.14:246][330]LogBlueprint:Warning: [compiler GameHUD] 경고 이름이 "Skill_1" 인 함수를 'BP_FHero_Warrior_C' 에서 찾을 수 없었습니다.
'BP_FHero_Warrior_C' 컴파일이  Skill_1 설정  에 대해 되었는지 확인하세요.
[2016.02.18-04.26.14:246][330]LogBlueprint:Warning: [compiler GameHUD] 경고 이름이 "Skill_1" 인 함수를 'BP_FHero_Warrior_C' 에서 찾을 수 없었습니다.
'BP_FHero_Warrior_C' 컴파일이  Skill_1 구하기  에 대해 되었는지 확인하세요.
[2016.02.18-04.26.14:252][330]LogBlueprint:Error: [compiler GameHUD] 오류  Skill 1  와 연관된 프로퍼티를 찾지 못했습니다.
[2016.02.18-04.26.14:252][330]LogBlueprint:Error: [compiler GameHUD] 오류  Skill 1  와 연관된 프로퍼티를 찾지 못했습니다.
[2016.02.18-04.26.14:533][330]BlueprintEditorCompileResults: 정보 [2960.81] BP_FHero_Warrior 컴파일에 성공했습니다! [소요시간 706 ms]
[2016.02.18-04.26.18:063][383]LogSavePackage: Save=1828.987183ms
[2016.02.18-04.26.18:063][383]LogSavePackage: Moving '../../../../../실무/Herose-defend/Hero 4.10/Saved/BP_FHero_WarriorB650B6804A7858BBDCC7B0AE39F64F7E.tmp' to '../../../../../실무/Herose-defend/Hero 4.10/Content/SGH/Character/PlayerCharacter/BP_FHero_Warrior.uasset'
[2016.02.18-04.26.18:066][383]LogSavePackage: Total save time: 1832.916647ms
[2016.02.18-04.26.18:066][383]LogSavePackage:Display: Finished SavePackage ../../../../../실무/Herose-defend/Hero 4.10/Content/SGH/Character/PlayerCharacter/BP_FHero_Warrior.uasset
[2016.02.18-04.26.26:433][769]BlueprintLog: New page: BP_FHero_Warrior 컴파일
[2016.02.18-04.26.26:786][769]LogBlueprint:Warning: [GameHUD] CreatePinForVariable: 'Skill_1' variable not found. Base class was probably changed.
[2016.02.18-04.26.26:786][769]LogBlueprint:Warning: [GameHUD] CreatePinForVariable: 'Skill_1' variable not found. Base class was probably changed.
[2016.02.18-04.26.26:786][769]LogBlueprint:Warning: [GameHUD] CreatePinForVariable: 'Skill_1' variable not found. Base class was probably changed.
[2016.02.18-04.26.27:372][769]LogBlueprint:Warning: [compiler GameHUD] 경고 이름이 "Skill_1" 인 함수를 'BP_FHero_Warrior_C' 에서 찾을 수 없었습니다.
'BP_FHero_Warrior_C' 컴파일이  Skill_1 설정  에 대해 되었는지 확인하세요.
[2016.02.18-04.26.27:372][769]LogBlueprint:Warning: [compiler GameHUD] 경고 이름이 "Skill_1" 인 함수를 'BP_FHero_Warrior_C' 에서 찾을 수 없었습니다.
'BP_FHero_Warrior_C' 컴파일이  Skill_1 구하기  에 대해 되었는지 확인하세요.
[2016.02.18-04.26.27:378][769]LogBlueprint:Error: [compiler GameHUD] 오류  Skill 1  와 연관된 프로퍼티를 찾지 못했습니다.
[2016.02.18-04.26.27:378][769]LogBlueprint:Error: [compiler GameHUD] 오류  Skill 1  와 연관된 프로퍼티를 찾지 못했습니다.
[2016.02.18-04.26.27:429][769]LogActorComponent: UnregisterComponent: (/Engine/Transient.CharMoveComp) Not registered. Aborting.
[2016.02.18-04.26.27:733][769]BlueprintEditorCompileResults: 정보 [2974.01] BP_FHero_Warrior 컴파일에 성공했습니다! [소요시간 1,300 ms]
[2016.02.18-04.26.30:442][794]LogSavePackage: Save=1671.696899ms
[2016.02.18-04.26.30:442][794]LogSavePackage: Moving '../../../../../실무/Herose-defend/Hero 4.10/Saved/BP_FHero_Warrior1153DCDB45F1C92CFE96BDB127D71572.tmp' to '../../../../../실무/Herose-defend/Hero 4.10/Content/SGH/Character/PlayerCharacter/BP_FHero_Warrior.uasset'
[2016.02.18-04.26.30:445][794]LogSavePackage: Total save time: 1675.651830ms
[2016.02.18-04.26.30:445][794]LogSavePackage:Display: Finished SavePackage ../../../../../실무/Herose-defend/Hero 4.10/Content/SGH/Character/PlayerCharacter/BP_FHero_Warrior.uasset
[2016.02.18-04.28.12:433][310]BlueprintLog: New page: GameHUD 컴파일
[2016.02.18-04.28.13:009][310]LogBlueprint:Error: [compiler GameHUD] 오류  Skill Struct  에 대해 break 할 입력 구조체가 없습니다.
[2016.02.18-04.28.13:155][310]LogActorComponent: UnregisterComponent: (/Engine/Transient.CharMoveComp) Not registered. Aborting.
[2016.02.18-04.28.13:305][310]LogBlueprint:Warning: [compiler GameHUD] 경고 [3079.58] GameHUD 컴파일에 실패했습니다. 치명적 오류 1 회, 경고 0 회, [소요시간 871 ms]
[2016.02.18-04.28.13:305][310]BlueprintEditorCompileResults:Error: 오류  Skill Struct  에 대해 break 할 입력 구조체가 없습니다.
[2016.02.18-04.28.13:305][310]BlueprintEditorCompileResults:Warning: 경고 [3079.58] GameHUD 컴파일에 실패했습니다. 치명적 오류 1 회, 경고 0 회, [소요시간 871 ms]
[2016.02.18-04.29.48:879][132]BlueprintLog: New page: GameHUD 컴파일
[2016.02.18-04.29.49:625][132]BlueprintEditorCompileResults: 정보 [3175.89] GameHUD 컴파일에 성공했습니다! [소요시간 746 ms]
[2016.02.18-04.29.50:828][145]Cmd: OBJ SAVEPACKAGE PACKAGE="/Game/SGH/UI/UMG/GameHUD" FILE="../../../../../실무/Herose-defend/Hero 4.10/Content/SGH/UI/UMG/GameHUD.uasset" SILENT=true
[2016.02.18-04.29.53:654][145]LogSavePackage: Save=2820.949219ms
[2016.02.18-04.29.53:654][145]LogSavePackage: Moving '../../../../../실무/Herose-defend/Hero 4.10/Saved/GameHUD18D6FC7A4CA1DB162D71DAAA81925A90.tmp' to '../../../../../실무/Herose-defend/Hero 4.10/Content/SGH/UI/UMG/GameHUD.uasset'
[2016.02.18-04.29.53:657][145]LogSavePackage: Total save time: 2827.677254ms
[2016.02.18-04.29.53:657][145]LogSavePackage:Display: Finished SavePackage ../../../../../실무/Herose-defend/Hero 4.10/Content/SGH/UI/UMG/GameHUD.uasset
[2016.02.18-04.36.58:398][958]LogFileHelpers: Editor autosave (incl. sublevels) for '/Game/StarterContent/Maps/Minimal_Default' took 0.037
[2016.02.18-04.36.58:406][958]OBJ SavePackage: Generating thumbnails for [0] asset(s) in package [/Game/SGH/UI/UMG/GameHUD] ([1] browsable assets)...
[2016.02.18-04.36.58:406][958]OBJ SavePackage: Finished generating thumbnails for package [/Game/SGH/UI/UMG/GameHUD]
[2016.02.18-04.36.58:406][958]Cmd: OBJ SAVEPACKAGE PACKAGE="/Game/SGH/UI/UMG/GameHUD" FILE="../../../../../실무/Herose-defend/Hero 4.10/Saved/Autosaves/Game/SGH/UI/UMG/GameHUD_Auto3.uasset" SILENT=false AUTOSAVING=true
[2016.02.18-04.37.01:569][958]LogSavePackage: Save=3158.112061ms
[2016.02.18-04.37.01:569][958]LogSavePackage: Moving '../../../../../실무/Herose-defend/Hero 4.10/Saved/GameHUD_Auto39BB1F7434F5C377E503E98AA55E7DD6A.tmp' to '../../../../../실무/Herose-defend/Hero 4.10/Saved/Autosaves/Game/SGH/UI/UMG/GameHUD_Auto3.uasset'
[2016.02.18-04.37.01:571][958]LogSavePackage: Total save time: 3163.435031ms
[2016.02.18-04.37.01:571][958]LogSavePackage:Display: Finished SavePackage ../../../../../실무/Herose-defend/Hero 4.10/Saved/Autosaves/Game/SGH/UI/UMG/GameHUD_Auto3.uasset
[2016.02.18-04.37.01:571][958]LogFileHelpers: Auto-saving content packages took 3.172
[2016.02.18-04.47.13:921][486]BlueprintLog: New page: GameHUD 컴파일
[2016.02.18-04.47.14:827][486]BlueprintEditorCompileResults: 정보 [4221.06] GameHUD 컴파일에 성공했습니다! [소요시간 905 ms]
[2016.02.18-04.47.16:492][500]Cmd: OBJ SAVEPACKAGE PACKAGE="/Game/SGH/UI/UMG/GameHUD" FILE="../../../../../실무/Herose-defend/Hero 4.10/Content/SGH/UI/UMG/GameHUD.uasset" SILENT=true
[2016.02.18-04.47.20:076][500]LogSavePackage: Save=3576.998779ms
[2016.02.18-04.47.20:076][500]LogSavePackage: Moving '../../../../../실무/Herose-defend/Hero 4.10/Saved/GameHUD0BC763364D2F86E4823739AD0EDA4AAE.tmp' to '../../../../../실무/Herose-defend/Hero 4.10/Content/SGH/UI/UMG/GameHUD.uasset'
[2016.02.18-04.47.20:079][500]LogSavePackage: Total save time: 3583.737139ms
[2016.02.18-04.47.20:079][500]LogSavePackage:Display: Finished SavePackage ../../../../../실무/Herose-defend/Hero 4.10/Content/SGH/UI/UMG/GameHUD.uasset
[2016.02.18-05.07.48:017][700]Cmd: OBJ SAVEPACKAGE PACKAGE="/Game/SGH/UI/UMG/GameHUD" FILE="../../../../../실무/Herose-defend/Hero 4.10/Content/SGH/UI/UMG/GameHUD.uasset" SILENT=true
[2016.02.18-05.07.51:568][700]LogSavePackage: Save=3544.672363ms
[2016.02.18-05.07.51:569][700]LogSavePackage: Moving '../../../../../실무/Herose-defend/Hero 4.10/Saved/GameHUDE4C9E4F946812AD4370B428E58BA0B48.tmp' to '../../../../../실무/Herose-defend/Hero 4.10/Content/SGH/UI/UMG/GameHUD.uasset'
[2016.02.18-05.07.51:570][700]LogSavePackage: Total save time: 3551.437762ms
[2016.02.18-05.07.51:570][700]LogSavePackage:Display: Finished SavePackage ../../../../../실무/Herose-defend/Hero 4.10/Content/SGH/UI/UMG/GameHUD.uasset
[2016.02.18-05.11.20:185][834]BlueprintLog: New page: GameHUD 컴파일
[2016.02.18-05.11.20:940][834]LogBlueprint:Error: [compiler GameHUD] 오류  Brush  레퍼런스 파라미터에 읽기 전용 변수를 전달할 수 없습니다.
[2016.02.18-05.11.21:176][834]LogBlueprint:Warning: [compiler GameHUD] 경고 [5667.37] GameHUD 컴파일에 실패했습니다. 치명적 오류 1 회, 경고 0 회, [소요시간 990 ms]
[2016.02.18-05.11.21:176][834]BlueprintEditorCompileResults:Error: 오류  Brush  레퍼런스 파라미터에 읽기 전용 변수를 전달할 수 없습니다.
[2016.02.18-05.11.21:176][834]BlueprintEditorCompileResults:Warning: 경고 [5667.37] GameHUD 컴파일에 실패했습니다. 치명적 오류 1 회, 경고 0 회, [소요시간 990 ms]
[2016.02.18-05.11.21:897][834]Cmd: OBJ SAVEPACKAGE PACKAGE="/Game/SGH/UI/UMG/GameHUD" FILE="../../../../../실무/Herose-defend/Hero 4.10/Content/SGH/UI/UMG/GameHUD.uasset" SILENT=true
[2016.02.18-05.11.25:499][834]LogSavePackage: Save=3599.518555ms
[2016.02.18-05.11.25:499][834]LogSavePackage: Moving '../../../../../실무/Herose-defend/Hero 4.10/Saved/GameHUD80ECF7DC430592AACCD09284A7F3269E.tmp' to '../../../../../실무/Herose-defend/Hero 4.10/Content/SGH/UI/UMG/GameHUD.uasset'
[2016.02.18-05.11.25:502][834]LogSavePackage: Total save time: 3603.783175ms
[2016.02.18-05.11.25:502][834]LogSavePackage:Display: Finished SavePackage ../../../../../실무/Herose-defend/Hero 4.10/Content/SGH/UI/UMG/GameHUD.uasset
[2016.02.18-05.11.28:871][970]BlueprintLog: New page: GameHUD 컴파일
[2016.02.18-05.11.29:631][970]LogBlueprint:Error: [compiler GameHUD] 오류  Brush  레퍼런스 파라미터에 읽기 전용 변수를 전달할 수 없습니다.
[2016.02.18-05.11.29:880][970]LogBlueprint:Warning: [compiler GameHUD] 경고 [5676.07] GameHUD 컴파일에 실패했습니다. 치명적 오류 1 회, 경고 0 회, [소요시간 1,008 ms]
[2016.02.18-05.11.29:880][970]BlueprintEditorCompileResults:Error: 오류  Brush  레퍼런스 파라미터에 읽기 전용 변수를 전달할 수 없습니다.
[2016.02.18-05.11.29:880][970]BlueprintEditorCompileResults:Warning: 경고 [5676.07] GameHUD 컴파일에 실패했습니다. 치명적 오류 1 회, 경고 0 회, [소요시간 1,008 ms]
[2016.02.18-05.11.37:146][133]BlueprintLog: New page: GameHUD 컴파일
[2016.02.18-05.11.38:054][133]BlueprintEditorCompileResults: 정보 [5684.25] GameHUD 컴파일에 성공했습니다! [소요시간 907 ms]
[2016.02.18-05.11.39:502][144]Cmd: OBJ SAVEPACKAGE PACKAGE="/Game/SGH/UI/UMG/GameHUD" FILE="../../../../../실무/Herose-defend/Hero 4.10/Content/SGH/UI/UMG/GameHUD.uasset" SILENT=true
[2016.02.18-05.11.43:046][144]LogSavePackage: Save=3541.593750ms
[2016.02.18-05.11.43:046][144]LogSavePackage: Moving '../../../../../실무/Herose-defend/Hero 4.10/Saved/GameHUDA958C0A24F37D63C9A3CD3A4705EC4DA.tmp' to '../../../../../실무/Herose-defend/Hero 4.10/Content/SGH/UI/UMG/GameHUD.uasset'
[2016.02.18-05.11.43:049][144]LogSavePackage: Total save time: 3545.771368ms
[2016.02.18-05.11.43:049][144]LogSavePackage:Display: Finished SavePackage ../../../../../실무/Herose-defend/Hero 4.10/Content/SGH/UI/UMG/GameHUD.uasset
[2016.02.18-05.14.30:617][521]LogTexture:Display: 텍스처 빌드중: ThumbnailTexture (DXT1)
[2016.02.18-05.14.32:434][586]BlueprintLog: New page: GameHUD 컴파일
[2016.02.18-05.14.33:328][586]LogParticles: Destroying 0 GPU particle simulations for FXSystem 0x000000005ADA3060
[2016.02.18-05.14.33:345][586]BlueprintEditorCompileResults: 정보 [5859.53] GameHUD 컴파일에 성공했습니다! [소요시간 910 ms]
[2016.02.18-05.15.24:274][412]LogProperty:Warning: ObjectProperty /Script/Engine.EdGraphPin:LinkedTo.LinkedTo: unresolved reference to 'EdGraphPin'K2Node_VariableGet_2342.EdGraphPin_35130''
[2016.02.18-05.15.24:274][412]LogProperty:Warning: ObjectProperty /Script/Engine.EdGraphPin:LinkedTo.LinkedTo: unresolved reference to 'EdGraphPin'K2Node_VariableGet_2451.EdGraphPin_35430''
[2016.02.18-05.15.24:274][412]LogProperty:Warning: ObjectProperty /Script/Engine.EdGraphPin:LinkedTo.LinkedTo: unresolved reference to 'EdGraphPin'K2Node_VariableGet_2452.EdGraphPin_35450''
[2016.02.18-05.15.24:274][412]LogProperty:Warning: ObjectProperty /Script/Engine.EdGraphPin:LinkedTo.LinkedTo: unresolved reference to 'EdGraphPin'K2Node_VariableGet_2450.EdGraphPin_35410''
[2016.02.18-05.15.24:294][412]LogProperty:Warning: ObjectProperty /Script/Engine.EdGraphPin:LinkedTo.LinkedTo: unresolved reference to 'EdGraphPin'K2Node_BreakStruct_258.EdGraphPin_35131''
[2016.02.18-05.15.24:295][412]LogProperty:Warning: ObjectProperty /Script/Engine.EdGraphPin:LinkedTo.LinkedTo: unresolved reference to 'EdGraphPin'K2Node_CallFunction_4103.EdGraphPin_35407''
[2016.02.18-05.15.24:309][412]LogProperty:Warning: ObjectProperty /Script/Engine.EdGraphPin:LinkedTo.LinkedTo: unresolved reference to 'EdGraphPin'K2Node_IfThenElse_23.EdGraphPin_29815''
[2016.02.18-05.15.24:310][412]LogProperty:Warning: ObjectProperty /Script/Engine.EdGraphPin:LinkedTo.LinkedTo: unresolved reference to 'EdGraphPin'K2Node_IfThenElse_56.EdGraphPin_35394''
[2016.02.18-05.15.24:310][412]LogProperty:Warning: ObjectProperty /Script/Engine.EdGraphPin:LinkedTo.LinkedTo: unresolved reference to 'EdGraphPin'K2Node_IfThenElse_57.EdGraphPin_35398''
[2016.02.18-05.15.24:310][412]LogProperty:Warning: ObjectProperty /Script/Engine.EdGraphPin:LinkedTo.LinkedTo: unresolved reference to 'EdGraphPin'K2Node_CallFunction_4106.EdGraphPin_35428''
[2016.02.18-05.15.24:310][412]LogProperty:Warning: ObjectProperty /Script/Engine.EdGraphPin:LinkedTo.LinkedTo: unresolved reference to 'EdGraphPin'K2Node_BreakStruct_261.EdGraphPin_35420''
[2016.02.18-05.15.24:311][412]LogProperty:Warning: ObjectProperty /Script/Engine.EdGraphPin:LinkedTo.LinkedTo: unresolved reference to 'EdGraphPin'K2Node_VariableGet_2450.EdGraphPin_35409''
[2016.02.18-05.15.24:312][412]LogProperty:Warning: ObjectProperty /Script/Engine.EdGraphPin:LinkedTo.LinkedTo: unresolved reference to 'EdGraphPin'K2Node_BreakStruct_262.EdGraphPin_35431''
[2016.02.18-05.15.24:313][412]LogProperty:Warning: ObjectProperty /Script/Engine.EdGraphPin:LinkedTo.LinkedTo: unresolved reference to 'EdGraphPin'K2Node_CallFunction_4107.EdGraphPin_35442''
[2016.02.18-05.15.24:313][412]LogProperty:Warning: ObjectProperty /Script/Engine.EdGraphPin:LinkedTo.LinkedTo: unresolved reference to 'EdGraphPin'K2Node_IfThenElse_57.EdGraphPin_35399''
[2016.02.18-05.15.24:314][412]LogProperty:Warning: ObjectProperty /Script/Engine.EdGraphPin:LinkedTo.LinkedTo: unresolved reference to 'EdGraphPin'K2Node_IfThenElse_58.EdGraphPin_35402''
[2016.02.18-05.15.24:314][412]LogProperty:Warning: ObjectProperty /Script/Engine.EdGraphPin:LinkedTo.LinkedTo: unresolved reference to 'EdGraphPin'K2Node_CallFunction_4108.EdGraphPin_35463''
[2016.02.18-05.15.24:314][412]LogProperty:Warning: ObjectProperty /Script/Engine.EdGraphPin:LinkedTo.LinkedTo: unresolved reference to 'EdGraphPin'K2Node_BreakStruct_263.EdGraphPin_35460''
[2016.02.18-05.15.24:315][412]LogProperty:Warning: ObjectProperty /Script/Engine.EdGraphPin:LinkedTo.LinkedTo: unresolved reference to 'EdGraphPin'K2Node_VariableGet_2452.EdGraphPin_35449''
[2016.02.18-05.16.19:948][129]BlueprintLog: New page: GameHUD 컴파일
[2016.02.18-05.16.20:950][129]BlueprintEditorCompileResults: 정보 [5967.13] GameHUD 컴파일에 성공했습니다! [소요시간 1,001 ms]
[2016.02.18-05.16.22:541][144]Cmd: OBJ SAVEPACKAGE PACKAGE="/Game/SGH/UI/UMG/GameHUD" FILE="../../../../../실무/Herose-defend/Hero 4.10/Content/SGH/UI/UMG/GameHUD.uasset" SILENT=true
[2016.02.18-05.16.26:148][144]LogSavePackage: Save=3599.898193ms
[2016.02.18-05.16.26:148][144]LogSavePackage: Moving '../../../../../실무/Herose-defend/Hero 4.10/Saved/GameHUDDD6784B743B93213FAAABAB50D3F9813.tmp' to '../../../../../실무/Herose-defend/Hero 4.10/Content/SGH/UI/UMG/GameHUD.uasset'
[2016.02.18-05.16.26:151][144]LogSavePackage: Total save time: 3606.805146ms
[2016.02.18-05.16.26:151][144]LogSavePackage:Display: Finished SavePackage ../../../../../실무/Herose-defend/Hero 4.10/Content/SGH/UI/UMG/GameHUD.uasset
[2016.02.18-05.16.35:367][513]BlueprintLog: New page: GameHUD 컴파일
[2016.02.18-05.16.36:370][513]BlueprintEditorCompileResults: 정보 [5982.55] GameHUD 컴파일에 성공했습니다! [소요시간 1,003 ms]
[2016.02.18-05.16.37:940][529]Cmd: OBJ SAVEPACKAGE PACKAGE="/Game/SGH/UI/UMG/GameHUD" FILE="../../../../../실무/Herose-defend/Hero 4.10/Content/SGH/UI/UMG/GameHUD.uasset" SILENT=true
[2016.02.18-05.16.41:503][529]LogSavePackage: Save=3560.088135ms
[2016.02.18-05.16.41:503][529]LogSavePackage: Moving '../../../../../실무/Herose-defend/Hero 4.10/Saved/GameHUD55A76B214C36BB6CFB0616B758C308B5.tmp' to '../../../../../실무/Herose-defend/Hero 4.10/Content/SGH/UI/UMG/GameHUD.uasset'
[2016.02.18-05.16.41:506][529]LogSavePackage: Total save time: 3564.283557ms
[2016.02.18-05.16.41:506][529]LogSavePackage:Display: Finished SavePackage ../../../../../실무/Herose-defend/Hero 4.10/Content/SGH/UI/UMG/GameHUD.uasset
[2016.02.18-05.16.59:610][337]LogTexture:Display: 텍스처 빌드중: Skill1 (AutoDXT)
[2016.02.18-05.21.03:282][350]BlueprintLog: New page: GameHUD 컴파일
[2016.02.18-05.21.04:235][350]BlueprintEditorCompileResults: 정보 [6250.41] GameHUD 컴파일에 성공했습니다! [소요시간 953 ms]
[2016.02.18-05.21.05:482][365]Cmd: OBJ SAVEPACKAGE PACKAGE="/Game/SGH/UI/UMG/GameHUD" FILE="../../../../../실무/Herose-defend/Hero 4.10/Content/SGH/UI/UMG/GameHUD.uasset" SILENT=true
[2016.02.18-05.21.09:232][365]LogSavePackage: Save=3747.360596ms
[2016.02.18-05.21.09:232][365]LogSavePackage: Moving '../../../../../실무/Herose-defend/Hero 4.10/Saved/GameHUDD52DF3234F736A48EB6E4D8D5C8AA4B4.tmp' to '../../../../../실무/Herose-defend/Hero 4.10/Content/SGH/UI/UMG/GameHUD.uasset'
[2016.02.18-05.21.09:235][365]LogSavePackage: Total save time: 3751.492560ms
[2016.02.18-05.21.09:235][365]LogSavePackage:Display: Finished SavePackage ../../../../../실무/Herose-defend/Hero 4.10/Content/SGH/UI/UMG/GameHUD.uasset
[2016.02.18-05.21.10:157][397]LogBlueprintUserMessages: Early PlayInEditor Detection: Level '/Game/StarterContent/Maps/Minimal_Default.Minimal_Default:PersistentLevel' has LevelScriptBlueprint '/Game/StarterContent/Maps/Minimal_Default.Minimal_Default:PersistentLevel.Minimal_Default' with GeneratedClass '/Game/StarterContent/Maps/Minimal_Default.Minimal_Default_C' with ClassGeneratedBy '/Game/StarterContent/Maps/Minimal_Default.Minimal_Default:PersistentLevel.Minimal_Default'
[2016.02.18-05.21.10:157][397]LogPlayLevel: PlayLevel: No blueprints needed recompiling
[2016.02.18-05.21.10:157][397]PIE: New page: PIE 세션: Minimal_Default (2016. 2. 18. 오후 11:21:10)
[2016.02.18-05.21.10:157][397]LogPlayLevel: Creating play world package: /Game/StarterContent/Maps/UEDPIE_0_Minimal_Default
[2016.02.18-05.21.10:237][397]LogPlayLevel: PIE: StaticDuplicateObject took: (0.079387s)
[2016.02.18-05.21.10:249][397]LogAIModule: Creating AISystem for world Minimal_Default
[2016.02.18-05.21.10:249][397]LogPlayLevel: PIE: World Init took: (0.012441s)
[2016.02.18-05.21.10:250][397]LogPlayLevel: PIE: Created PIE world by copying editor world from /Game/StarterContent/Maps/Minimal_Default.Minimal_Default to /Game/StarterContent/Maps/UEDPIE_0_Minimal_Default.Minimal_Default (0.092270s)
[2016.02.18-05.21.10:298][397]LogInit: XAudio2 using '스피커(Realtek High Definition Audio)' : 2 channels at 48 kHz using 32 bits per sample (channel mask 0x3)
[2016.02.18-05.21.10:309][397]LogInit: FAudioDevice initialized.
[2016.02.18-05.21.10:410][397]LogWorld: Game class is 'CustomMode_BP_C'
[2016.02.18-05.21.10:502][397]LogWorld: Bringing World /Game/StarterContent/Maps/UEDPIE_0_Minimal_Default.Minimal_Default up for play (max tick rate 0) at 2016.02.18-14.21.10
[2016.02.18-05.21.10:502][397]LogActor:Warning: GameSession /Game/StarterContent/Maps/UEDPIE_0_Minimal_Default.Minimal_Default:PersistentLevel.GameSession_1 has natively added scene component(s), but none of them were set as the actor's RootComponent - picking one arbitrarily
[2016.02.18-05.21.10:502][397]LogActor:Warning: GameNetworkManager /Game/StarterContent/Maps/UEDPIE_0_Minimal_Default.Minimal_Default:PersistentLevel.GameNetworkManager_1 has natively added scene component(s), but none of them were set as the actor's RootComponent - picking one arbitrarily
[2016.02.18-05.21.10:508][397]LogWorld: Bringing up level for play took: 0.096733
[2016.02.18-05.21.10:603][397]PIE: 정보 /Game/StarterContent/Maps/UEDPIE_0_Minimal_Default 에 대한 에디터에서 플레이 시작 시간: 1.07
[2016.02.18-05.21.10:603][397]LogBlueprintUserMessages: Late PlayInEditor Detection: Level '/Game/StarterContent/Maps/Minimal_Default.Minimal_Default:PersistentLevel' has LevelScriptBlueprint '/Game/StarterContent/Maps/Minimal_Default.Minimal_Default:PersistentLevel.Minimal_Default' with GeneratedClass '/Game/StarterContent/Maps/Minimal_Default.Minimal_Default_C' with ClassGeneratedBy '/Game/StarterContent/Maps/Minimal_Default.Minimal_Default:PersistentLevel.Minimal_Default'
[2016.02.18-05.21.34:851][660]LogBlueprintUserMessages: Early EndPlayMap Detection: Level '/Game/StarterContent/Maps/Minimal_Default.Minimal_Default:PersistentLevel' has LevelScriptBlueprint '/Game/StarterContent/Maps/Minimal_Default.Minimal_Default:PersistentLevel.Minimal_Default' with GeneratedClass '/Game/StarterContent/Maps/Minimal_Default.Minimal_Default_C' with ClassGeneratedBy '/Game/StarterContent/Maps/Minimal_Default.Minimal_Default:PersistentLevel.Minimal_Default'
[2016.02.18-05.21.34:892][660]LogBlueprintUserMessages: Late EndPlayMap Detection: Level '/Game/StarterContent/Maps/Minimal_Default.Minimal_Default:PersistentLevel' has LevelScriptBlueprint '/Game/StarterContent/Maps/Minimal_Default.Minimal_Default:PersistentLevel.Minimal_Default' with GeneratedClass '/Game/StarterContent/Maps/Minimal_Default.Minimal_Default_C' with ClassGeneratedBy '/Game/StarterContent/Maps/Minimal_Default.Minimal_Default:PersistentLevel.Minimal_Default'
[2016.02.18-05.21.34:939][660]LogParticles: Destroying 0 GPU particle simulations for FXSystem 0x000000007ECAE340
[2016.02.18-05.22.16:392][380]BlueprintLog: New page: GameHUD 컴파일
[2016.02.18-05.22.17:420][380]BlueprintEditorCompileResults: 정보 [6323.59] GameHUD 컴파일에 성공했습니다! [소요시간 1,027 ms]
[2016.02.18-05.22.18:436][410]LogBlueprintUserMessages: Early PlayInEditor Detection: Level '/Game/StarterContent/Maps/Minimal_Default.Minimal_Default:PersistentLevel' has LevelScriptBlueprint '/Game/StarterContent/Maps/Minimal_Default.Minimal_Default:PersistentLevel.Minimal_Default' with GeneratedClass '/Game/StarterContent/Maps/Minimal_Default.Minimal_Default_C' with ClassGeneratedBy '/Game/StarterContent/Maps/Minimal_Default.Minimal_Default:PersistentLevel.Minimal_Default'
[2016.02.18-05.22.18:436][410]LogPlayLevel: PlayLevel: No blueprints needed recompiling
[2016.02.18-05.22.18:436][410]PIE: New page: PIE 세션: Minimal_Default (2016. 2. 18. 오후 11:22:18)
[2016.02.18-05.22.18:436][410]LogPlayLevel: Creating play world package: /Game/StarterContent/Maps/UEDPIE_0_Minimal_Default
[2016.02.18-05.22.18:512][410]LogPlayLevel: PIE: StaticDuplicateObject took: (0.076292s)
[2016.02.18-05.22.18:514][410]LogAIModule: Creating AISystem for world Minimal_Default
[2016.02.18-05.22.18:514][410]LogPlayLevel: PIE: World Init took: (0.001395s)
[2016.02.18-05.22.18:514][410]LogPlayLevel: PIE: Created PIE world by copying editor world from /Game/StarterContent/Maps/Minimal_Default.Minimal_Default to /Game/StarterContent/Maps/UEDPIE_0_Minimal_Default.Minimal_Default (0.078144s)
[2016.02.18-05.22.18:563][410]LogInit: XAudio2 using '스피커(Realtek High Definition Audio)' : 2 channels at 48 kHz using 32 bits per sample (channel mask 0x3)
[2016.02.18-05.22.18:573][410]LogInit: FAudioDevice initialized.
[2016.02.18-05.22.18:658][410]LogWorld: Game class is 'CustomMode_BP_C'
[2016.02.18-05.22.18:752][410]LogWorld: Bringing World /Game/StarterContent/Maps/UEDPIE_0_Minimal_Default.Minimal_Default up for play (max tick rate 0) at 2016.02.18-14.22.18
[2016.02.18-05.22.18:752][410]LogActor:Warning: GameSession /Game/StarterContent/Maps/UEDPIE_0_Minimal_Default.Minimal_Default:PersistentLevel.GameSession_2 has natively added scene component(s), but none of them were set as the actor's RootComponent - picking one arbitrarily
[2016.02.18-05.22.18:752][410]LogActor:Warning: GameNetworkManager /Game/StarterContent/Maps/UEDPIE_0_Minimal_Default.Minimal_Default:PersistentLevel.GameNetworkManager_2 has natively added scene component(s), but none of them were set as the actor's RootComponent - picking one arbitrarily
[2016.02.18-05.22.18:757][410]LogWorld: Bringing up level for play took: 0.098315
[2016.02.18-05.22.18:798][410]PIE: 정보 /Game/StarterContent/Maps/UEDPIE_0_Minimal_Default 에 대한 에디터에서 플레이 시작 시간: 1.262
[2016.02.18-05.22.18:798][410]LogBlueprintUserMessages: Late PlayInEditor Detection: Level '/Game/StarterContent/Maps/Minimal_Default.Minimal_Default:PersistentLevel' has LevelScriptBlueprint '/Game/StarterContent/Maps/Minimal_Default.Minimal_Default:PersistentLevel.Minimal_Default' with GeneratedClass '/Game/StarterContent/Maps/Minimal_Default.Minimal_Default_C' with ClassGeneratedBy '/Game/StarterContent/Maps/Minimal_Default.Minimal_Default:PersistentLevel.Minimal_Default'
[2016.02.18-05.22.31:177][963]LogBlueprintUserMessages: Early EndPlayMap Detection: Level '/Game/StarterContent/Maps/Minimal_Default.Minimal_Default:PersistentLevel' has LevelScriptBlueprint '/Game/StarterContent/Maps/Minimal_Default.Minimal_Default:PersistentLevel.Minimal_Default' with GeneratedClass '/Game/StarterContent/Maps/Minimal_Default.Minimal_Default_C' with ClassGeneratedBy '/Game/StarterContent/Maps/Minimal_Default.Minimal_Default:PersistentLevel.Minimal_Default'
[2016.02.18-05.22.31:238][963]LogBlueprintUserMessages: Late EndPlayMap Detection: Level '/Game/StarterContent/Maps/Minimal_Default.Minimal_Default:PersistentLevel' has LevelScriptBlueprint '/Game/StarterContent/Maps/Minimal_Default.Minimal_Default:PersistentLevel.Minimal_Default' with GeneratedClass '/Game/StarterContent/Maps/Minimal_Default.Minimal_Default_C' with ClassGeneratedBy '/Game/StarterContent/Maps/Minimal_Default.Minimal_Default:PersistentLevel.Minimal_Default'
[2016.02.18-05.22.31:286][963]LogParticles: Destroying 0 GPU particle simulations for FXSystem 0x0000000147C01A80
[2016.02.18-05.22.40:473][241]LogSavePackage: Save=3240.481689ms
[2016.02.18-05.22.40:473][241]LogSavePackage: Moving '../../../../../실무/Herose-defend/Hero 4.10/Saved/Minimal_Default9B3BB81C4E9F367870BB68A0FF24CE3D.tmp' to '../../../../../실무/Herose-defend/Hero 4.10/Content/StarterContent/Maps/Minimal_Default.umap'
[2016.02.18-05.22.40:481][241]LogSavePackage: Total save time: 3778.148249ms
[2016.02.18-05.22.40:481][241]LogSavePackage:Display: Finished SavePackage ../../../../../실무/Herose-defend/Hero 4.10/Content/StarterContent/Maps/Minimal_Default.umap
[2016.02.18-05.22.41:712][282]LogBlueprintUserMessages: Early PlayInEditor Detection: Level '/Game/StarterContent/Maps/Minimal_Default.Minimal_Default:PersistentLevel' has LevelScriptBlueprint '/Game/StarterContent/Maps/Minimal_Default.Minimal_Default:PersistentLevel.Minimal_Default' with GeneratedClass '/Game/StarterContent/Maps/Minimal_Default.Minimal_Default_C' with ClassGeneratedBy '/Game/StarterContent/Maps/Minimal_Default.Minimal_Default:PersistentLevel.Minimal_Default'
[2016.02.18-05.22.41:712][282]LogPlayLevel: PlayLevel: No blueprints needed recompiling
[2016.02.18-05.22.41:712][282]PIE: New page: PIE 세션: Minimal_Default (2016. 2. 18. 오후 11:22:41)
[2016.02.18-05.22.41:712][282]LogPlayLevel: Creating play world package: /Game/StarterContent/Maps/UEDPIE_0_Minimal_Default
[2016.02.18-05.22.41:789][282]LogPlayLevel: PIE: StaticDuplicateObject took: (0.076465s)
[2016.02.18-05.22.41:790][282]LogAIModule: Creating AISystem for world Minimal_Default
[2016.02.18-05.22.41:790][282]LogPlayLevel: PIE: World Init took: (0.001247s)
[2016.02.18-05.22.41:790][282]LogPlayLevel: PIE: Created PIE world by copying editor world from /Game/StarterContent/Maps/Minimal_Default.Minimal_Default to /Game/StarterContent/Maps/UEDPIE_0_Minimal_Default.Minimal_Default (0.078132s)
[2016.02.18-05.22.41:843][282]LogParticles: Destroying 0 GPU particle simulations for FXSystem 0x0000000085E737E0
[2016.02.18-05.22.41:845][282]LogParticles: Destroying 0 GPU particle simulations for FXSystem 0x000000005ADA32E0
[2016.02.18-05.22.41:880][282]LogInit: XAudio2 using '스피커(Realtek High Definition Audio)' : 2 channels at 48 kHz using 32 bits per sample (channel mask 0x3)
[2016.02.18-05.22.41:891][282]LogInit: FAudioDevice initialized.
[2016.02.18-05.22.41:980][282]LogWorld: Game class is 'CustomMode_BP_C'
[2016.02.18-05.22.42:073][282]LogWorld: Bringing World /Game/StarterContent/Maps/UEDPIE_0_Minimal_Default.Minimal_Default up for play (max tick rate 0) at 2016.02.18-14.22.42
[2016.02.18-05.22.42:073][282]LogActor:Warning: GameSession /Game/StarterContent/Maps/UEDPIE_0_Minimal_Default.Minimal_Default:PersistentLevel.GameSession_3 has natively added scene component(s), but none of them were set as the actor's RootComponent - picking one arbitrarily
[2016.02.18-05.22.42:073][282]LogActor:Warning: GameNetworkManager /Game/StarterContent/Maps/UEDPIE_0_Minimal_Default.Minimal_Default:PersistentLevel.GameNetworkManager_3 has natively added scene component(s), but none of them were set as the actor's RootComponent - picking one arbitrarily
[2016.02.18-05.22.42:079][282]LogWorld: Bringing up level for play took: 0.097637
[2016.02.18-05.22.42:117][282]PIE: 정보 /Game/StarterContent/Maps/UEDPIE_0_Minimal_Default 에 대한 에디터에서 플레이 시작 시간: 0.581
[2016.02.18-05.22.42:117][282]LogBlueprintUserMessages: Late PlayInEditor Detection: Level '/Game/StarterContent/Maps/Minimal_Default.Minimal_Default:PersistentLevel' has LevelScriptBlueprint '/Game/StarterContent/Maps/Minimal_Default.Minimal_Default:PersistentLevel.Minimal_Default' with GeneratedClass '/Game/StarterContent/Maps/Minimal_Default.Minimal_Default_C' with ClassGeneratedBy '/Game/StarterContent/Maps/Minimal_Default.Minimal_Default:PersistentLevel.Minimal_Default'
[2016.02.18-05.22.42:946][316]LogBlueprintUserMessages: Early EndPlayMap Detection: Level '/Game/StarterContent/Maps/Minimal_Default.Minimal_Default:PersistentLevel' has LevelScriptBlueprint '/Game/StarterContent/Maps/Minimal_Default.Minimal_Default:PersistentLevel.Minimal_Default' with GeneratedClass '/Game/StarterContent/Maps/Minimal_Default.Minimal_Default_C' with ClassGeneratedBy '/Game/StarterContent/Maps/Minimal_Default.Minimal_Default:PersistentLevel.Minimal_Default'
[2016.02.18-05.22.42:982][316]LogBlueprintUserMessages: Late EndPlayMap Detection: Level '/Game/StarterContent/Maps/Minimal_Default.Minimal_Default:PersistentLevel' has LevelScriptBlueprint '/Game/StarterContent/Maps/Minimal_Default.Minimal_Default:PersistentLevel.Minimal_Default' with GeneratedClass '/Game/StarterContent/Maps/Minimal_Default.Minimal_Default_C' with ClassGeneratedBy '/Game/StarterContent/Maps/Minimal_Default.Minimal_Default:PersistentLevel.Minimal_Default'
[2016.02.18-05.22.43:017][316]LogParticles: Destroying 0 GPU particle simulations for FXSystem 0x00000001313CD260
[2016.02.18-05.22.46:120][372]Cmd: OBJ SAVEPACKAGE PACKAGE="/Game/SGH/UI/UMG/GameHUD" FILE="../../../../../실무/Herose-defend/Hero 4.10/Content/SGH/UI/UMG/GameHUD.uasset" SILENT=true
[2016.02.18-05.22.49:960][372]LogSavePackage: Save=3834.371094ms
[2016.02.18-05.22.49:960][372]LogSavePackage: Moving '../../../../../실무/Herose-defend/Hero 4.10/Saved/GameHUD59936538446190CD309628A0C016B09D.tmp' to '../../../../../실무/Herose-defend/Hero 4.10/Content/SGH/UI/UMG/GameHUD.uasset'
[2016.02.18-05.22.49:963][372]LogSavePackage: Total save time: 3841.351546ms
[2016.02.18-05.22.49:963][372]LogSavePackage:Display: Finished SavePackage ../../../../../실무/Herose-defend/Hero 4.10/Content/SGH/UI/UMG/GameHUD.uasset
[2016.02.18-05.22.53:388][499]Cmd: QUIT_EDITOR
[2016.02.18-05.22.53:754][499]LogExit: Preparing to exit.
[2016.02.18-05.22.54:959][499]LogExit: Editor shut down
[2016.02.18-05.22.54:959][499]LogExit: Transaction tracking system shut down
[2016.02.18-05.22.54:984][499]LogParticles: Destroying 0 GPU particle simulations for FXSystem 0x000000002BC859E0
[2016.02.18-05.22.54:988][499]LogParticles: Destroying 0 GPU particle simulations for FXSystem 0x000000003074FF60
[2016.02.18-05.22.54:988][499]LogParticles: Destroying 0 GPU particle simulations for FXSystem 0x000000003703C220
[2016.02.18-05.22.54:989][499]LogParticles: Destroying 0 GPU particle simulations for FXSystem 0x000000005BDA9D00
[2016.02.18-05.22.54:990][499]LogParticles: Destroying 0 GPU particle simulations for FXSystem 0x00000000B1752D40
[2016.02.18-05.22.54:992][499]LogParticles: Destroying 0 GPU particle simulations for FXSystem 0x0000000085FD1940
[2016.02.18-05.22.54:992][499]LogParticles: Destroying 0 GPU particle simulations for FXSystem 0x0000000085FD34C0
[2016.02.18-05.22.54:995][499]LogParticles: Destroying 0 GPU particle simulations for FXSystem 0x0000000085FD2FC0
[2016.02.18-05.22.54:996][499]LogParticles: Destroying 0 GPU particle simulations for FXSystem 0x0000000037196F20
[2016.02.18-05.22.54:996][499]LogParticles: Destroying 0 GPU particle simulations for FXSystem 0x0000000037197880
[2016.02.18-05.22.56:478][499]LogExit: Object subsystem successfully closed.
[2016.02.18-05.22.56:662][499]LogD3D11RHI: Shutdown
[2016.02.18-05.22.56:662][499]LogD3D11RHI: CleanupD3DDevice
[2016.02.18-05.22.56:897][499]LogD3D11RHI: ~FD3D11DynamicRHI
[2016.02.18-05.22.58:133][499]LogModuleManager: Shutting down and abandoning module CookingStats (201)
[2016.02.18-05.22.58:133][499]LogModuleManager: Shutting down and abandoning module SequencerWidgets (200)
[2016.02.18-05.22.58:133][499]LogModuleManager: Shutting down and abandoning module BlueprintGraph (199)
[2016.02.18-05.22.58:133][499]LogModuleManager: Shutting down and abandoning module CrashTracker (198)
[2016.02.18-05.22.58:133][499]LogModuleManager: Shutting down and abandoning module SceneOutliner (197)
[2016.02.18-05.22.58:133][499]LogModuleManager: Shutting down and abandoning module SuperSearch (196)
[2016.02.18-05.22.58:133][499]LogModuleManager: Shutting down and abandoning module WidgetCarousel (195)
[2016.02.18-05.22.58:161][499]LogModuleManager: Shutting down and abandoning module AddContentDialog (194)
[2016.02.18-05.22.58:206][499]LogModuleManager: Shutting down and abandoning module EditorWidgets (193)
[2016.02.18-05.22.58:206][499]LogModuleManager: Shutting down and abandoning module CollectionManager (192)
[2016.02.18-05.22.58:253][499]LogModuleManager: Shutting down and abandoning module StatsViewer (191)
[2016.02.18-05.22.58:270][499]LogModuleManager: Shutting down and abandoning module FoliageEdit (190)
[2016.02.18-05.22.58:294][499]LogModuleManager: Shutting down and abandoning module LandscapeEditor (189)
[2016.02.18-05.22.58:348][499]LogModuleManager: Shutting down and abandoning module ActorPickerMode (188)
[2016.02.18-05.22.58:348][499]LogModuleManager: Shutting down and abandoning module GeometryMode (187)
[2016.02.18-05.22.58:348][499]LogModuleManager: Shutting down and abandoning module TextureAlignMode (186)
[2016.02.18-05.22.58:348][499]LogModuleManager: Shutting down and abandoning module BspMode (185)
[2016.02.18-05.22.58:348][499]LogModuleManager: Shutting down and abandoning module PlacementMode (184)
[2016.02.18-05.22.58:348][499]LogModuleManager: Shutting down and abandoning module AutomationWorker (183)
[2016.02.18-05.22.58:348][499]LogModuleManager: Shutting down and abandoning module CharacterAI (182)
[2016.02.18-05.22.58:348][499]LogModuleManager: Shutting down and abandoning module SmartSnapping (181)
[2016.02.18-05.22.58:348][499]LogModuleManager: Shutting down and abandoning module ViewportSnapping (180)
[2016.02.18-05.22.58:348][499]LogModuleManager: Shutting down and abandoning module LogVisualizer (179)
[2016.02.18-05.22.58:405][499]LogModuleManager: Shutting down and abandoning module GameProjectGeneration (178)
[2016.02.18-05.22.58:456][499]LogModuleManager: Shutting down and abandoning module IntroTutorials (177)
[2016.02.18-05.22.58:500][499]LogModuleManager: Shutting down and abandoning module EditorLiveStreaming (176)
[2016.02.18-05.22.58:500][499]LogModuleManager: Shutting down and abandoning module IOSPlatformEditor (175)
[2016.02.18-05.22.58:512][499]LogModuleManager: Shutting down and abandoning module HTML5PlatformEditor (174)
[2016.02.18-05.22.58:512][499]LogModuleManager: Shutting down and abandoning module AndroidDeviceDetection (173)
[2016.02.18-05.22.58:713][499]LogModuleManager: Shutting down and abandoning module AndroidPlatformEditor (172)
[2016.02.18-05.22.58:713][499]LogModuleManager: Shutting down and abandoning module IOSRuntimeSettings (171)
[2016.02.18-05.22.58:713][499]LogModuleManager: Shutting down and abandoning module AndroidRuntimeSettings (170)
[2016.02.18-05.22.58:713][499]LogModuleManager: Shutting down and abandoning module MergeActors (169)
[2016.02.18-05.22.58:723][499]LogModuleManager: Shutting down and abandoning module SizeMap (168)
[2016.02.18-05.22.58:723][499]LogModuleManager: Shutting down and abandoning module TreeMap (167)
[2016.02.18-05.22.58:729][499]LogModuleManager: Shutting down and abandoning module ReferenceViewer (166)
[2016.02.18-05.22.58:739][499]LogModuleManager: Shutting down and abandoning module LocalizationService (165)
[2016.02.18-05.22.58:749][499]LogModuleManager: Shutting down and abandoning module LocalizationDashboard (164)
[2016.02.18-05.22.58:757][499]LogModuleManager: Shutting down and abandoning module HardwareTargeting (163)
[2016.02.18-05.22.58:765][499]LogModuleManager: Shutting down and abandoning module DeviceProfileEditor (162)
[2016.02.18-05.22.58:777][499]LogModuleManager: Shutting down and abandoning module UndoHistory (161)
[2016.02.18-05.22.58:787][499]LogModuleManager: Shutting down and abandoning module GameplayTagsEditor (160)
[2016.02.18-05.22.58:799][499]LogModuleManager: Shutting down and abandoning module UserFeedback (159)
[2016.02.18-05.22.58:799][499]LogModuleManager: Shutting down and abandoning module XmlParser (158)
[2016.02.18-05.22.58:809][499]LogModuleManager: Shutting down and abandoning module Blutility (157)
[2016.02.18-05.22.58:809][499]LogModuleManager: Shutting down and abandoning module ProjectTargetPlatformEditor (156)
[2016.02.18-05.22.58:820][499]LogModuleManager: Shutting down and abandoning module ProjectSettingsViewer (155)
[2016.02.18-05.22.58:821][499]LogModuleManager: Shutting down and abandoning module InputBindingEditor (154)
[2016.02.18-05.22.58:851][499]LogModuleManager: Shutting down and abandoning module EditorSettingsViewer (153)
[2016.02.18-05.22.58:851][499]LogModuleManager: Shutting down and abandoning module SettingsEditor (152)
[2016.02.18-05.22.58:866][499]LogModuleManager: Shutting down and abandoning module ProjectLauncher (151)
[2016.02.18-05.22.58:879][499]LogModuleManager: Shutting down and abandoning module SessionFrontend (150)
[2016.02.18-05.22.58:892][499]LogModuleManager: Shutting down and abandoning module ProfilerClient (149)
[2016.02.18-05.22.58:903][499]LogModuleManager: Shutting down and abandoning module TargetDeviceServices (148)
[2016.02.18-05.22.58:903][499]LogModuleManager: Shutting down and abandoning module DeviceManager (147)
[2016.02.18-05.22.58:910][499]LogModuleManager: Shutting down and abandoning module AutomationController (146)
[2016.02.18-05.22.58:924][499]LogModuleManager: Shutting down and abandoning module AutomationWindow (145)
[2016.02.18-05.22.58:943][499]LogModuleManager: Shutting down and abandoning module Layers (144)
[2016.02.18-05.22.58:965][499]LogModuleManager: Shutting down and abandoning module ComponentVisualizers (143)
[2016.02.18-05.22.58:965][499]LogModuleManager: Shutting down and abandoning module DetailCustomizations (142)
[2016.02.18-05.22.58:972][499]LogModuleManager: Shutting down and abandoning module PackagesDialog (141)
[2016.02.18-05.22.58:972][499]LogModuleManager: Shutting down and abandoning module Persona (140)
[2016.02.18-05.22.59:013][499]LogModuleManager: Shutting down and abandoning module Kismet (139)
[2016.02.18-05.22.59:013][499]LogModuleManager: Shutting down and abandoning module GraphEditor (138)
[2016.02.18-05.22.59:013][499]LogModuleManager: Shutting down and abandoning module ClassViewer (137)
[2016.02.18-05.22.59:025][499]LogModuleManager: Shutting down and abandoning module Toolbox (136)
[2016.02.18-05.22.59:025][499]LogModuleManager: Shutting down and abandoning module ModuleUI (135)
[2016.02.18-05.22.59:038][499]LogModuleManager: Shutting down and abandoning module MovieSceneTools (134)
[2016.02.18-05.22.59:050][499]LogModuleManager: Shutting down and abandoning module OutputLog (133)
[2016.02.18-05.22.59:050][499]LogModuleManager: Shutting down and abandoning module GammaUI (132)
[2016.02.18-05.22.59:058][499]LogModuleManager: Shutting down and abandoning module Documentation (131)
[2016.02.18-05.22.59:058][499]LogModuleManager: Shutting down and abandoning module GameLiveStreaming (130)
[2016.02.18-05.22.59:064][499]LogModuleManager: Shutting down and abandoning module StreamingPauseRendering (129)
[2016.02.18-05.22.59:064][499]LogModuleManager: Shutting down and abandoning module AnalyticsET (128)
[2016.02.18-05.22.59:064][499]LogModuleManager: Shutting down and abandoning module Analytics (127)
[2016.02.18-05.22.59:064][499]LogModuleManager: Shutting down and abandoning module AITestSuite (126)
[2016.02.18-05.22.59:086][499]LogModuleManager: Shutting down and abandoning module GameplayDebugger (125)
[2016.02.18-05.22.59:096][499]LogModuleManager: Shutting down and abandoning module AIModule (124)
[2016.02.18-05.22.59:096][499]LogModuleManager: Shutting down and abandoning module ProfilerService (123)
[2016.02.18-05.22.59:162][499]LogModuleManager: Shutting down and abandoning module TaskGraph (122)
[2016.02.18-05.22.59:185][499]LogModuleManager: Shutting down and abandoning module SlateRemote (121)
[2016.02.18-05.22.59:185][499]LogModuleManager: Shutting down and abandoning module SteamVRController (120)
[2016.02.18-05.22.59:185][499]LogModuleManager: Shutting down and abandoning module SteamVR (119)
[2016.02.18-05.22.59:185][499]LogModuleManager: Shutting down and abandoning module ProceduralMeshComponent (118)
[2016.02.18-05.22.59:185][499]LogModuleManager: Shutting down and abandoning module OculusLibrary (117)
[2016.02.18-05.22.59:185][499]LogModuleManager: Shutting down and abandoning module OculusInput (116)
[2016.02.18-05.22.59:185][499]LogModuleManager: Shutting down and abandoning module LeapMotionController (115)
[2016.02.18-05.22.59:231][499]LogModuleManager: Shutting down and abandoning module CustomMeshComponent (114)
[2016.02.18-05.22.59:231][499]LogModuleManager: Shutting down and abandoning module CableComponent (113)
[2016.02.18-05.22.59:240][499]LogModuleManager: Shutting down and abandoning module ArchVisCharacter (112)
[2016.02.18-05.22.59:240][499]LogModuleManager: Shutting down and abandoning module MessagingDebugger (111)
[2016.02.18-05.22.59:273][499]LogModuleManager: Shutting down and abandoning module MediaPlayerEditor (110)
[2016.02.18-05.22.59:292][499]LogModuleManager: Shutting down and abandoning module HTML5Networking (109)
[2016.02.18-05.22.59:292][499]LogModuleManager: Shutting down and abandoning module SpeedTreeImporter (108)
[2016.02.18-05.22.59:292][499]LogModuleManager: Shutting down and abandoning module PluginBrowser (107)
[2016.02.18-05.22.59:310][499]LogModuleManager: Shutting down and abandoning module EpicSurvey (106)
[2016.02.18-05.22.59:317][499]LogModuleManager: Shutting down and abandoning module DesktopPlatform (105)
[2016.02.18-05.22.59:327][499]LogModuleManager: Shutting down and abandoning module VisualStudioSourceCodeAccess (104)
[2016.02.18-05.22.59:337][499]LogModuleManager: Shutting down and abandoning module UObjectPlugin (103)
[2016.02.18-05.22.59:337][499]LogModuleManager: Shutting down and abandoning module SubversionSourceControl (102)
[2016.02.18-05.22.59:347][499]LogModuleManager: Shutting down and abandoning module PerforceSourceControl (101)
[2016.02.18-05.22.59:358][499]LogModuleManager: Shutting down and abandoning module SourceControl (100)
[2016.02.18-05.22.59:365][499]LogModuleManager: Shutting down and abandoning module GitSourceControl (99)
[2016.02.18-05.22.59:377][499]LogModuleManager: Shutting down and abandoning module LightPropagationVolumeEditor (98)
[2016.02.18-05.22.59:377][499]LogModuleManager: Shutting down and abandoning module PaperTiledImporter (97)
[2016.02.18-05.22.59:388][499]LogModuleManager: Shutting down and abandoning module PaperSpriteSheetImporter (96)
[2016.02.18-05.22.59:388][499]LogModuleManager: Shutting down and abandoning module MeshPaint (95)
[2016.02.18-05.22.59:388][499]LogModuleManager: Shutting down and abandoning module SlateReflector (94)
[2016.02.18-05.22.59:403][499]LogModuleManager: Shutting down and abandoning module HotReload (93)
[2016.02.18-05.22.59:412][499]LogModuleManager: Shutting down and abandoning module MainFrame (92)
[2016.02.18-05.22.59:412][499]LogModuleManager: Shutting down and abandoning module LevelEditor (91)
[2016.02.18-05.22.59:419][499]LogModuleManager: Shutting down and abandoning module DirectoryWatcher (90)
[2016.02.18-05.22.59:420][499]LogModuleManager: Shutting down and abandoning module AssetRegistry (89)
[2016.02.18-05.22.59:545][499]LogModuleManager: Shutting down and abandoning module ContentBrowser (88)
[2016.02.18-05.22.59:545][499]LogModuleManager: Shutting down and abandoning module Paper2DEditor (87)
[2016.02.18-05.22.59:567][499]LogModuleManager: Shutting down and abandoning module UdpMessaging (86)
[2016.02.18-05.22.59:667][499]LogModuleManager: Shutting down and abandoning module LightPropagationVolumeRuntime (85)
[2016.02.18-05.22.59:667][499]LogModuleManager: Shutting down and abandoning module Paper2D (84)
[2016.02.18-05.22.59:684][499]LogModuleManager: Shutting down and abandoning module WindowsMoviePlayer (83)
[2016.02.18-05.22.59:698][499]LogModuleManager: Shutting down and abandoning module Media (82)
[2016.02.18-05.22.59:698][499]LogModuleManager: Shutting down and abandoning module WmfMedia (81)
[2016.02.18-05.22.59:708][499]LogModuleManager: Shutting down and abandoning module OnlineBlueprintSupport (80)
[2016.02.18-05.22.59:708][499]LogModuleManager: Shutting down and abandoning module GameplayTasksEditor (79)
[2016.02.18-05.22.59:708][499]LogModuleManager: Shutting down and abandoning module PropertyEditor (78)
[2016.02.18-05.22.59:718][499]LogModuleManager: Shutting down and abandoning module BehaviorTreeEditor (77)
[2016.02.18-05.22.59:758][499]LogModuleManager: Shutting down and abandoning module FunctionalTesting (76)
[2016.02.18-05.22.59:758][499]LogModuleManager: Shutting down and abandoning module CollisionAnalyzer (75)
[2016.02.18-05.22.59:767][499]LogModuleManager: Shutting down and abandoning module WorkspaceMenuStructure (74)
[2016.02.18-05.22.59:767][499]LogModuleManager: Shutting down and abandoning module MessageLog (73)
[2016.02.18-05.22.59:767][499]LogModuleManager: Shutting down and abandoning module Sequencer (72)
[2016.02.18-05.22.59:768][499]LogModuleManager: Shutting down and abandoning module AssetTools (71)
[2016.02.18-05.22.59:786][499]LogModuleManager: Shutting down and abandoning module UMGEditor (70)
[2016.02.18-05.22.59:786][499]LogModuleManager: Shutting down and abandoning module UMG (69)
[2016.02.18-05.22.59:786][499]LogModuleManager: Shutting down and abandoning module Slate (68)
[2016.02.18-05.22.59:786][499]LogModuleManager: Shutting down and abandoning module EditorStyle (67)
[2016.02.18-05.22.59:788][499]LogModuleManager: Shutting down and abandoning module SessionServices (66)
[2016.02.18-05.22.59:788][499]LogModuleManager: Shutting down and abandoning module SourceCodeAccess (65)
[2016.02.18-05.22.59:788][499]LogModuleManager: Shutting down and abandoning module HeadMountedDisplay (64)
[2016.02.18-05.22.59:788][499]LogModuleManager: Shutting down and abandoning module XAudio2 (63)
[2016.02.18-05.22.59:788][499]LogModuleManager: Shutting down and abandoning module Networking (61)
[2016.02.18-05.22.59:788][499]LogModuleManager: Shutting down and abandoning module Core (60)
[2016.02.18-05.22.59:788][499]LogModuleManager: Shutting down and abandoning module KismetCompiler (59)
[2016.02.18-05.22.59:788][499]LogModuleManager: Shutting down and abandoning module PhysXFormats (58)
[2016.02.18-05.22.59:799][499]LogModuleManager: Shutting down and abandoning module MeshUtilities (57)
[2016.02.18-05.22.59:814][499]LogModuleManager: Shutting down and abandoning module DerivedDataCache (56)
[2016.02.18-05.22.59:872][499]LogDerivedDataCache: Shutdown
[2016.02.18-05.22.59:872][499]LogModuleManager: Shutting down and abandoning module ShaderFormatOpenGL (55)
[2016.02.18-05.22.59:887][499]LogModuleManager: Shutting down and abandoning module ShaderFormatD3D (54)
[2016.02.18-05.22.59:900][499]LogModuleManager: Shutting down and abandoning module MetalShaderFormat (53)
[2016.02.18-05.22.59:908][499]LogModuleManager: Shutting down and abandoning module TextureFormatUncompressed (52)
[2016.02.18-05.22.59:908][499]LogModuleManager: Shutting down and abandoning module TextureFormatPVR (51)
[2016.02.18-05.22.59:914][499]LogModuleManager: Shutting down and abandoning module TextureFormatIntelISPCTexComp (50)
[2016.02.18-05.22.59:925][499]LogModuleManager: Shutting down and abandoning module TextureFormatDXT (49)
[2016.02.18-05.22.59:925][499]LogModuleManager: Shutting down and abandoning module ImageWrapper (48)
[2016.02.18-05.22.59:925][499]LogModuleManager: Shutting down and abandoning module TextureFormatASTC (47)
[2016.02.18-05.22.59:925][499]LogModuleManager: Shutting down and abandoning module TextureFormatAndroid (46)
[2016.02.18-05.22.59:925][499]LogModuleManager: Shutting down and abandoning module AudioFormatOpus (45)
[2016.02.18-05.22.59:937][499]LogModuleManager: Shutting down and abandoning module AudioFormatOgg (44)
[2016.02.18-05.22.59:949][499]LogModuleManager: Shutting down and abandoning module AudioFormatADPCM (43)
[2016.02.18-05.22.59:962][499]LogModuleManager: Shutting down and abandoning module LinuxTargetPlatform (42)
[2016.02.18-05.22.59:962][499]LogModuleManager: Shutting down and abandoning module LinuxServerTargetPlatform (41)
[2016.02.18-05.22.59:973][499]LogModuleManager: Shutting down and abandoning module LinuxNoEditorTargetPlatform (40)
[2016.02.18-05.22.59:982][499]LogModuleManager: Shutting down and abandoning module Messaging (39)
[2016.02.18-05.22.59:982][499]LogModuleManager: Shutting down and abandoning module IOSTargetPlatform (38)
[2016.02.18-05.22.59:982][499]LogModuleManager: Shutting down and abandoning module HTML5TargetPlatform (37)
[2016.02.18-05.22.59:982][499]LogModuleManager: Shutting down and abandoning module Android_PVRTCTargetPlatform (36)
[2016.02.18-05.22.59:982][499]LogModuleManager: Shutting down and abandoning module Android_MultiTargetPlatform (35)
[2016.02.18-05.22.59:982][499]LogModuleManager: Shutting down and abandoning module Android_ETC2TargetPlatform (34)
[2016.02.18-05.22.59:982][499]LogModuleManager: Shutting down and abandoning module Android_ETC1TargetPlatform (33)
[2016.02.18-05.22.59:982][499]LogModuleManager: Shutting down and abandoning module Android_DXTTargetPlatform (32)
[2016.02.18-05.22.59:982][499]LogModuleManager: Shutting down and abandoning module Android_ATCTargetPlatform (31)
[2016.02.18-05.22.59:982][499]LogModuleManager: Shutting down and abandoning module Android_ASTCTargetPlatform (30)
[2016.02.18-05.22.59:982][499]LogModuleManager: Shutting down and abandoning module AndroidTargetPlatform (29)
[2016.02.18-05.22.59:982][499]LogModuleManager: Shutting down and abandoning module WindowsTargetPlatform (28)
[2016.02.18-05.22.59:982][499]LogModuleManager: Shutting down and abandoning module WindowsServerTargetPlatform (27)
[2016.02.18-05.22.59:993][499]LogModuleManager: Shutting down and abandoning module WindowsNoEditorTargetPlatform (26)
[2016.02.18-05.22.59:997][499]LogModuleManager: Shutting down and abandoning module WindowsClientTargetPlatform (25)
[2016.02.18-05.23.00:004][499]LogModuleManager: Shutting down and abandoning module AllDesktopTargetPlatform (24)
[2016.02.18-05.23.00:004][499]LogModuleManager: Shutting down and abandoning module TargetPlatform (23)
[2016.02.18-05.23.00:005][499]LogModuleManager: Shutting down and abandoning module InputCore (22)
[2016.02.18-05.23.00:005][499]LogModuleManager: Shutting down and abandoning module Settings (21)
[2016.02.18-05.23.00:005][499]LogModuleManager: Shutting down and abandoning module OnlineSubsystem (19)
[2016.02.18-05.23.00:005][499]LogModuleManager: Shutting down and abandoning module HTTP (18)
[2016.02.18-05.23.01:505][499]LogModuleManager: Shutting down and abandoning module XMPP (17)
[2016.02.18-05.23.01:515][499]LogModuleManager: Shutting down and abandoning module OculusRift (16)
[2016.02.18-05.23.01:531][499]LogModuleManager: Shutting down and abandoning module ExampleDeviceProfileSelector (15)
[2016.02.18-05.23.01:531][499]LogModuleManager: Shutting down and abandoning module TextureCompressor (14)
[2016.02.18-05.23.01:531][499]LogModuleManager: Shutting down and abandoning module ShaderCore (13)
[2016.02.18-05.23.01:531][499]LogModuleManager: Shutting down and abandoning module Landscape (12)
[2016.02.18-05.23.01:531][499]LogModuleManager: Shutting down and abandoning module SlateRHIRenderer (11)
[2016.02.18-05.23.01:545][499]LogModuleManager: Shutting down and abandoning module OpenGLDrv (10)
[2016.02.18-05.23.01:555][499]LogModuleManager: Shutting down and abandoning module D3D11RHI (9)
[2016.02.18-05.23.01:555][499]LogModuleManager: Shutting down and abandoning module AnimGraphRuntime (8)
[2016.02.18-05.23.01:555][499]LogModuleManager: Shutting down and abandoning module Renderer (7)
[2016.02.18-05.23.01:555][499]LogModuleManager: Shutting down and abandoning module Engine (6)
[2016.02.18-05.23.01:555][499]LogModuleManager: Shutting down and abandoning module CoreUObject (5)
[2016.02.18-05.23.01:555][499]LogModuleManager: Shutting down and abandoning module NetworkFile (4)
[2016.02.18-05.23.01:568][499]LogModuleManager: Shutting down and abandoning module StreamingFile (3)
[2016.02.18-05.23.01:577][499]LogModuleManager: Shutting down and abandoning module SandboxFile (2)
[2016.02.18-05.23.01:589][499]LogModuleManager: Shutting down and abandoning module PakFile (1)
[2016.02.18-05.23.01:599][499]LogExit: Exiting.
[2016.02.18-05.23.01:629][499]Log file closed, 02/18/16 14:23:01
