[2016.01.12-07.08.08:600][  0]Log file open, 01/12/16 16:08:08
[2016.01.12-07.08.08:600][  0]LogInit:Display: Running engine for game: Hero
[2016.01.12-07.08.08:600][  0]LogPlatformFile: Not using cached read wrapper
[2016.01.12-07.08.08:600][  0]LogInit:Display: RandInit(1007103450) SRandInit(1007103451).
[2016.01.12-07.08.08:600][  0]LogTaskGraph: Started task graph with 4 named threads and 7 total threads.
[2016.01.12-07.08.08:600][  0]LogStats: Stats thread started at 0.082760
[2016.01.12-07.08.08:600][  0]LogInit: Version: 4.10.2-2818068+++depot+UE4-Releases+4.10
[2016.01.12-07.08.08:600][  0]LogInit: API Version: 2758231
[2016.01.12-07.08.08:600][  0]LogInit: Compiled (64-bit): Jan  6 2016 17:36:42
[2016.01.12-07.08.08:600][  0]LogInit: Compiled with Visual C++: 19.00.23026.00
[2016.01.12-07.08.08:600][  0]LogInit: Build Configuration: Development
[2016.01.12-07.08.08:600][  0]LogInit: Branch Name: ++depot+UE4-Releases+4.10
[2016.01.12-07.08.08:600][  0]LogInit: Command line:  
[2016.01.12-07.08.08:600][  0]LogInit: Base directory: F:/Epic Games/4.10/Engine/Binaries/Win64/
[2016.01.12-07.08.08:600][  0]LogInit: Rocket: 1
[2016.01.12-07.08.08:610][  0]LogInit: Using libcurl 7.41.0
[2016.01.12-07.08.08:610][  0]LogInit:  - built for x86_64-pc-win32
[2016.01.12-07.08.08:610][  0]LogInit:  - supports SSL with WinSSL
[2016.01.12-07.08.08:610][  0]LogInit:  - other features:
[2016.01.12-07.08.08:610][  0]LogInit:      CURL_VERSION_SSL
[2016.01.12-07.08.08:610][  0]LogInit:      CURL_VERSION_IPV6
[2016.01.12-07.08.08:610][  0]LogInit:      CURL_VERSION_ASYNCHDNS
[2016.01.12-07.08.08:610][  0]LogInit:      CURL_VERSION_LARGEFILE
[2016.01.12-07.08.08:610][  0]LogInit:      CURL_VERSION_IDN
[2016.01.12-07.08.08:610][  0]LogInit:  CurlRequestOptions (configurable via config and command line):
[2016.01.12-07.08.08:610][  0]LogInit:  - bVerifyPeer = true  - Libcurl will verify peer certificate
[2016.01.12-07.08.08:610][  0]LogInit:  - bUseHttpProxy = false  - Libcurl will NOT use HTTP proxy
[2016.01.12-07.08.08:610][  0]LogInit:  - bDontReuseConnections = false  - Libcurl will reuse connections
[2016.01.12-07.08.08:610][  0]LogInit:  - CertBundlePath = nullptr  - Libcurl will use whatever was configured at build time.
[2016.01.12-07.08.08:624][  0]LogInit: Presizing for 0 objects not considered by GC, pre-allocating 0 bytes.
[2016.01.12-07.08.08:631][  0]LogInit: Object subsystem initialized
[2016.01.12-07.08.08:632][  0]LogInit: Selected Device Profile: [Windows]
[2016.01.12-07.08.08:632][  0]LogInit: Applying CVar settings loaded from the selected device profile: [Windows]
[2016.01.12-07.08.08:641][  0]LogInit: Computer: SGH-PC
[2016.01.12-07.08.08:641][  0]LogInit: User: SGH
[2016.01.12-07.08.08:641][  0]LogInit: CPU Page size=4096, Cores=4
[2016.01.12-07.08.08:641][  0]LogInit: High frequency timer resolution =3.215449 MHz
[2016.01.12-07.08.08:641][  0]LogMemory: Memory total: Physical=8.0GB (8GB approx)
[2016.01.12-07.08.08:641][  0]LogMemory: Platform Memory Stats for Windows
[2016.01.12-07.08.08:641][  0]LogMemory: Process Physical Memory: 56.92 MB used, 56.92 MB peak
[2016.01.12-07.08.08:641][  0]LogMemory: Process Virtual Memory: 56.62 MB used, 56.62 MB peak
[2016.01.12-07.08.08:641][  0]LogMemory: Physical Memory: 4234.66 MB used, 8174.71 MB total
[2016.01.12-07.08.08:641][  0]LogMemory: Virtual Memory: 350.81 MB used, 8388608.00 MB total
[2016.01.12-07.08.08:748][  0]LogTextLocalizationManager: No specific translations for ('ko-KR') exist, so ('ko') translations will be used.
[2016.01.12-07.08.08:783][  0]LogTextLocalizationManager:Warning: Loaded localization resources contain conflicting entries for (Namespace:UObjectToolTips, Key:AnimNode_AssetPlayerBase:InternalTimeAccumulator):
Localization Resource: (F:/Epic Games/4.10/Engine/Content/Localization/EditorTutorials/ko/EditorTutorials.locres) Source String Hash: (502993589) Localized String: (이 노드에서 애셋을 레퍼런싱하는 데 사용되는 누적 시간입니다.)
Localization Resource: (F:/Epic Games/4.10/Engine/Content/Localization/Engine/ko/Engine.locres) Source String Hash: (502993589) Localized String: (이 노드에서 애셋을 레퍼런싱하는 데 사용된 누적 시간입니다.)
[2016.01.12-07.08.08:783][  0]LogTextLocalizationManager:Warning: Loaded localization resources contain conflicting entries for (Namespace:UObjectToolTips, Key:AnimNode_AssetPlayerBase:bIgnoreForRelevancyTest):
Localization Resource: (F:/Epic Games/4.10/Engine/Content/Localization/EditorTutorials/ko/EditorTutorials.locres) Source String Hash: (319969718) Localized String: (True 면, 스테이트에서 최고 가중치 애니메이션을 찾는 "Relevant anim" 노드는 이 노드를 무시합니다.
 )
Localization Resource: (F:/Epic Games/4.10/Engine/Content/Localization/Engine/ko/Engine.locres) Source String Hash: (319969718) Localized String: (True 면 스테이트 내 최고 웨이팅된 애니메이션을 찾는 "Relevant anim" 노드가 무시됩니다.
 )
[2016.01.12-07.08.08:783][  0]LogTextLocalizationManager:Warning: Loaded localization resources contain conflicting entries for (Namespace:UObjectToolTips, Key:AnimNode_AssetPlayerBase:BlendWeight):
Localization Resource: (F:/Epic Games/4.10/Engine/Content/Localization/EditorTutorials/ko/EditorTutorials.locres) Source String Hash: (-1232800293) Localized String: (이 노드에 마지막 걸린 블렌드웨이트 입니다.)
Localization Resource: (F:/Epic Games/4.10/Engine/Content/Localization/Engine/ko/Engine.locres) Source String Hash: (-1232800293) Localized String: (이 노드에 대해 마지막 접한 블렌드 웨이트)
[2016.01.12-07.08.08:987][  0]LogD3D11RHI: Found D3D11 adapter 0: NVIDIA GeForce GTX 660 Ti (Feature Level 11_0)
[2016.01.12-07.08.08:987][  0]LogD3D11RHI: Adapter has 1989MB of dedicated video memory, 0MB of dedicated system memory, and 2048MB of shared system memory, 2 output[s]
[2016.01.12-07.08.08:987][  0]LogD3D11RHI: Chosen D3D11 Adapter Id = 0
[2016.01.12-07.08.08:994][  0]LogD3D11RHI: !Direct3DDevice
[2016.01.12-07.08.08:994][  0]LogRHI: Texture pool is 1361 MB (70% of 1945 MB)
[2016.01.12-07.08.09:004][  0]LogD3D11RHI: Async texture creation enabled
[2016.01.12-07.08.09:018][  0]LogShaderCompilers: Guid format shader working directory is 3 characters bigger than the processId version (../../../../../실무/Herose-defend/Hero 4.10/Intermediate/Shaders/WorkingDirectory/5132/).
[2016.01.12-07.08.09:018][  0]LogShaderCompilers: Cleaned the shader compiler working directory 'C:/Users/SGH/AppData/Local/Temp/UnrealShaderWorkingDir/6C3DC09B4DD004A82AEA2BAB84B7B0BA/'.
[2016.01.12-07.08.09:018][  0]LogShaderCompilers:Display: Using Local Shader Compiler.
[2016.01.12-07.08.09:962][  0]LogTemp:Display: Loaded TP AllDesktopTargetPlatform
[2016.01.12-07.08.09:967][  0]LogTemp:Display: Loaded TP WindowsClientTargetPlatform
[2016.01.12-07.08.09:972][  0]LogTemp:Display: Loaded TP WindowsNoEditorTargetPlatform
[2016.01.12-07.08.09:977][  0]LogTemp:Display: Loaded TP WindowsServerTargetPlatform
[2016.01.12-07.08.09:982][  0]LogTemp:Display: Loaded TP WindowsTargetPlatform
[2016.01.12-07.08.09:986][  0]LogTemp:Display: Loaded TP AndroidTargetPlatform
[2016.01.12-07.08.09:990][  0]LogTemp:Display: Loaded TP Android_ASTCTargetPlatform
[2016.01.12-07.08.09:994][  0]LogTemp:Display: Loaded TP Android_ATCTargetPlatform
[2016.01.12-07.08.09:997][  0]LogTemp:Display: Loaded TP Android_DXTTargetPlatform
[2016.01.12-07.08.10:000][  0]LogTemp:Display: Loaded TP Android_ETC1TargetPlatform
[2016.01.12-07.08.10:004][  0]LogTemp:Display: Loaded TP Android_ETC2TargetPlatform
[2016.01.12-07.08.10:011][  0]LogTemp:Display: Loaded TP Android_MultiTargetPlatform
[2016.01.12-07.08.10:011][  0]LogTemp:Display: Loaded TP Android_PVRTCTargetPlatform
[2016.01.12-07.08.10:012][  0]LogTemp:Display: Loaded TP HTML5TargetPlatform
[2016.01.12-07.08.10:033][  0]LogTemp:Display: Loaded TP IOSTargetPlatform
[2016.01.12-07.08.10:036][  0]LogTemp:Display: Loaded TP LinuxNoEditorTargetPlatform
[2016.01.12-07.08.10:039][  0]LogTemp:Display: Loaded TP LinuxServerTargetPlatform
[2016.01.12-07.08.10:042][  0]LogTemp:Display: Loaded TP LinuxTargetPlatform
[2016.01.12-07.08.10:042][  0]LogTargetPlatformManager:Display: Building Assets For Windows
[2016.01.12-07.08.10:190][  0]LogDerivedDataCache:Display: Max Cache Size: 512 MB
[2016.01.12-07.08.10:282][  0]LogDerivedDataCache: Loaded boot cache 0.09s 55MB C:/Users/SGH/AppData/Local/UnrealEngine/4.10/DerivedDataCache/Boot.ddc.
[2016.01.12-07.08.10:282][  0]LogDerivedDataCache:Display: Loaded Boot cache: C:/Users/SGH/AppData/Local/UnrealEngine/4.10/DerivedDataCache/Boot.ddc
[2016.01.12-07.08.10:282][  0]LogDerivedDataCache: FDerivedDataBackendGraph:  Pak pak cache file ../../../../../실무/Herose-defend/Hero 4.10/DerivedDataCache/DDC.ddp not found, will not use a pak cache.
[2016.01.12-07.08.10:282][  0]LogDerivedDataCache: Unable to find inner node Pak for hierarchical cache Hierarchy.
[2016.01.12-07.08.10:282][  0]LogDerivedDataCache: FDerivedDataBackendGraph:  CompressedPak pak cache file ../../../../../실무/Herose-defend/Hero 4.10/DerivedDataCache/Compressed.ddp not found, will not use a pak cache.
[2016.01.12-07.08.10:282][  0]LogDerivedDataCache: Unable to find inner node CompressedPak for hierarchical cache Hierarchy.
[2016.01.12-07.08.10:343][  0]LogDerivedDataCache:Display: Pak cache opened for reading ../../../Engine/DerivedDataCache/Compressed.ddp.
[2016.01.12-07.08.10:355][  0]LogDerivedDataCache: Using Local data cache path C:/Users/SGH/AppData/Local/UnrealEngine/Common/DerivedDataCache: Writable
[2016.01.12-07.08.11:077][  0]LogInit: Selected Device Profile: [Windows]
[2016.01.12-07.08.11:077][  0]LogContentStreaming: Texture pool size is 0.000000MB
[2016.01.12-07.08.11:118][  0]LogMeshUtilities: No automatic mesh reduction module available
[2016.01.12-07.08.11:118][  0]LogMeshUtilities: No automatic mesh merging module available
[2016.01.12-07.08.11:510][  0]LogInit: WinSock: version 1.1 (2.2), MaxSocks=32767, MaxUdp=65467
[2016.01.12-07.08.12:658][  0]UdpMessaging: Initializing bridge on interface 0.0.0.0:0 to multicast group 230.0.0.1:6666.
[2016.01.12-07.08.12:788][  0]LogAssetRegistry: FAssetRegistry took 0.0097 seconds to start up
[2016.01.12-07.08.12:989][  0]SourceControl: 정보 소스 콘트롤이 꺼졌습니다.
[2016.01.12-07.08.12:990][  0]SourceControl: 정보 소스 콘트롤이 꺼졌습니다.
[2016.01.12-07.08.13:006][  0]SourceControl: 정보 소스 콘트롤이 꺼졌습니다.
[2016.01.12-07.08.13:019][  0]SourceControl: 정보 소스 콘트롤이 꺼졌습니다.
[2016.01.12-07.08.13:332][  0]LogObj: 28633 objects as part of root set at end of initial load.
[2016.01.12-07.08.13:332][  0]LogUObjectAllocator: 6099744 out of 0 bytes used by permanent object pool.
[2016.01.12-07.08.13:395][  0]LogEngine: Initializing Engine...
[2016.01.12-07.08.13:397][  0]LogHMD: Can't find Oculus library dev build: is proper Runtime installed? Version: 0.8.0.0
[2016.01.12-07.08.13:400][  0]LogHMD: SteamVR failed to initialize.  Err: 110
[2016.01.12-07.08.13:547][  0]LogAIModule: Creating AISystem for world NewWorld
[2016.01.12-07.08.13:560][  0]LogInit: XAudio2 using '스피커(Realtek High Definition Audio)' : 2 channels at 48 kHz using 32 bits per sample (channel mask 0x3)
[2016.01.12-07.08.13:625][  0]LogInit: FAudioDevice initialized.
[2016.01.12-07.08.13:664][  0]LogDerivedDataCache: Saved boot cache 0.04s 55MB C:/Users/SGH/AppData/Local/UnrealEngine/4.10/DerivedDataCache/Boot.ddc.
[2016.01.12-07.08.13:681][  0]LogInit: Texture streaming: Enabled
[2016.01.12-07.08.13:687][  0]LogAnalytics: Creating configured Analytics provider AnalyticsET
[2016.01.12-07.08.13:687][  0]LogAnalytics: [UEEditor.Rocket.Release] APIServer = http://et2.epicgames.com/ET2/. AppVersion = 4.10.2-2818068+++depot+UE4-Releases+4.10
[2016.01.12-07.08.13:687][  0]LogAnalytics: [UEEditor.Rocket.Release] SetUserId c116ab95452d6c0e6a5d46a2885b9fb5|1ee373e9bedc4d7e9c76f780c6814fe5|3c1af846-1ffe-4ccd-87ea-0d3770034fd8
[2016.01.12-07.08.13:687][  0]LogAnalytics: [UEEditor.Rocket.Release] AnalyticsET::StartSession
[2016.01.12-07.08.13:698][  0]LogInit: Transaction tracking system initialized
[2016.01.12-07.08.13:733][  0]BlueprintLog: New page: 에디터 로드
[2016.01.12-07.08.13:832][  0]LocalizationService: 정보 현지화 서비스가 비활성화되었습니다.
[2016.01.12-07.08.13:932][  0]LogConsoleResponse:Display: 
[2016.01.12-07.08.14:069][  0]LogCook:Display: Done creating registry. It took  0.00s.
[2016.01.12-07.08.14:154][  0]LogFileCache: Scanning file cache for directory 'F:/실무/Herose-defend/Hero 4.10/Content/' took 0.02s
[2016.01.12-07.08.14:154][  0]SourceControl: 정보 소스 콘트롤이 꺼졌습니다.
[2016.01.12-07.08.14:154][  0]Cmd: MAP LOAD FILE="../../../../../실무/Herose-defend/Hero 4.10/Content/StarterContent/Maps/Minimal_Default.umap" TEMPLATE=0 SHOWPROGRESS=1 FEATURELEVEL=3
[2016.01.12-07.08.14:155][  0]LightingResults: New page: 라이팅 빌드
[2016.01.12-07.08.14:162][  0]MapCheck: New page: 맵 체크
[2016.01.12-07.08.14:162][  0]LightingResults: New page: 라이팅 빌드
[2016.01.12-07.08.14:174][  0]LogParticles: Destroying 0 GPU particle simulations for FXSystem 0x000000001D2D3740
[2016.01.12-07.08.15:271][  0]LogAIModule: Creating AISystem for world Minimal_Default
[2016.01.12-07.08.15:285][  0]LogEditorServer: Finished looking for orphan Actors (0.000 secs)
[2016.01.12-07.08.15:286][  0]Cmd: MAP CHECKDEP NOCLEARLOG
[2016.01.12-07.08.15:349][  0]MapCheck: 정보 맵 체크 완료: 오류 0 회, 경고 0 회, 소요 시간 63.027ms.
[2016.01.12-07.08.15:349][  0]LogFileHelpers: Loading map 'Minimal_Default' took 1.195
[2016.01.12-07.08.15:466][  0]LogCollectionManager: Loaded 0 collections in 0.002452 seconds
[2016.01.12-07.08.15:508][  0]LogFileCache: Scanning file cache for directory 'F:/실무/Herose-defend/Hero 4.10/Saved/Collections/' took 0.01s
[2016.01.12-07.08.15:508][  0]LogFileCache: Scanning file cache for directory 'F:/실무/Herose-defend/Hero 4.10/Content/Developers/SGH/Collections/' took 0.01s
[2016.01.12-07.08.15:508][  0]LogFileCache: Scanning file cache for directory 'F:/실무/Herose-defend/Hero 4.10/Content/Collections/' took 0.01s
[2016.01.12-07.08.15:508][  0]LogCollectionManager: Rebuilt the GUID cache for 0 collections in 0.000002 seconds
[2016.01.12-07.08.15:516][  0]LogContentBrowser: Native class hierarchy populated in 0.0078 seconds. Added 1893 classes and 338 folders.
[2016.01.12-07.08.15:530][  0]LogContentBrowser: Native class hierarchy updated for 'WidgetCarousel' in 0.0004 seconds. Added 0 classes and 0 folders.
[2016.01.12-07.08.15:589][  0]LogContentBrowser: Native class hierarchy updated for 'AddContentDialog' in 0.0004 seconds. Added 0 classes and 0 folders.
[2016.01.12-07.08.15:596][  0]LogContentBrowser: Native class hierarchy updated for 'SceneOutliner' in 0.0004 seconds. Added 1 classes and 2 folders.
[2016.01.12-07.08.15:621][  0]LogCrashTracker: Crashtracker disabled due to settings.
[2016.01.12-07.08.15:626][  0]LogUObjectGlobals:Warning: 'Class 없음.' 오브젝트를 찾는 데 실패했습니다.
[2016.01.12-07.08.15:647][  0]LogLoad: Full Startup: 7.50 seconds (BP compile: 0.05 seconds)
[2016.01.12-07.08.15:660][  0]LogOcInput: Can't find Oculus library dev build: is proper Runtime installed? Version: 0.8.0.0
[2016.01.12-07.08.15:704][  0]LogContentStreaming: Texture pool size now 1000 MB
[2016.01.12-07.08.15:865][  0]LogRenderer: Reallocating scene render targets to support 1156x600 (Frame:2).
[2016.01.12-07.08.16:807][  4]LogAssetRegistry: Asset discovery search completed in 4.0286 seconds
[2016.01.12-07.08.16:807][  4]LogCollectionManager: Rebuilt the object cache for 0 collections in 0.000002 seconds (found 0 objects)
[2016.01.12-07.08.16:807][  4]LogCollectionManager: Fixed up redirectors for 0 collections in 0.000023 seconds (updated 0 objects)
[2016.01.12-07.08.26:720][167]LogEditorViewport: Clicking on Actor (LMB): BP_Sky_Sphere_C (BP_Sky_Sphere)
[2016.01.12-07.08.28:648][327]LogEditorViewport: Clicking on Actor (LMB): StaticMeshActor (Floor)
[2016.01.12-07.08.29:659][420]Cmd: DELETE
[2016.01.12-07.08.29:659][420]Cmd: ACTOR DELETE
[2016.01.12-07.08.29:697][420]LogEditorActor: Deleted Actor: StaticMeshActor
[2016.01.12-07.08.29:734][420]LogEditorActor: Deleted 1 Actors (0.040 secs)
[2016.01.12-07.08.30:232][477]LogEditorViewport: Clicking on Actor (LMB): StaticMeshActor (Floor)
[2016.01.12-07.08.30:431][494]Cmd: DELETE
[2016.01.12-07.08.30:431][494]Cmd: ACTOR DELETE
[2016.01.12-07.08.30:432][494]LogEditorActor: Deleted Actor: StaticMeshActor
[2016.01.12-07.08.30:444][494]LogEditorActor: Deleted 1 Actors (0.013 secs)
[2016.01.12-07.08.33:073][804]LogEditorViewport: Clicking on Actor (LMB): StaticMeshActor (Chair)
[2016.01.12-07.08.33:653][864]LogEditorViewport: Clicking on Actor (LMB): StaticMeshActor (Table)
[2016.01.12-07.08.34:123][910]Cmd: DELETE
[2016.01.12-07.08.34:123][910]Cmd: ACTOR DELETE
[2016.01.12-07.08.34:124][910]LogEditorActor: Deleted Actor: StaticMeshActor
[2016.01.12-07.08.34:137][910]LogEditorActor: Deleted 1 Actors (0.014 secs)
[2016.01.12-07.08.34:528][955]LogEditorViewport: Clicking on Actor (LMB): StaticMeshActor (Chair)
[2016.01.12-07.08.34:652][964]Cmd: DELETE
[2016.01.12-07.08.34:652][964]Cmd: ACTOR DELETE
[2016.01.12-07.08.34:653][964]LogEditorActor: Deleted Actor: StaticMeshActor
[2016.01.12-07.08.34:665][964]LogEditorActor: Deleted 1 Actors (0.012 secs)
[2016.01.12-07.08.35:171][ 24]LogEditorViewport: Clicking on Actor (LMB): StaticMeshActor (Chair)
[2016.01.12-07.08.35:374][ 41]Cmd: DELETE
[2016.01.12-07.08.35:374][ 41]Cmd: ACTOR DELETE
[2016.01.12-07.08.35:375][ 41]LogEditorActor: Deleted Actor: StaticMeshActor
[2016.01.12-07.08.35:387][ 41]LogEditorActor: Deleted 1 Actors (0.013 secs)
[2016.01.12-07.08.38:573][362]LogEditorViewport: Clicking on Actor (LMB): StaticMeshActor (Statue)
[2016.01.12-07.08.40:724][557]Cmd: DELETE
[2016.01.12-07.08.40:724][557]Cmd: ACTOR DELETE
[2016.01.12-07.08.40:724][557]LogEditorActor: Deleted Actor: StaticMeshActor
[2016.01.12-07.08.40:737][557]LogEditorActor: Deleted 1 Actors (0.013 secs)
[2016.01.12-07.08.43:870][879]LogTexture:Display: 텍스처 빌드중: Texture2D_2 (G8)
[2016.01.12-07.08.55:640][198]LogMaterial: Missing cached shader map for material Ground_GrassThickGreen, compiling. 
[2016.01.12-07.09.08:546][333]LogMaterial:Warning: Material /Game/GTFreeMaterials/Materials/Ground_GrassThickGreen.Ground_GrassThickGreen needed to have new flag set bUsedWithLandscape !
[2016.01.12-07.09.08:549][333]LogMaterial: Missing cached shader map for material Ground_GrassThickGreen, compiling. 
[2016.01.12-07.09.08:568][333]LogMaterial: 0.000141 seconds spent updating 1 materials, 1 interfaces, 0 instances, 0 with static permutations.
[2016.01.12-07.09.08:569][333]LogMaterial: 0.000059 seconds spent updating 1 materials, 1 interfaces, 1 instances, 0 with static permutations.
[2016.01.12-07.09.08:569][333]LogMaterial: 0.000033 seconds spent updating 1 materials, 1 interfaces, 1 instances, 0 with static permutations.
[2016.01.12-07.09.08:569][333]LogMaterial: 0.000053 seconds spent updating 1 materials, 1 interfaces, 1 instances, 0 with static permutations.
[2016.01.12-07.09.08:570][333]LogMaterial: 0.000044 seconds spent updating 1 materials, 1 interfaces, 1 instances, 0 with static permutations.
[2016.01.12-07.09.08:570][333]LogMaterial: 0.000042 seconds spent updating 1 materials, 1 interfaces, 1 instances, 0 with static permutations.
[2016.01.12-07.09.08:570][333]LogMaterial: 0.000081 seconds spent updating 1 materials, 1 interfaces, 1 instances, 0 with static permutations.
[2016.01.12-07.09.08:571][333]LogMaterial: 0.000041 seconds spent updating 1 materials, 1 interfaces, 1 instances, 0 with static permutations.
[2016.01.12-07.09.08:571][333]LogMaterial: 0.000030 seconds spent updating 1 materials, 1 interfaces, 1 instances, 0 with static permutations.
[2016.01.12-07.09.08:572][333]LogMaterial: 0.000023 seconds spent updating 1 materials, 1 interfaces, 1 instances, 0 with static permutations.
[2016.01.12-07.09.08:572][333]LogMaterial: 0.000032 seconds spent updating 1 materials, 1 interfaces, 1 instances, 0 with static permutations.
[2016.01.12-07.09.08:572][333]LogMaterial: 0.000029 seconds spent updating 1 materials, 1 interfaces, 1 instances, 0 with static permutations.
[2016.01.12-07.09.08:573][333]LogMaterial: 0.000053 seconds spent updating 1 materials, 1 interfaces, 1 instances, 0 with static permutations.
[2016.01.12-07.09.08:573][333]LogMaterial: 0.000033 seconds spent updating 1 materials, 1 interfaces, 1 instances, 0 with static permutations.
[2016.01.12-07.09.08:573][333]LogMaterial: 0.000039 seconds spent updating 1 materials, 1 interfaces, 1 instances, 0 with static permutations.
[2016.01.12-07.09.08:574][333]LogMaterial: 0.000123 seconds spent updating 1 materials, 1 interfaces, 1 instances, 0 with static permutations.
[2016.01.12-07.09.08:574][333]LogMaterial: 0.000030 seconds spent updating 1 materials, 1 interfaces, 1 instances, 0 with static permutations.
[2016.01.12-07.09.08:574][333]LogMaterial: 0.000055 seconds spent updating 1 materials, 1 interfaces, 1 instances, 0 with static permutations.
[2016.01.12-07.09.08:574][333]LogMaterial: 0.000031 seconds spent updating 1 materials, 1 interfaces, 1 instances, 0 with static permutations.
[2016.01.12-07.09.08:575][333]LogMaterial: 0.000032 seconds spent updating 1 materials, 1 interfaces, 1 instances, 0 with static permutations.
[2016.01.12-07.09.08:575][333]LogMaterial: 0.000029 seconds spent updating 1 materials, 1 interfaces, 1 instances, 0 with static permutations.
[2016.01.12-07.09.08:575][333]LogMaterial: 0.000029 seconds spent updating 1 materials, 1 interfaces, 1 instances, 0 with static permutations.
[2016.01.12-07.09.08:576][333]LogMaterial: 0.000037 seconds spent updating 1 materials, 1 interfaces, 1 instances, 0 with static permutations.
[2016.01.12-07.09.08:576][333]LogMaterial: 0.000053 seconds spent updating 1 materials, 1 interfaces, 1 instances, 0 with static permutations.
[2016.01.12-07.09.08:576][333]LogMaterial: 0.000031 seconds spent updating 1 materials, 1 interfaces, 1 instances, 0 with static permutations.
[2016.01.12-07.09.08:577][333]LogMaterial: 0.000062 seconds spent updating 1 materials, 1 interfaces, 1 instances, 0 with static permutations.
[2016.01.12-07.09.08:577][333]LogMaterial: 0.000025 seconds spent updating 1 materials, 1 interfaces, 1 instances, 0 with static permutations.
[2016.01.12-07.09.08:577][333]LogMaterial: 0.000035 seconds spent updating 1 materials, 1 interfaces, 1 instances, 0 with static permutations.
[2016.01.12-07.09.08:577][333]LogMaterial: 0.000036 seconds spent updating 1 materials, 1 interfaces, 1 instances, 0 with static permutations.
[2016.01.12-07.09.08:578][333]LogMaterial: 0.000029 seconds spent updating 1 materials, 1 interfaces, 1 instances, 0 with static permutations.
[2016.01.12-07.09.08:578][333]LogMaterial: 0.000029 seconds spent updating 1 materials, 1 interfaces, 1 instances, 0 with static permutations.
[2016.01.12-07.09.08:578][333]LogMaterial: 0.000030 seconds spent updating 1 materials, 1 interfaces, 1 instances, 0 with static permutations.
[2016.01.12-07.09.08:578][333]LogMaterial: 0.000031 seconds spent updating 1 materials, 1 interfaces, 1 instances, 0 with static permutations.
[2016.01.12-07.09.08:579][333]LogMaterial: 0.000031 seconds spent updating 1 materials, 1 interfaces, 1 instances, 0 with static permutations.
[2016.01.12-07.09.08:579][333]LogMaterial: 0.000042 seconds spent updating 1 materials, 1 interfaces, 1 instances, 0 with static permutations.
[2016.01.12-07.09.08:579][333]LogMaterial: 0.000030 seconds spent updating 1 materials, 1 interfaces, 1 instances, 0 with static permutations.
[2016.01.12-07.09.08:580][333]LogMaterial: 0.000230 seconds spent updating 1 materials, 1 interfaces, 1 instances, 0 with static permutations.
[2016.01.12-07.09.08:581][333]LogMaterial: 0.000229 seconds spent updating 1 materials, 1 interfaces, 1 instances, 0 with static permutations.
[2016.01.12-07.09.08:581][333]LogMaterial: 0.000053 seconds spent updating 1 materials, 1 interfaces, 1 instances, 0 with static permutations.
[2016.01.12-07.09.08:581][333]LogMaterial: 0.000041 seconds spent updating 1 materials, 1 interfaces, 1 instances, 0 with static permutations.
[2016.01.12-07.09.08:582][333]LogMaterial: 0.000079 seconds spent updating 1 materials, 1 interfaces, 1 instances, 0 with static permutations.
[2016.01.12-07.09.08:582][333]LogMaterial: 0.000078 seconds spent updating 1 materials, 1 interfaces, 1 instances, 0 with static permutations.
[2016.01.12-07.09.08:583][333]LogMaterial: 0.000628 seconds spent updating 1 materials, 1 interfaces, 1 instances, 0 with static permutations.
[2016.01.12-07.09.08:584][333]LogMaterial: 0.000057 seconds spent updating 1 materials, 1 interfaces, 1 instances, 0 with static permutations.
[2016.01.12-07.09.08:584][333]LogMaterial: 0.000046 seconds spent updating 1 materials, 1 interfaces, 1 instances, 0 with static permutations.
[2016.01.12-07.09.08:584][333]LogMaterial: 0.000046 seconds spent updating 1 materials, 1 interfaces, 1 instances, 0 with static permutations.
[2016.01.12-07.09.08:585][333]LogMaterial: 0.000069 seconds spent updating 1 materials, 1 interfaces, 1 instances, 0 with static permutations.
[2016.01.12-07.09.08:585][333]LogMaterial: 0.000181 seconds spent updating 1 materials, 1 interfaces, 1 instances, 0 with static permutations.
[2016.01.12-07.09.08:585][333]LogMaterial: 0.000048 seconds spent updating 1 materials, 1 interfaces, 1 instances, 0 with static permutations.
[2016.01.12-07.09.08:586][333]LogMaterial: 0.000150 seconds spent updating 1 materials, 1 interfaces, 1 instances, 0 with static permutations.
[2016.01.12-07.09.08:586][333]LogMaterial: 0.000167 seconds spent updating 1 materials, 1 interfaces, 1 instances, 0 with static permutations.
[2016.01.12-07.09.08:588][333]LogMaterial: 0.001017 seconds spent updating 1 materials, 1 interfaces, 1 instances, 0 with static permutations.
[2016.01.12-07.09.08:588][333]LogMaterial: 0.000045 seconds spent updating 1 materials, 1 interfaces, 1 instances, 0 with static permutations.
[2016.01.12-07.09.08:588][333]LogMaterial: 0.000047 seconds spent updating 1 materials, 1 interfaces, 1 instances, 0 with static permutations.
[2016.01.12-07.09.08:589][333]LogMaterial: 0.000103 seconds spent updating 1 materials, 1 interfaces, 1 instances, 0 with static permutations.
[2016.01.12-07.09.08:589][333]LogMaterial: 0.000418 seconds spent updating 1 materials, 1 interfaces, 1 instances, 0 with static permutations.
[2016.01.12-07.09.08:590][333]LogMaterial: 0.000038 seconds spent updating 1 materials, 1 interfaces, 1 instances, 0 with static permutations.
[2016.01.12-07.09.08:640][333]LogMaterial: 0.000303 seconds spent updating 1 materials, 1 interfaces, 1 instances, 0 with static permutations.
[2016.01.12-07.09.08:641][333]LogMaterial: 0.000035 seconds spent updating 1 materials, 1 interfaces, 1 instances, 0 with static permutations.
[2016.01.12-07.09.08:641][333]LogMaterial: 0.000033 seconds spent updating 1 materials, 1 interfaces, 1 instances, 0 with static permutations.
[2016.01.12-07.09.08:641][333]LogMaterial: 0.000037 seconds spent updating 1 materials, 1 interfaces, 1 instances, 0 with static permutations.
[2016.01.12-07.09.08:642][333]LogMaterial: 0.000054 seconds spent updating 1 materials, 1 interfaces, 1 instances, 0 with static permutations.
[2016.01.12-07.09.08:642][333]LogMaterial: 0.000038 seconds spent updating 1 materials, 1 interfaces, 1 instances, 0 with static permutations.
[2016.01.12-07.09.08:643][333]LogMaterial: 0.000038 seconds spent updating 1 materials, 1 interfaces, 1 instances, 0 with static permutations.
[2016.01.12-07.09.08:643][333]LogMaterial: 0.000040 seconds spent updating 1 materials, 1 interfaces, 1 instances, 0 with static permutations.
[2016.01.12-07.09.08:695][333]LogTexture:Display: 텍스처 빌드중: Texture2D_3 (BGRA8)
[2016.01.12-07.09.08:797][334]Cmd: UpdateLandscapeEditorData
[2016.01.12-07.09.33:760][349]LogRenderer: Reallocating scene render targets to support 1244x600 (Frame:6834).
[2016.01.12-07.09.35:797][570]LogRenderer: Reallocating scene render targets to support 1244x776 (Frame:6982).
[2016.01.12-07.09.38:163][806]LogRenderer: Reallocating scene render targets to support 1356x776 (Frame:7130).
[2016.01.12-07.09.58:168][477]LogRenderer: Reallocating scene render targets to support 1356x960 (Frame:8250).
[2016.01.12-07.14.55:290][255]LogSavePackage: Save=212.945694ms
[2016.01.12-07.14.55:290][255]LogSavePackage: Moving '../../../../../실무/Herose-defend/Hero 4.10/Saved/Minimal_Default46AAA10A4652D2F50399CBABF6CE8667.tmp' to '../../../../../실무/Herose-defend/Hero 4.10/Content/StarterContent/Maps/Minimal_Default.umap'
[2016.01.12-07.14.55:292][255]LogSavePackage: Total save time: 258.657187ms
[2016.01.12-07.14.55:292][255]LogSavePackage:Display: Finished SavePackage ../../../../../실무/Herose-defend/Hero 4.10/Content/StarterContent/Maps/Minimal_Default.umap
[2016.01.12-07.21.24:559][491]LogLinker:Warning: Asset '../../../Engine/Content/ArtTools/RenderToTexture/Macros/RenderToTextureMacros.uasset' has been saved with empty engine version. The asset will be loaded but may be incompatible.
[2016.01.12-07.21.25:356][491]LogContentBrowser: Native class hierarchy updated for 'BlueprintGraph' in 0.0008 seconds. Added 107 classes and 0 folders.
[2016.01.12-07.22.13:401][428]BlueprintLog: New page: Building 컴파일
[2016.01.12-07.22.13:482][428]BlueprintEditorCompileResults: 정보 [0845.31] Building 컴파일에 성공했습니다! [소요시간 80 ms]
[2016.01.12-07.23.24:085][714]BlueprintLog: New page: Building 컴파일
[2016.01.12-07.23.24:151][714]BlueprintEditorCompileResults: 정보 [0915.98] Building 컴파일에 성공했습니다! [소요시간 65 ms]
[2016.01.12-07.23.47:399][304]LogMetaData: Removing '/Game/SGH/Building/Building.Building:UserConstructionScript.K2Node_FunctionEntry_0' ref from Metadata '/Game/SGH/Building.PackageMetaData'
[2016.01.12-07.23.47:399][304]LogMetaData: Removing '/Game/SGH/Building/Building.SKEL_Building_C' ref from Metadata '/Game/SGH/Building.PackageMetaData'
[2016.01.12-07.23.47:399][304]LogMetaData: Removing '/Game/SGH/Building/Building.Building_C' ref from Metadata '/Game/SGH/Building.PackageMetaData'
[2016.01.12-07.23.47:399][304]LogMetaData: Removing '/Game/SGH/Building/Building.Building:EventGraph.K2Node_Event_0' ref from Metadata '/Game/SGH/Building.PackageMetaData'
[2016.01.12-07.23.47:399][304]LogMetaData: Removing '/Game/SGH/Building/Building.Building:EventGraph.K2Node_Event_1' ref from Metadata '/Game/SGH/Building.PackageMetaData'
[2016.01.12-07.23.47:399][304]LogMetaData: Removing '/Game/SGH/Building/Building.Building:EventGraph.K2Node_Event_2' ref from Metadata '/Game/SGH/Building.PackageMetaData'
[2016.01.12-07.23.47:443][304]Cmd: OBJ SAVEPACKAGE PACKAGE="/Game/SGH/Building/Building" FILE="../../../../../실무/Herose-defend/Hero 4.10/Content/SGH/Building/Building.uasset" SILENT=true
[2016.01.12-07.23.47:457][304]LogSavePackage: Save=12.734769ms
[2016.01.12-07.23.47:457][304]LogSavePackage: Moving '../../../../../실무/Herose-defend/Hero 4.10/Saved/Building253D0A3D4081335D8591D389F856BD43.tmp' to '../../../../../실무/Herose-defend/Hero 4.10/Content/SGH/Building/Building.uasset'
[2016.01.12-07.23.47:459][304]LogSavePackage: Total save time: 15.394427ms
[2016.01.12-07.23.47:459][304]LogSavePackage:Display: Finished SavePackage ../../../../../실무/Herose-defend/Hero 4.10/Content/SGH/Building/Building.uasset
[2016.01.12-07.23.47:588][304]LogParticles: Destroying 0 GPU particle simulations for FXSystem 0x00000000369D6B60
[2016.01.12-07.26.44:379][442]LogMetaData: Removing '/Game/SGH/Building/TownHall.TownHall:UserConstructionScript.K2Node_FunctionEntry_4' ref from Metadata '/Game/SGH/Building/NewBlueprint.PackageMetaData'
[2016.01.12-07.26.44:379][442]LogMetaData: Removing '/Game/SGH/Building/TownHall.SKEL_TownHall_C' ref from Metadata '/Game/SGH/Building/NewBlueprint.PackageMetaData'
[2016.01.12-07.26.44:379][442]LogMetaData: Removing '/Game/SGH/Building/TownHall.TownHall_C' ref from Metadata '/Game/SGH/Building/NewBlueprint.PackageMetaData'
[2016.01.12-07.26.44:379][442]LogMetaData: Removing '/Game/SGH/Building/TownHall.TownHall:EventGraph.K2Node_Event_125' ref from Metadata '/Game/SGH/Building/NewBlueprint.PackageMetaData'
[2016.01.12-07.26.44:379][442]LogMetaData: Removing '/Game/SGH/Building/TownHall.TownHall:EventGraph.K2Node_Event_126' ref from Metadata '/Game/SGH/Building/NewBlueprint.PackageMetaData'
[2016.01.12-07.26.44:379][442]LogMetaData: Removing '/Game/SGH/Building/TownHall.TownHall:EventGraph.K2Node_Event_127' ref from Metadata '/Game/SGH/Building/NewBlueprint.PackageMetaData'
[2016.01.12-07.26.44:414][442]Cmd: OBJ SAVEPACKAGE PACKAGE="/Game/SGH/Building/TownHall" FILE="../../../../../실무/Herose-defend/Hero 4.10/Content/SGH/Building/TownHall.uasset" SILENT=true
[2016.01.12-07.26.44:429][442]LogSavePackage: Save=13.284615ms
[2016.01.12-07.26.44:429][442]LogSavePackage: Moving '../../../../../실무/Herose-defend/Hero 4.10/Saved/TownHallF69951284CB57C06AC41158066B5598B.tmp' to '../../../../../실무/Herose-defend/Hero 4.10/Content/SGH/Building/TownHall.uasset'
[2016.01.12-07.26.44:431][442]LogSavePackage: Total save time: 16.082976ms
[2016.01.12-07.26.44:431][442]LogSavePackage:Display: Finished SavePackage ../../../../../실무/Herose-defend/Hero 4.10/Content/SGH/Building/TownHall.uasset
[2016.01.12-07.27.32:910][352]LogFileHelpers: Editor autosave (incl. sublevels) for '/Game/StarterContent/Maps/Minimal_Default' took 0.025
[2016.01.12-07.27.32:916][352]OBJ SavePackage: Generating thumbnails for [1] asset(s) in package [/Game/GTFreeMaterials/Materials/Ground_GrassThickGreen] ([1] browsable assets)...
[2016.01.12-07.27.32:934][352]OBJ SavePackage:     Rendered thumbnail for [Material /Game/GTFreeMaterials/Materials/Ground_GrassThickGreen.Ground_GrassThickGreen]
[2016.01.12-07.27.32:934][352]OBJ SavePackage: Finished generating thumbnails for package [/Game/GTFreeMaterials/Materials/Ground_GrassThickGreen]
[2016.01.12-07.27.32:958][352]LogSavePackage: Save=20.443180ms
[2016.01.12-07.27.32:958][352]LogSavePackage: Moving '../../../../../실무/Herose-defend/Hero 4.10/Saved/Ground_GrassThickGreen_Auto1A782C5F64294F99149B93B940F19F2C1.tmp' to '../../../../../실무/Herose-defend/Hero 4.10/Saved/Autosaves/Game/GTFreeMaterials/Materials/Ground_GrassThickGreen_Auto1.uasset'
[2016.01.12-07.27.32:960][352]LogSavePackage: Total save time: 23.921698ms
[2016.01.12-07.27.32:960][352]LogSavePackage:Display: Finished SavePackage ../../../../../실무/Herose-defend/Hero 4.10/Saved/Autosaves/Game/GTFreeMaterials/Materials/Ground_GrassThickGreen_Auto1.uasset
[2016.01.12-07.27.32:964][352]Cmd: OBJ SAVEPACKAGE PACKAGE="/Game/SGH/Building" FILE="../../../../../실무/Herose-defend/Hero 4.10/Saved/Autosaves/Game/SGH/Building_Auto1.uasset" SILENT=false AUTOSAVING=true
[2016.01.12-07.27.32:967][352]LogSavePackage: Save=1.501190ms
[2016.01.12-07.27.32:967][352]LogSavePackage: Moving '../../../../../실무/Herose-defend/Hero 4.10/Saved/Building_Auto1C37C3CE64D7E23A9D3A11CBF07EA0B05.tmp' to '../../../../../실무/Herose-defend/Hero 4.10/Saved/Autosaves/Game/SGH/Building_Auto1.uasset'
[2016.01.12-07.27.32:968][352]LogSavePackage: Total save time: 2.904106ms
[2016.01.12-07.27.32:968][352]LogSavePackage:Display: Finished SavePackage ../../../../../실무/Herose-defend/Hero 4.10/Saved/Autosaves/Game/SGH/Building_Auto1.uasset
[2016.01.12-07.27.32:972][352]Cmd: OBJ SAVEPACKAGE PACKAGE="/Game/SGH/Building/NewBlueprint" FILE="../../../../../실무/Herose-defend/Hero 4.10/Saved/Autosaves/Game/SGH/Building/NewBlueprint_Auto1.uasset" SILENT=false AUTOSAVING=true
[2016.01.12-07.27.32:976][352]LogSavePackage: Save=1.432770ms
[2016.01.12-07.27.32:976][352]LogSavePackage: Moving '../../../../../실무/Herose-defend/Hero 4.10/Saved/NewBlueprint_Auto1918CA1C242B15FAB034A8EACA4B4EC25.tmp' to '../../../../../실무/Herose-defend/Hero 4.10/Saved/Autosaves/Game/SGH/Building/NewBlueprint_Auto1.uasset'
[2016.01.12-07.27.32:977][352]LogSavePackage: Total save time: 2.866164ms
[2016.01.12-07.27.32:977][352]LogSavePackage:Display: Finished SavePackage ../../../../../실무/Herose-defend/Hero 4.10/Saved/Autosaves/Game/SGH/Building/NewBlueprint_Auto1.uasset
[2016.01.12-07.27.32:977][352]LogFileHelpers: Auto-saving content packages took 0.066
[2016.01.12-07.30.04:969][806]LogEditorViewport: Clicking on Actor (LMB): Landscape (Landscape)
[2016.01.12-07.30.06:121][901]LogEditorViewport: Clicking on Actor (LMB): BP_Sky_Sphere_C (BP_Sky_Sphere)
[2016.01.12-07.30.10:394][240]LogSavePackage: Save=169.783127ms
[2016.01.12-07.30.10:394][240]LogSavePackage: Moving '../../../../../실무/Herose-defend/Hero 4.10/Saved/Minimal_DefaultF24C4CAF46255C699FBD8CAB1570DE0B.tmp' to '../../../../../실무/Herose-defend/Hero 4.10/Content/StarterContent/Maps/Minimal_Default.umap'
[2016.01.12-07.30.10:397][240]LogSavePackage: Total save time: 177.518599ms
[2016.01.12-07.30.10:397][240]LogSavePackage:Display: Finished SavePackage ../../../../../실무/Herose-defend/Hero 4.10/Content/StarterContent/Maps/Minimal_Default.umap
[2016.01.12-07.30.37:134][108]LogTexture:Display: 텍스처 빌드중: Town_Hall_texture (AutoDXT)
[2016.01.12-07.30.41:755][108]LogTexture:Display: 텍스처 빌드중: Town_Hall_normal (BC5)
[2016.01.12-07.30.42:391][108]LogMaterial: Missing cached shader map for material TownHall, compiling. 
[2016.01.12-07.30.42:397][108]LogStaticMesh: Town_Hall 스태틱 메시 빌드중...
[2016.01.12-07.30.42:553][108]LogStaticMesh: Built static mesh [0.156458.2s] /Game/HandPaintedEnvironment/Assets/Models/Town_Hall.Town_Hall
[2016.01.12-07.31.08:599][629]BlueprintLog: New page: TownHall 컴파일
[2016.01.12-07.31.08:669][629]BlueprintEditorCompileResults: 정보 [1380.48] TownHall 컴파일에 성공했습니다! [소요시간 69 ms]
[2016.01.12-07.32.54:008][999]BlueprintLog: New page: TownHall 컴파일
[2016.01.12-07.32.54:078][999]BlueprintEditorCompileResults: 정보 [1485.89] TownHall 컴파일에 성공했습니다! [소요시간 70 ms]
[2016.01.12-07.33.03:757][767]BlueprintLog: New page: TownHall 컴파일
[2016.01.12-07.33.03:824][767]BlueprintEditorCompileResults: 정보 [1495.63] TownHall 컴파일에 성공했습니다! [소요시간 66 ms]
[2016.01.12-07.40.29:995][120]LogMetaData: Removing '/Game/SGH/Building/SmallHouse.SmallHouse:UserConstructionScript.K2Node_FunctionEntry_12' ref from Metadata '/Game/SGH/Building/Building_Child.PackageMetaData'
[2016.01.12-07.40.29:995][120]LogMetaData: Removing '/Game/SGH/Building/SmallHouse.SKEL_SmallHouse_C' ref from Metadata '/Game/SGH/Building/Building_Child.PackageMetaData'
[2016.01.12-07.40.29:995][120]LogMetaData: Removing '/Game/SGH/Building/SmallHouse.SmallHouse_C' ref from Metadata '/Game/SGH/Building/Building_Child.PackageMetaData'
[2016.01.12-07.40.29:995][120]LogMetaData: Removing '/Game/SGH/Building/SmallHouse.SmallHouse:EventGraph.K2Node_Event_128' ref from Metadata '/Game/SGH/Building/Building_Child.PackageMetaData'
[2016.01.12-07.40.29:995][120]LogMetaData: Removing '/Game/SGH/Building/SmallHouse.SmallHouse:EventGraph.K2Node_Event_129' ref from Metadata '/Game/SGH/Building/Building_Child.PackageMetaData'
[2016.01.12-07.40.29:995][120]LogMetaData: Removing '/Game/SGH/Building/SmallHouse.SmallHouse:EventGraph.K2Node_Event_130' ref from Metadata '/Game/SGH/Building/Building_Child.PackageMetaData'
[2016.01.12-07.40.30:021][120]Cmd: OBJ SAVEPACKAGE PACKAGE="/Game/SGH/Building/SmallHouse" FILE="../../../../../실무/Herose-defend/Hero 4.10/Content/SGH/Building/SmallHouse.uasset" SILENT=true
[2016.01.12-07.40.30:036][120]LogSavePackage: Save=13.341527ms
[2016.01.12-07.40.30:036][120]LogSavePackage: Moving '../../../../../실무/Herose-defend/Hero 4.10/Saved/SmallHouse9B020A2A4A9F37491C4BE5A48E331659.tmp' to '../../../../../실무/Herose-defend/Hero 4.10/Content/SGH/Building/SmallHouse.uasset'
[2016.01.12-07.40.30:039][120]LogSavePackage: Total save time: 16.093239ms
[2016.01.12-07.40.30:039][120]LogSavePackage:Display: Finished SavePackage ../../../../../실무/Herose-defend/Hero 4.10/Content/SGH/Building/SmallHouse.uasset
[2016.01.12-07.40.55:408][854]LogTexture:Display: 텍스처 빌드중: Small_house_texture (AutoDXT)
[2016.01.12-07.40.56:533][854]LogTexture:Display: 텍스처 빌드중: Small_house_normal (AutoDXT)
[2016.01.12-07.40.57:383][854]LogStaticMesh: Small_house 스태틱 메시 빌드중...
[2016.01.12-07.40.57:436][854]LogStaticMesh: Built static mesh [0.052743.2s] /Game/HandPaintedEnvironment/Assets/Models/Small_house.Small_house
[2016.01.12-07.40.57:443][854]LogMaterial: Missing cached shader map for material Small_house, compiling. 
[2016.01.12-07.41.05:350][270]BlueprintLog: New page: SmallHouse 컴파일
[2016.01.12-07.41.05:421][270]BlueprintEditorCompileResults: 정보 [1977.22] SmallHouse 컴파일에 성공했습니다! [소요시간 70 ms]
[2016.01.12-07.41.20:113][480]BlueprintLog: New page: SmallHouse 컴파일
[2016.01.12-07.41.20:183][480]BlueprintEditorCompileResults: 정보 [1991.98] SmallHouse 컴파일에 성공했습니다! [소요시간 69 ms]
[2016.01.12-07.41.33:598][618]LogActorComponent: UnregisterComponent: (/Engine/Transient.EditorFloorComp) Not registered. Aborting.
[2016.01.12-07.41.48:823][925]LogBlueprint:Warning: USimpleConstructionScript::FixupRootNodeParentReferences() - Couldn't find inherited parent component 'DefaultSceneRoot' for 'TownHall' in BlueprintGeneratedClass 'REINST_TownHall_C_115' (it may have been removed)
[2016.01.12-07.41.48:825][925]LogBlueprint:Warning: USimpleConstructionScript::FixupRootNodeParentReferences() - Couldn't find inherited parent component 'DefaultSceneRoot' for 'TownHall' in BlueprintGeneratedClass 'TownHall_C' (it may have been removed)
[2016.01.12-07.41.48:850][925]LogBlueprint:Warning: USimpleConstructionScript::FixupRootNodeParentReferences() - Couldn't find inherited parent component 'DefaultSceneRoot' for 'StaticMesh' in BlueprintGeneratedClass 'REINST_SmallHouse_C_119' (it may have been removed)
[2016.01.12-07.41.48:852][925]LogBlueprint:Warning: USimpleConstructionScript::FixupRootNodeParentReferences() - Couldn't find inherited parent component 'DefaultSceneRoot' for 'StaticMesh' in BlueprintGeneratedClass 'SmallHouse_C' (it may have been removed)
[2016.01.12-07.41.49:004][925]LogMetaData: Removing '/Game/SGH/Building/Building_BP.Building_BP_C' ref from Metadata '/Game/SGH/Building/Building.PackageMetaData'
[2016.01.12-07.41.49:004][925]LogMetaData: Removing '/Game/SGH/Building/Building_BP.SKEL_Building_BP_C' ref from Metadata '/Game/SGH/Building/Building.PackageMetaData'
[2016.01.12-07.41.49:004][925]LogMetaData: Removing '/Game/SGH/Building/Building_BP.Building_BP:UserConstructionScript.K2Node_FunctionEntry_0' ref from Metadata '/Game/SGH/Building/Building.PackageMetaData'
[2016.01.12-07.41.49:004][925]LogMetaData: Removing '/Game/SGH/Building/Building_BP.Building_BP:EventGraph.K2Node_Event_0' ref from Metadata '/Game/SGH/Building/Building.PackageMetaData'
[2016.01.12-07.41.49:004][925]LogMetaData: Removing '/Game/SGH/Building/Building_BP.Building_BP:EventGraph.K2Node_Event_1' ref from Metadata '/Game/SGH/Building/Building.PackageMetaData'
[2016.01.12-07.41.49:004][925]LogMetaData: Removing '/Game/SGH/Building/Building_BP.Building_BP:EventGraph.K2Node_Event_2' ref from Metadata '/Game/SGH/Building/Building.PackageMetaData'
[2016.01.12-07.41.49:044][925]Cmd: OBJ SAVEPACKAGE PACKAGE="/Game/SGH/Building/Building_BP" FILE="../../../../../실무/Herose-defend/Hero 4.10/Content/SGH/Building/Building_BP.uasset" SILENT=true
[2016.01.12-07.41.49:058][925]LogSavePackage: Save=12.794169ms
[2016.01.12-07.41.49:058][925]LogSavePackage: Moving '../../../../../실무/Herose-defend/Hero 4.10/Saved/Building_BPFF6857914A4E3D05648C7F95AEEFBCFD.tmp' to '../../../../../실무/Herose-defend/Hero 4.10/Content/SGH/Building/Building_BP.uasset'
[2016.01.12-07.41.49:061][925]LogSavePackage: Total save time: 15.631720ms
[2016.01.12-07.41.49:061][925]LogSavePackage:Display: Finished SavePackage ../../../../../실무/Herose-defend/Hero 4.10/Content/SGH/Building/Building_BP.uasset
[2016.01.12-07.41.49:244][925]Cmd: OBJ SAVEPACKAGE PACKAGE="/Game/SGH/Building/TownHall" FILE="../../../../../실무/Herose-defend/Hero 4.10/Content/SGH/Building/TownHall.uasset" SILENT=true
[2016.01.12-07.41.49:267][925]LogSavePackage: Save=20.253159ms
[2016.01.12-07.41.49:267][925]LogSavePackage: Moving '../../../../../실무/Herose-defend/Hero 4.10/Saved/TownHall9F7418044B357F67A2B0D78AEF786694.tmp' to '../../../../../실무/Herose-defend/Hero 4.10/Content/SGH/Building/TownHall.uasset'
[2016.01.12-07.41.49:270][925]LogSavePackage: Total save time: 25.190882ms
[2016.01.12-07.41.49:270][925]LogSavePackage:Display: Finished SavePackage ../../../../../실무/Herose-defend/Hero 4.10/Content/SGH/Building/TownHall.uasset
[2016.01.12-07.41.49:292][925]Cmd: OBJ SAVEPACKAGE PACKAGE="/Game/SGH/Building/SmallHouse" FILE="../../../../../실무/Herose-defend/Hero 4.10/Content/SGH/Building/SmallHouse.uasset" SILENT=true
[2016.01.12-07.41.49:316][925]LogSavePackage: Save=20.612362ms
[2016.01.12-07.41.49:316][925]LogSavePackage: Moving '../../../../../실무/Herose-defend/Hero 4.10/Saved/SmallHouseBAE2F6D0406E2D6557F2F2B45BA0E7B8.tmp' to '../../../../../실무/Herose-defend/Hero 4.10/Content/SGH/Building/SmallHouse.uasset'
[2016.01.12-07.41.49:319][925]LogSavePackage: Total save time: 25.420710ms
[2016.01.12-07.41.49:319][925]LogSavePackage:Display: Finished SavePackage ../../../../../실무/Herose-defend/Hero 4.10/Content/SGH/Building/SmallHouse.uasset
[2016.01.12-07.41.54:306][330]LogMetaData: Removing '/Game/SGH/Building/SmallHouse_BP.SmallHouse_BP_C' ref from Metadata '/Game/SGH/Building/SmallHouse.PackageMetaData'
[2016.01.12-07.41.54:306][330]LogMetaData: Removing '/Game/SGH/Building/SmallHouse_BP.SKEL_SmallHouse_BP_C' ref from Metadata '/Game/SGH/Building/SmallHouse.PackageMetaData'
[2016.01.12-07.41.54:306][330]LogMetaData: Removing '/Game/SGH/Building/SmallHouse_BP.SmallHouse_BP:UserConstructionScript.K2Node_FunctionEntry_12' ref from Metadata '/Game/SGH/Building/SmallHouse.PackageMetaData'
[2016.01.12-07.41.54:306][330]LogMetaData: Removing '/Game/SGH/Building/SmallHouse_BP.SmallHouse_BP:EventGraph.K2Node_Event_128' ref from Metadata '/Game/SGH/Building/SmallHouse.PackageMetaData'
[2016.01.12-07.41.54:306][330]LogMetaData: Removing '/Game/SGH/Building/SmallHouse_BP.SmallHouse_BP:EventGraph.K2Node_Event_129' ref from Metadata '/Game/SGH/Building/SmallHouse.PackageMetaData'
[2016.01.12-07.41.54:306][330]LogMetaData: Removing '/Game/SGH/Building/SmallHouse_BP.SmallHouse_BP:EventGraph.K2Node_Event_130' ref from Metadata '/Game/SGH/Building/SmallHouse.PackageMetaData'
[2016.01.12-07.41.54:350][330]Cmd: OBJ SAVEPACKAGE PACKAGE="/Game/SGH/Building/SmallHouse_BP" FILE="../../../../../실무/Herose-defend/Hero 4.10/Content/SGH/Building/SmallHouse_BP.uasset" SILENT=true
[2016.01.12-07.41.54:374][330]LogSavePackage: Save=22.156469ms
[2016.01.12-07.41.54:374][330]LogSavePackage: Moving '../../../../../실무/Herose-defend/Hero 4.10/Saved/SmallHouse_BP95EA04244BF837B2B009DABEDD6F6428.tmp' to '../../../../../실무/Herose-defend/Hero 4.10/Content/SGH/Building/SmallHouse_BP.uasset'
[2016.01.12-07.41.54:376][330]LogSavePackage: Total save time: 24.935864ms
[2016.01.12-07.41.54:376][330]LogSavePackage:Display: Finished SavePackage ../../../../../실무/Herose-defend/Hero 4.10/Content/SGH/Building/SmallHouse_BP.uasset
[2016.01.12-07.41.54:519][330]LogParticles: Destroying 0 GPU particle simulations for FXSystem 0x00000000523A4540
[2016.01.12-07.41.54:523][330]LogParticles: Destroying 0 GPU particle simulations for FXSystem 0x000000003EC83D80
[2016.01.12-07.41.59:227][694]LogMetaData: Removing '/Game/SGH/Building/TownHall_BP.TownHall_BP_C' ref from Metadata '/Game/SGH/Building/TownHall.PackageMetaData'
[2016.01.12-07.41.59:227][694]LogMetaData: Removing '/Game/SGH/Building/TownHall_BP.SKEL_TownHall_BP_C' ref from Metadata '/Game/SGH/Building/TownHall.PackageMetaData'
[2016.01.12-07.41.59:227][694]LogMetaData: Removing '/Game/SGH/Building/TownHall_BP.TownHall_BP:UserConstructionScript.K2Node_FunctionEntry_4' ref from Metadata '/Game/SGH/Building/TownHall.PackageMetaData'
[2016.01.12-07.41.59:272][694]Cmd: OBJ SAVEPACKAGE PACKAGE="/Game/SGH/Building/TownHall_BP" FILE="../../../../../실무/Herose-defend/Hero 4.10/Content/SGH/Building/TownHall_BP.uasset" SILENT=true
[2016.01.12-07.41.59:296][694]LogSavePackage: Save=21.743774ms
[2016.01.12-07.41.59:296][694]LogSavePackage: Moving '../../../../../실무/Herose-defend/Hero 4.10/Saved/TownHall_BP7B7C547746F7590E5F6D02B5AE388B16.tmp' to '../../../../../실무/Herose-defend/Hero 4.10/Content/SGH/Building/TownHall_BP.uasset'
[2016.01.12-07.41.59:298][694]LogSavePackage: Total save time: 24.503578ms
[2016.01.12-07.41.59:298][694]LogSavePackage:Display: Finished SavePackage ../../../../../실무/Herose-defend/Hero 4.10/Content/SGH/Building/TownHall_BP.uasset
[2016.01.12-07.42.24:876][372]LogFileHelpers: Editor autosave (incl. sublevels) for '/Game/StarterContent/Maps/Minimal_Default' took 0.023
[2016.01.12-07.42.24:881][372]Cmd: OBJ SAVEPACKAGE PACKAGE="/Game/SGH/Building/Building_Child" FILE="../../../../../실무/Herose-defend/Hero 4.10/Saved/Autosaves/Game/SGH/Building/Building_Child_Auto2.uasset" SILENT=false AUTOSAVING=true
[2016.01.12-07.42.24:884][372]LogSavePackage: Save=1.666330ms
[2016.01.12-07.42.24:884][372]LogSavePackage: Moving '../../../../../실무/Herose-defend/Hero 4.10/Saved/Building_Child_Auto2B6BFBECF4079A47E0DC695B502E595B1.tmp' to '../../../../../실무/Herose-defend/Hero 4.10/Saved/Autosaves/Game/SGH/Building/Building_Child_Auto2.uasset'
[2016.01.12-07.42.24:886][372]LogSavePackage: Total save time: 3.104698ms
[2016.01.12-07.42.24:886][372]LogSavePackage:Display: Finished SavePackage ../../../../../실무/Herose-defend/Hero 4.10/Saved/Autosaves/Game/SGH/Building/Building_Child_Auto2.uasset
[2016.01.12-07.42.24:886][372]LogFileHelpers: Auto-saving content packages took 0.009
[2016.01.12-07.46.07:865][ 50]LogMetaData: Removing '/Game/SGH/Building/Forge_BP.Forge_BP:UserConstructionScript.K2Node_FunctionEntry_23' ref from Metadata '/Game/SGH/Building/Building_BP_Child.PackageMetaData'
[2016.01.12-07.46.07:865][ 50]LogMetaData: Removing '/Game/SGH/Building/Forge_BP.SKEL_Forge_BP_C' ref from Metadata '/Game/SGH/Building/Building_BP_Child.PackageMetaData'
[2016.01.12-07.46.07:865][ 50]LogMetaData: Removing '/Game/SGH/Building/Forge_BP.Forge_BP_C' ref from Metadata '/Game/SGH/Building/Building_BP_Child.PackageMetaData'
[2016.01.12-07.46.07:865][ 50]LogMetaData: Removing '/Game/SGH/Building/Forge_BP.Forge_BP:EventGraph.K2Node_Event_131' ref from Metadata '/Game/SGH/Building/Building_BP_Child.PackageMetaData'
[2016.01.12-07.46.07:865][ 50]LogMetaData: Removing '/Game/SGH/Building/Forge_BP.Forge_BP:EventGraph.K2Node_Event_132' ref from Metadata '/Game/SGH/Building/Building_BP_Child.PackageMetaData'
[2016.01.12-07.46.07:865][ 50]LogMetaData: Removing '/Game/SGH/Building/Forge_BP.Forge_BP:EventGraph.K2Node_Event_133' ref from Metadata '/Game/SGH/Building/Building_BP_Child.PackageMetaData'
[2016.01.12-07.46.07:896][ 50]Cmd: OBJ SAVEPACKAGE PACKAGE="/Game/SGH/Building/Forge_BP" FILE="../../../../../실무/Herose-defend/Hero 4.10/Content/SGH/Building/Forge_BP.uasset" SILENT=true
[2016.01.12-07.46.07:912][ 50]LogSavePackage: Save=14.796378ms
[2016.01.12-07.46.07:912][ 50]LogSavePackage: Moving '../../../../../실무/Herose-defend/Hero 4.10/Saved/Forge_BP29767FDC422F72422B5ABFB01623DAAB.tmp' to '../../../../../실무/Herose-defend/Hero 4.10/Content/SGH/Building/Forge_BP.uasset'
[2016.01.12-07.46.07:915][ 50]LogSavePackage: Total save time: 17.601896ms
[2016.01.12-07.46.07:915][ 50]LogSavePackage:Display: Finished SavePackage ../../../../../실무/Herose-defend/Hero 4.10/Content/SGH/Building/Forge_BP.uasset
[2016.01.12-07.46.48:126][720]LogTexture:Display: 텍스처 빌드중: Forge_normal (BC5)
[2016.01.12-07.46.48:988][720]LogTexture:Display: 텍스처 빌드중: Forge_texture (AutoDXT)
[2016.01.12-07.46.53:428][720]LogMaterial: Missing cached shader map for material Forge, compiling. 
[2016.01.12-07.46.53:439][720]LogStaticMesh: Forge 스태틱 메시 빌드중...
[2016.01.12-07.46.53:590][720]LogStaticMesh: Built static mesh [0.151606.2s] /Game/HandPaintedEnvironment/Assets/Models/Forge.Forge
[2016.01.12-07.47.10:192][807]BlueprintLog: New page: Forge_BP 컴파일
[2016.01.12-07.47.10:263][807]BlueprintEditorCompileResults: 정보 [2342.05] Forge_BP 컴파일에 성공했습니다! [소요시간 71 ms]
[2016.01.12-07.52.25:094][464]LogFileHelpers: Editor autosave (incl. sublevels) for '/Game/StarterContent/Maps/Minimal_Default' took 0.024
[2016.01.12-07.52.25:103][464]LogSavePackage: Save=1.632431ms
[2016.01.12-07.52.25:103][464]LogSavePackage: Moving '../../../../../실무/Herose-defend/Hero 4.10/Saved/Building_BP_Child_Auto3DA0CD05B418495FFCF47EC902A99BBC2.tmp' to '../../../../../실무/Herose-defend/Hero 4.10/Saved/Autosaves/Game/SGH/Building/Building_BP_Child_Auto3.uasset'
[2016.01.12-07.52.25:104][464]LogSavePackage: Total save time: 3.235940ms
[2016.01.12-07.52.25:104][464]LogSavePackage:Display: Finished SavePackage ../../../../../실무/Herose-defend/Hero 4.10/Saved/Autosaves/Game/SGH/Building/Building_BP_Child_Auto3.uasset
[2016.01.12-07.52.25:108][464]OBJ SavePackage: Generating thumbnails for [1] asset(s) in package [/Game/SGH/Building/Forge_BP] ([1] browsable assets)...
[2016.01.12-07.52.25:125][464]OBJ SavePackage:     Rendered thumbnail for [Blueprint /Game/SGH/Building/Forge_BP.Forge_BP]
[2016.01.12-07.52.25:125][464]OBJ SavePackage: Finished generating thumbnails for package [/Game/SGH/Building/Forge_BP]
[2016.01.12-07.52.25:125][464]Cmd: OBJ SAVEPACKAGE PACKAGE="/Game/SGH/Building/Forge_BP" FILE="../../../../../실무/Herose-defend/Hero 4.10/Saved/Autosaves/Game/SGH/Building/Forge_BP_Auto3.uasset" SILENT=false AUTOSAVING=true
[2016.01.12-07.52.25:149][464]LogSavePackage: Save=20.371649ms
[2016.01.12-07.52.25:149][464]LogSavePackage: Moving '../../../../../실무/Herose-defend/Hero 4.10/Saved/Forge_BP_Auto3833B73C3441576FA393B518C1E9C9126.tmp' to '../../../../../실무/Herose-defend/Hero 4.10/Saved/Autosaves/Game/SGH/Building/Forge_BP_Auto3.uasset'
[2016.01.12-07.52.25:150][464]LogSavePackage: Total save time: 23.885310ms
[2016.01.12-07.52.25:150][464]LogSavePackage:Display: Finished SavePackage ../../../../../실무/Herose-defend/Hero 4.10/Saved/Autosaves/Game/SGH/Building/Forge_BP_Auto3.uasset
[2016.01.12-07.52.25:150][464]LogFileHelpers: Auto-saving content packages took 0.055
[2016.01.12-08.01.12:570][746]LogTexture:Display: 텍스처 빌드중: Large_house_texture (AutoDXT)
[2016.01.12-08.01.17:162][746]LogTexture:Display: 텍스처 빌드중: Large_house_normal (BC5)
[2016.01.12-08.01.17:789][746]LogMaterial: Missing cached shader map for material Large_house, compiling. 
[2016.01.12-08.01.17:797][746]LogStaticMesh: Large_house 스태틱 메시 빌드중...
[2016.01.12-08.01.17:961][746]LogStaticMesh: Built static mesh [0.164788.2s] /Game/HandPaintedEnvironment/Assets/Models/Large_house.Large_house
[2016.01.12-08.01.43:448][714]BlueprintLog: New page: LargeHouse_BP 컴파일
[2016.01.12-08.01.43:518][714]BlueprintEditorCompileResults: 정보 [3215.28] LargeHouse_BP 컴파일에 성공했습니다! [소요시간 70 ms]
[2016.01.12-08.01.52:756][266]LogSavePackage: Save=8.530690ms
[2016.01.12-08.01.52:756][266]LogSavePackage: Moving '../../../../../실무/Herose-defend/Hero 4.10/Saved/Ground_GrassThickGreen3BE5EAB04BD1025A63A555B4D5C15FD7.tmp' to '../../../../../실무/Herose-defend/Hero 4.10/Content/GTFreeMaterials/Materials/Ground_GrassThickGreen.uasset'
[2016.01.12-08.01.52:769][266]LogSavePackage: Total save time: 23.377139ms
[2016.01.12-08.01.52:769][266]LogSavePackage:Display: Finished SavePackage ../../../../../실무/Herose-defend/Hero 4.10/Content/GTFreeMaterials/Materials/Ground_GrassThickGreen.uasset
[2016.01.12-08.01.52:783][266]Cmd: OBJ SAVEPACKAGE PACKAGE="/Game/SGH/Building" FILE="../../../../../실무/Herose-defend/Hero 4.10/Content/SGH/Building.uasset" SILENT=true
[2016.01.12-08.01.52:787][266]LogSavePackage: Save=1.518606ms
[2016.01.12-08.01.52:787][266]LogSavePackage: Moving '../../../../../실무/Herose-defend/Hero 4.10/Saved/Building70033F3442D3B1E2F9FB478A8C63F438.tmp' to '../../../../../실무/Herose-defend/Hero 4.10/Content/SGH/Building.uasset'
[2016.01.12-08.01.52:789][266]LogSavePackage: Total save time: 3.984515ms
[2016.01.12-08.01.52:789][26